<?xml version="1.0" encoding="UTF-8"?>
<coverage generated="1754807524727" clover="3.2.0">
  <project timestamp="1754807524727" name="All files">
    <metrics statements="4008" coveredstatements="2878" conditionals="2234" coveredconditionals="1479" methods="682" coveredmethods="485" elements="6924" coveredelements="4842" complexity="0" loc="4008" ncloc="4008" packages="6" files="58" classes="58"/>
    <package name="app">
      <metrics statements="16" coveredstatements="0" conditionals="8" coveredconditionals="0" methods="3" coveredmethods="0"/>
      <file name="+not-found.tsx" path="/Users/rakeenhuq/Downloads/cartographer/app/+not-found.tsx">
        <metrics statements="2" coveredstatements="0" conditionals="0" coveredconditionals="0" methods="1" coveredmethods="0"/>
        <line num="8" count="0" type="stmt"/>
        <line num="21" count="0" type="stmt"/>
      </file>
      <file name="_layout.tsx" path="/Users/rakeenhuq/Downloads/cartographer/app/_layout.tsx">
        <metrics statements="14" coveredstatements="0" conditionals="8" coveredconditionals="0" methods="2" coveredmethods="0"/>
        <line num="12" count="0" type="stmt"/>
        <line num="14" count="0" type="stmt"/>
        <line num="15" count="0" type="stmt"/>
        <line num="17" count="0" type="stmt"/>
        <line num="21" count="0" type="stmt"/>
        <line num="22" count="0" type="cond" truecount="0" falsecount="2"/>
        <line num="23" count="0" type="stmt"/>
        <line num="25" count="0" type="cond" truecount="0" falsecount="2"/>
        <line num="26" count="0" type="stmt"/>
        <line num="31" count="0" type="cond" truecount="0" falsecount="2"/>
        <line num="32" count="0" type="stmt"/>
        <line num="33" count="0" type="stmt"/>
        <line num="36" count="0" type="stmt"/>
        <line num="38" count="0" type="stmt"/>
      </file>
    </package>
    <package name="app.(tabs)">
      <metrics statements="164" coveredstatements="62" conditionals="134" coveredconditionals="81" methods="37" coveredmethods="16"/>
      <file name="_layout.tsx" path="/Users/rakeenhuq/Downloads/cartographer/app/(tabs)/_layout.tsx">
        <metrics statements="9" coveredstatements="0" conditionals="2" coveredconditionals="0" methods="5" coveredmethods="0"/>
        <line num="11" count="0" type="stmt"/>
        <line num="13" count="0" type="stmt"/>
        <line num="14" count="0" type="stmt"/>
        <line num="16" count="0" type="stmt"/>
        <line num="18" count="0" type="stmt"/>
        <line num="37" count="0" type="stmt"/>
        <line num="44" count="0" type="stmt"/>
        <line num="51" count="0" type="stmt"/>
        <line num="58" count="0" type="stmt"/>
      </file>
      <file name="explore.tsx" path="/Users/rakeenhuq/Downloads/cartographer/app/(tabs)/explore.tsx">
        <metrics statements="2" coveredstatements="0" conditionals="0" coveredconditionals="0" methods="1" coveredmethods="0"/>
        <line num="12" count="0" type="stmt"/>
        <line num="99" count="0" type="stmt"/>
      </file>
      <file name="index.tsx" path="/Users/rakeenhuq/Downloads/cartographer/app/(tabs)/index.tsx">
        <metrics statements="3" coveredstatements="0" conditionals="0" coveredconditionals="0" methods="1" coveredmethods="0"/>
        <line num="10" count="0" type="stmt"/>
        <line num="12" count="0" type="stmt"/>
        <line num="60" count="0" type="stmt"/>
      </file>
      <file name="map.tsx" path="/Users/rakeenhuq/Downloads/cartographer/app/(tabs)/map.tsx">
        <metrics statements="85" coveredstatements="0" conditionals="26" coveredconditionals="0" methods="13" coveredmethods="0"/>
        <line num="19" count="0" type="stmt"/>
        <line num="21" count="0" type="stmt"/>
        <line num="22" count="0" type="stmt"/>
        <line num="25" count="0" type="stmt"/>
        <line num="32" count="0" type="stmt"/>
        <line num="36" count="0" type="stmt"/>
        <line num="41" count="0" type="stmt"/>
        <line num="44" count="0" type="stmt"/>
        <line num="45" count="0" type="stmt"/>
        <line num="46" count="0" type="stmt"/>
        <line num="47" count="0" type="stmt"/>
        <line num="48" count="0" type="stmt"/>
        <line num="53" count="0" type="stmt"/>
        <line num="54" count="0" type="stmt"/>
        <line num="55" count="0" type="stmt"/>
        <line num="64" count="0" type="stmt"/>
        <line num="65" count="0" type="stmt"/>
        <line num="71" count="0" type="stmt"/>
        <line num="72" count="0" type="stmt"/>
        <line num="73" count="0" type="cond" truecount="0" falsecount="3"/>
        <line num="81" count="0" type="stmt"/>
        <line num="82" count="0" type="cond" truecount="0" falsecount="2"/>
        <line num="83" count="0" type="stmt"/>
        <line num="84" count="0" type="stmt"/>
        <line num="87" count="0" type="stmt"/>
        <line num="88" count="0" type="stmt"/>
        <line num="89" count="0" type="cond" truecount="0" falsecount="4"/>
        <line num="91" count="0" type="stmt"/>
        <line num="94" count="0" type="stmt"/>
        <line num="95" count="0" type="stmt"/>
        <line num="96" count="0" type="stmt"/>
        <line num="97" count="0" type="stmt"/>
        <line num="99" count="0" type="stmt"/>
        <line num="100" count="0" type="stmt"/>
        <line num="101" count="0" type="stmt"/>
        <line num="104" count="0" type="stmt"/>
        <line num="107" count="0" type="stmt"/>
        <line num="113" count="0" type="stmt"/>
        <line num="114" count="0" type="stmt"/>
        <line num="115" count="0" type="cond" truecount="0" falsecount="2"/>
        <line num="117" count="0" type="cond" truecount="0" falsecount="2"/>
        <line num="118" count="0" type="stmt"/>
        <line num="119" count="0" type="stmt"/>
        <line num="122" count="0" type="stmt"/>
        <line num="128" count="0" type="stmt"/>
        <line num="129" count="0" type="stmt"/>
        <line num="131" count="0" type="stmt"/>
        <line num="132" count="0" type="stmt"/>
        <line num="133" count="0" type="stmt"/>
        <line num="134" count="0" type="stmt"/>
        <line num="135" count="0" type="stmt"/>
        <line num="138" count="0" type="stmt"/>
        <line num="140" count="0" type="stmt"/>
        <line num="144" count="0" type="stmt"/>
        <line num="145" count="0" type="stmt"/>
        <line num="150" count="0" type="stmt"/>
        <line num="151" count="0" type="cond" truecount="0" falsecount="2"/>
        <line num="158" count="0" type="stmt"/>
        <line num="164" count="0" type="stmt"/>
        <line num="165" count="0" type="stmt"/>
        <line num="170" count="0" type="stmt"/>
        <line num="171" count="0" type="stmt"/>
        <line num="173" count="0" type="cond" truecount="0" falsecount="4"/>
        <line num="174" count="0" type="stmt"/>
        <line num="175" count="0" type="stmt"/>
        <line num="178" count="0" type="cond" truecount="0" falsecount="2"/>
        <line num="179" count="0" type="stmt"/>
        <line num="180" count="0" type="stmt"/>
        <line num="183" count="0" type="stmt"/>
        <line num="184" count="0" type="stmt"/>
        <line num="187" count="0" type="stmt"/>
        <line num="188" count="0" type="stmt"/>
        <line num="191" count="0" type="stmt"/>
        <line num="196" count="0" type="stmt"/>
        <line num="197" count="0" type="stmt"/>
        <line num="198" count="0" type="stmt"/>
        <line num="201" count="0" type="stmt"/>
        <line num="202" count="0" type="stmt"/>
        <line num="203" count="0" type="stmt"/>
        <line num="204" count="0" type="stmt"/>
        <line num="207" count="0" type="stmt"/>
        <line num="208" count="0" type="stmt"/>
        <line num="209" count="0" type="stmt"/>
        <line num="212" count="0" type="stmt"/>
        <line num="249" count="0" type="stmt"/>
      </file>
      <file name="statistics.tsx" path="/Users/rakeenhuq/Downloads/cartographer/app/(tabs)/statistics.tsx">
        <metrics statements="65" coveredstatements="62" conditionals="106" coveredconditionals="81" methods="17" coveredmethods="16"/>
        <line num="22" count="2" type="stmt"/>
        <line num="25" count="2" type="stmt"/>
        <line num="26" count="2" type="stmt"/>
        <line num="27" count="2" type="stmt"/>
        <line num="54" count="52" type="stmt"/>
        <line num="56" count="52" type="stmt"/>
        <line num="57" count="52" type="stmt"/>
        <line num="60" count="52" type="cond" truecount="2" falsecount="0"/>
        <line num="61" count="52" type="cond" truecount="2" falsecount="0"/>
        <line num="62" count="52" type="stmt"/>
        <line num="65" count="52" type="stmt"/>
        <line num="66" count="40" type="stmt"/>
        <line num="67" count="40" type="stmt"/>
        <line num="68" count="40" type="stmt"/>
        <line num="69" count="40" type="stmt"/>
        <line num="72" count="0" type="stmt"/>
        <line num="76" count="40" type="stmt"/>
        <line num="78" count="40" type="stmt"/>
        <line num="83" count="40" type="stmt"/>
        <line num="87" count="52" type="stmt"/>
        <line num="88" count="42" type="cond" truecount="3" falsecount="1"/>
        <line num="90" count="42" type="cond" truecount="2" falsecount="0"/>
        <line num="91" count="6" type="stmt"/>
        <line num="104" count="36" type="stmt"/>
        <line num="119" count="52" type="stmt"/>
        <line num="120" count="3" type="stmt"/>
        <line num="123" count="52" type="stmt"/>
        <line num="124" count="0" type="stmt"/>
        <line num="127" count="52" type="stmt"/>
        <line num="128" count="2" type="stmt"/>
        <line num="160" count="52" type="stmt"/>
        <line num="161" count="5" type="stmt"/>
        <line num="209" count="52" type="stmt"/>
        <line num="210" count="5" type="stmt"/>
        <line num="219" count="5" type="stmt"/>
        <line num="227" count="30" type="stmt"/>
        <line num="242" count="52" type="stmt"/>
        <line num="243" count="45" type="cond" truecount="2" falsecount="0"/>
        <line num="246" count="40" type="cond" truecount="2" falsecount="0"/>
        <line num="252" count="40" type="cond" truecount="2" falsecount="0"/>
        <line num="256" count="40" type="cond" truecount="2" falsecount="0"/>
        <line num="260" count="40" type="cond" truecount="2" falsecount="0"/>
        <line num="264" count="40" type="stmt"/>
        <line num="265" count="123" type="cond" truecount="2" falsecount="0"/>
        <line num="266" count="5" type="cond" truecount="1" falsecount="1"/>
        <line num="267" count="0" type="stmt"/>
        <line num="270" count="40" type="stmt"/>
        <line num="271" count="120" type="cond" truecount="1" falsecount="1"/>
        <line num="273" count="120" type="cond" truecount="2" falsecount="0"/>
        <line num="274" count="3" type="stmt"/>
        <line num="277" count="40" type="stmt"/>
        <line num="278" count="40" type="stmt"/>
        <line num="279" count="40" type="stmt"/>
        <line num="280" count="40" type="cond" truecount="2" falsecount="0"/>
        <line num="285" count="40" type="stmt"/>
        <line num="331" count="40" type="stmt"/>
        <line num="338" count="240" type="stmt"/>
        <line num="346" count="52" type="stmt"/>
        <line num="487" count="39" type="stmt"/>
        <line num="488" count="39" type="stmt"/>
        <line num="489" count="39" type="cond" truecount="2" falsecount="0"/>
        <line num="496" count="39" type="stmt"/>
        <line num="497" count="39" type="stmt"/>
        <line num="498" count="39" type="cond" truecount="2" falsecount="0"/>
        <line num="513" count="2" type="stmt"/>
      </file>
    </package>
    <package name="components">
      <metrics statements="317" coveredstatements="278" conditionals="288" coveredconditionals="249" methods="65" coveredmethods="54"/>
      <file name="Collapsible.tsx" path="/Users/rakeenhuq/Downloads/cartographer/components/Collapsible.tsx">
        <metrics statements="5" coveredstatements="5" conditionals="8" coveredconditionals="6" methods="3" coveredmethods="3"/>
        <line num="11" count="4" type="stmt"/>
        <line num="12" count="4" type="cond" truecount="1" falsecount="1"/>
        <line num="14" count="4" type="stmt"/>
        <line num="18" count="2" type="stmt"/>
        <line num="35" count="1" type="stmt"/>
      </file>
      <file name="ExternalLink.tsx" path="/Users/rakeenhuq/Downloads/cartographer/components/ExternalLink.tsx">
        <metrics statements="4" coveredstatements="1" conditionals="2" coveredconditionals="0" methods="2" coveredmethods="1"/>
        <line num="9" count="2" type="stmt"/>
        <line num="15" count="0" type="cond" truecount="0" falsecount="2"/>
        <line num="17" count="0" type="stmt"/>
        <line num="19" count="0" type="stmt"/>
      </file>
      <file name="FogOverlay.tsx" path="/Users/rakeenhuq/Downloads/cartographer/components/FogOverlay.tsx">
        <metrics statements="40" coveredstatements="34" conditionals="37" coveredconditionals="35" methods="2" coveredmethods="2"/>
        <line num="20" count="1" type="stmt"/>
        <line num="28" count="13" type="cond" truecount="2" falsecount="0"/>
        <line num="29" count="1" type="stmt"/>
        <line num="30" count="1" type="stmt"/>
        <line num="33" count="12" type="cond" truecount="2" falsecount="0"/>
        <line num="34" count="1" type="stmt"/>
        <line num="37" count="1" type="stmt"/>
        <line num="40" count="11" type="cond" truecount="4" falsecount="0"/>
        <line num="41" count="1" type="stmt"/>
        <line num="42" count="1" type="stmt"/>
        <line num="45" count="10" type="cond" truecount="2" falsecount="0"/>
        <line num="46" count="1" type="stmt"/>
        <line num="47" count="1" type="stmt"/>
        <line num="51" count="9" type="stmt"/>
        <line num="52" count="9" type="cond" truecount="4" falsecount="0"/>
        <line num="53" count="1" type="stmt"/>
        <line num="54" count="1" type="stmt"/>
        <line num="57" count="8" type="cond" truecount="1" falsecount="1"/>
        <line num="58" count="0" type="stmt"/>
        <line num="59" count="0" type="stmt"/>
        <line num="62" count="8" type="cond" truecount="4" falsecount="0"/>
        <line num="63" count="1" type="stmt"/>
        <line num="66" count="1" type="stmt"/>
        <line num="69" count="7" type="cond" truecount="3" falsecount="1"/>
        <line num="70" count="0" type="stmt"/>
        <line num="71" count="0" type="stmt"/>
        <line num="74" count="7" type="stmt"/>
        <line num="77" count="9" type="cond" truecount="2" falsecount="0"/>
        <line num="78" count="2" type="stmt"/>
        <line num="79" count="2" type="stmt"/>
        <line num="83" count="7" type="cond" truecount="4" falsecount="0"/>
        <line num="84" count="1" type="stmt"/>
        <line num="85" count="1" type="stmt"/>
        <line num="88" count="6" type="cond" truecount="4" falsecount="0"/>
        <line num="89" count="1" type="stmt"/>
        <line num="90" count="1" type="stmt"/>
        <line num="93" count="5" type="stmt"/>
        <line num="94" count="5" type="stmt"/>
        <line num="109" count="0" type="stmt"/>
        <line num="110" count="0" type="stmt"/>
      </file>
      <file name="HapticTab.tsx" path="/Users/rakeenhuq/Downloads/cartographer/components/HapticTab.tsx">
        <metrics statements="4" coveredstatements="3" conditionals="2" coveredconditionals="1" methods="2" coveredmethods="2"/>
        <line num="6" count="2" type="stmt"/>
        <line num="10" count="1" type="cond" truecount="1" falsecount="1"/>
        <line num="12" count="0" type="stmt"/>
        <line num="14" count="1" type="stmt"/>
      </file>
      <file name="HelloWave.tsx" path="/Users/rakeenhuq/Downloads/cartographer/components/HelloWave.tsx">
        <metrics statements="6" coveredstatements="6" conditionals="0" coveredconditionals="0" methods="3" coveredmethods="2"/>
        <line num="14" count="1" type="stmt"/>
        <line num="16" count="1" type="stmt"/>
        <line num="17" count="1" type="stmt"/>
        <line num="23" count="1" type="stmt"/>
        <line num="27" count="1" type="stmt"/>
        <line num="34" count="1" type="stmt"/>
      </file>
      <file name="HierarchicalView.tsx" path="/Users/rakeenhuq/Downloads/cartographer/components/HierarchicalView.tsx">
        <metrics statements="41" coveredstatements="41" conditionals="60" coveredconditionals="56" methods="11" coveredmethods="10"/>
        <line num="40" count="57" type="stmt"/>
        <line num="41" count="57" type="stmt"/>
        <line num="42" count="57" type="stmt"/>
        <line num="45" count="57" type="cond" truecount="1" falsecount="0"/>
        <line num="46" count="66" type="cond" truecount="4" falsecount="0"/>
        <line num="48" count="59" type="stmt"/>
        <line num="50" count="59" type="stmt"/>
        <line num="52" count="173" type="cond" truecount="2" falsecount="0"/>
        <line num="54" count="169" type="stmt"/>
        <line num="60" count="169" type="cond" truecount="5" falsecount="0"/>
        <line num="61" count="9" type="stmt"/>
        <line num="65" count="59" type="stmt"/>
        <line num="68" count="57" type="stmt"/>
        <line num="70" count="328" type="stmt"/>
        <line num="74" count="57" type="stmt"/>
        <line num="75" count="165" type="cond" truecount="4" falsecount="0"/>
        <line num="76" count="114" type="stmt"/>
        <line num="78" count="51" type="cond" truecount="2" falsecount="0"/>
        <line num="81" count="57" type="stmt"/>
        <line num="82" count="165" type="cond" truecount="4" falsecount="0"/>
        <line num="84" count="150" type="stmt"/>
        <line num="86" count="7" type="stmt"/>
        <line num="88" count="7" type="stmt"/>
        <line num="90" count="1" type="stmt"/>
        <line num="94" count="57" type="stmt"/>
        <line num="95" count="495" type="cond" truecount="2" falsecount="0"/>
        <line num="96" count="3" type="stmt"/>
        <line num="97" count="492" type="cond" truecount="2" falsecount="0"/>
        <line num="98" count="57" type="stmt"/>
        <line num="100" count="435" type="stmt"/>
        <line num="104" count="57" type="stmt"/>
        <line num="105" count="165" type="cond" truecount="2" falsecount="0"/>
        <line num="106" count="165" type="cond" truecount="2" falsecount="0"/>
        <line num="108" count="165" type="stmt"/>
        <line num="112" count="5" type="cond" truecount="2" falsecount="0"/>
        <line num="177" count="165" type="stmt"/>
        <line num="179" count="57" type="stmt"/>
        <line num="185" count="57" type="cond" truecount="4" falsecount="0"/>
        <line num="186" count="20" type="stmt"/>
        <line num="198" count="37" type="stmt"/>
        <line num="222" count="8" type="stmt"/>
      </file>
      <file name="MapLocationMarker.tsx" path="/Users/rakeenhuq/Downloads/cartographer/components/MapLocationMarker.tsx">
        <metrics statements="10" coveredstatements="10" conditionals="8" coveredconditionals="8" methods="1" coveredmethods="1"/>
        <line num="18" count="1" type="stmt"/>
        <line num="22" count="10" type="stmt"/>
        <line num="23" count="10" type="cond" truecount="2" falsecount="0"/>
        <line num="26" count="10" type="cond" truecount="4" falsecount="0"/>
        <line num="27" count="2" type="stmt"/>
        <line num="30" count="8" type="stmt"/>
        <line num="31" count="8" type="cond" truecount="2" falsecount="0"/>
        <line num="33" count="8" type="stmt"/>
        <line num="43" count="8" type="stmt"/>
        <line num="50" count="8" type="stmt"/>
      </file>
      <file name="MapStatusDisplay.tsx" path="/Users/rakeenhuq/Downloads/cartographer/components/MapStatusDisplay.tsx">
        <metrics statements="14" coveredstatements="14" conditionals="8" coveredconditionals="8" methods="2" coveredmethods="2"/>
        <line num="22" count="1" type="stmt"/>
        <line num="28" count="12" type="stmt"/>
        <line num="29" count="12" type="stmt"/>
        <line num="30" count="12" type="stmt"/>
        <line num="31" count="12" type="cond" truecount="2" falsecount="0"/>
        <line num="36" count="12" type="stmt"/>
        <line num="37" count="12" type="cond" truecount="2" falsecount="0"/>
        <line num="38" count="2" type="stmt"/>
        <line num="39" count="10" type="cond" truecount="4" falsecount="0"/>
        <line num="40" count="8" type="stmt"/>
        <line num="42" count="2" type="stmt"/>
        <line num="45" count="12" type="stmt"/>
        <line num="47" count="12" type="stmt"/>
        <line num="70" count="1" type="stmt"/>
      </file>
      <file name="OfflineIndicator.tsx" path="/Users/rakeenhuq/Downloads/cartographer/components/OfflineIndicator.tsx">
        <metrics statements="48" coveredstatements="47" conditionals="41" coveredconditionals="40" methods="8" coveredmethods="6"/>
        <line num="26" count="2" type="stmt"/>
        <line num="36" count="87" type="stmt"/>
        <line num="37" count="87" type="stmt"/>
        <line num="40" count="87" type="stmt"/>
        <line num="44" count="87" type="stmt"/>
        <line num="48" count="87" type="stmt"/>
        <line num="52" count="87" type="stmt"/>
        <line num="58" count="87" type="stmt"/>
        <line num="59" count="87" type="stmt"/>
        <line num="62" count="87" type="stmt"/>
        <line num="63" count="87" type="cond" truecount="4" falsecount="0"/>
        <line num="64" count="35" type="stmt"/>
        <line num="72" count="35" type="stmt"/>
        <line num="74" count="52" type="stmt"/>
        <line num="79" count="87" type="stmt"/>
        <line num="83" count="87" type="stmt"/>
        <line num="89" count="87" type="stmt"/>
        <line num="90" count="9" type="cond" truecount="4" falsecount="0"/>
        <line num="92" count="7" type="stmt"/>
        <line num="93" count="7" type="stmt"/>
        <line num="94" count="7" type="stmt"/>
        <line num="95" count="5" type="cond" truecount="2" falsecount="0"/>
        <line num="96" count="4" type="stmt"/>
        <line num="99" count="1" type="stmt"/>
        <line num="101" count="6" type="stmt"/>
        <line num="106" count="87" type="stmt"/>
        <line num="107" count="4" type="stmt"/>
        <line num="108" count="4" type="stmt"/>
        <line num="112" count="87" type="stmt"/>
        <line num="113" count="34" type="cond" truecount="2" falsecount="0"/>
        <line num="115" count="5" type="stmt"/>
        <line num="116" count="5" type="stmt"/>
        <line num="118" count="5" type="cond" truecount="2" falsecount="0"/>
        <line num="119" count="4" type="cond" truecount="2" falsecount="0"/>
        <line num="120" count="2" type="cond" truecount="2" falsecount="0"/>
        <line num="122" count="1" type="stmt"/>
        <line num="123" count="1" type="stmt"/>
        <line num="127" count="87" type="stmt"/>
        <line num="128" count="40" type="cond" truecount="2" falsecount="0"/>
        <line num="129" count="5" type="stmt"/>
        <line num="136" count="35" type="cond" truecount="1" falsecount="1"/>
        <line num="137" count="35" type="stmt"/>
        <line num="144" count="0" type="stmt"/>
        <line num="152" count="87" type="cond" truecount="5" falsecount="0"/>
        <line num="153" count="47" type="stmt"/>
        <line num="156" count="40" type="stmt"/>
        <line num="158" count="40" type="stmt"/>
        <line num="233" count="2" type="stmt"/>
      </file>
      <file name="ParallaxScrollView.tsx" path="/Users/rakeenhuq/Downloads/cartographer/components/ParallaxScrollView.tsx">
        <metrics statements="9" coveredstatements="8" conditionals="2" coveredconditionals="1" methods="2" coveredmethods="1"/>
        <line num="14" count="1" type="stmt"/>
        <line num="26" count="1" type="cond" truecount="1" falsecount="1"/>
        <line num="27" count="1" type="stmt"/>
        <line num="28" count="1" type="stmt"/>
        <line num="29" count="1" type="stmt"/>
        <line num="30" count="1" type="stmt"/>
        <line num="31" count="0" type="stmt"/>
        <line num="47" count="1" type="stmt"/>
        <line num="68" count="1" type="stmt"/>
      </file>
      <file name="PartialDataIndicator.tsx" path="/Users/rakeenhuq/Downloads/cartographer/components/PartialDataIndicator.tsx">
        <metrics statements="21" coveredstatements="0" conditionals="11" coveredconditionals="0" methods="4" coveredmethods="0"/>
        <line num="16" count="0" type="stmt"/>
        <line num="23" count="0" type="stmt"/>
        <line num="26" count="0" type="stmt"/>
        <line num="30" count="0" type="stmt"/>
        <line num="34" count="0" type="stmt"/>
        <line num="40" count="0" type="stmt"/>
        <line num="41" count="0" type="stmt"/>
        <line num="45" count="0" type="stmt"/>
        <line num="46" count="0" type="stmt"/>
        <line num="47" count="0" type="stmt"/>
        <line num="51" count="0" type="cond" truecount="0" falsecount="4"/>
        <line num="52" count="0" type="stmt"/>
        <line num="55" count="0" type="stmt"/>
        <line num="56" count="0" type="stmt"/>
        <line num="57" count="0" type="stmt"/>
        <line num="59" count="0" type="cond" truecount="0" falsecount="2"/>
        <line num="60" count="0" type="stmt"/>
        <line num="66" count="0" type="stmt"/>
        <line num="72" count="0" type="stmt"/>
        <line num="74" count="0" type="stmt"/>
        <line num="142" count="0" type="stmt"/>
      </file>
      <file name="ProgressIndicator.tsx" path="/Users/rakeenhuq/Downloads/cartographer/components/ProgressIndicator.tsx">
        <metrics statements="32" coveredstatements="28" conditionals="38" coveredconditionals="30" methods="5" coveredmethods="5"/>
        <line num="29" count="21" type="stmt"/>
        <line num="30" count="21" type="stmt"/>
        <line num="32" count="21" type="stmt"/>
        <line num="33" count="21" type="stmt"/>
        <line num="34" count="21" type="stmt"/>
        <line num="36" count="21" type="cond" truecount="2" falsecount="0"/>
        <line num="37" count="21" type="cond" truecount="2" falsecount="0"/>
        <line num="38" count="21" type="stmt"/>
        <line num="40" count="21" type="stmt"/>
        <line num="41" count="18" type="cond" truecount="1" falsecount="1"/>
        <line num="42" count="0" type="cond" truecount="0" falsecount="2"/>
        <line num="44" count="0" type="stmt"/>
        <line num="52" count="0" type="cond" truecount="0" falsecount="2"/>
        <line num="53" count="0" type="stmt"/>
        <line num="61" count="18" type="stmt"/>
        <line num="62" count="18" type="stmt"/>
        <line num="66" count="21" type="stmt"/>
        <line num="67" count="21" type="cond" truecount="3" falsecount="0"/>
        <line num="69" count="2" type="cond" truecount="2" falsecount="0"/>
        <line num="73" count="2" type="cond" truecount="2" falsecount="0"/>
        <line num="77" count="17" type="cond" truecount="2" falsecount="0"/>
        <line num="83" count="21" type="stmt"/>
        <line num="84" count="16" type="stmt"/>
        <line num="86" count="16" type="stmt"/>
        <line num="132" count="21" type="stmt"/>
        <line num="133" count="5" type="stmt"/>
        <line num="134" count="5" type="stmt"/>
        <line num="135" count="5" type="stmt"/>
        <line num="136" count="5" type="cond" truecount="4" falsecount="0"/>
        <line num="138" count="5" type="stmt"/>
        <line num="208" count="21" type="cond" truecount="2" falsecount="0"/>
        <line num="211" count="1" type="stmt"/>
      </file>
      <file name="StatisticsCard.tsx" path="/Users/rakeenhuq/Downloads/cartographer/components/StatisticsCard.tsx">
        <metrics statements="14" coveredstatements="14" conditionals="15" coveredconditionals="15" methods="2" coveredmethods="2"/>
        <line num="26" count="58" type="stmt"/>
        <line num="27" count="58" type="stmt"/>
        <line num="28" count="58" type="stmt"/>
        <line num="29" count="58" type="stmt"/>
        <line num="30" count="58" type="stmt"/>
        <line num="31" count="58" type="stmt"/>
        <line num="32" count="58" type="stmt"/>
        <line num="34" count="58" type="cond" truecount="2" falsecount="0"/>
        <line num="36" count="58" type="stmt"/>
        <line num="37" count="58" type="cond" truecount="2" falsecount="0"/>
        <line num="38" count="4" type="stmt"/>
        <line num="51" count="54" type="stmt"/>
        <line num="121" count="58" type="stmt"/>
        <line num="142" count="2" type="stmt"/>
      </file>
      <file name="StatisticsErrorBoundary.tsx" path="/Users/rakeenhuq/Downloads/cartographer/components/StatisticsErrorBoundary.tsx">
        <metrics statements="64" coveredstatements="62" conditionals="45" coveredconditionals="41" methods="16" coveredmethods="15"/>
        <line num="28" count="71" type="stmt"/>
        <line num="29" count="71" type="stmt"/>
        <line num="32" count="71" type="stmt"/>
        <line num="33" count="71" type="stmt"/>
        <line num="43" count="54" type="stmt"/>
        <line num="51" count="27" type="stmt"/>
        <line num="59" count="27" type="stmt"/>
        <line num="64" count="27" type="stmt"/>
        <line num="67" count="27" type="stmt"/>
        <line num="72" count="50" type="stmt"/>
        <line num="78" count="71" type="stmt"/>
        <line num="79" count="27" type="stmt"/>
        <line num="82" count="27" type="cond" truecount="4" falsecount="0"/>
        <line num="83" count="13" type="stmt"/>
        <line num="85" count="13" type="stmt"/>
        <line num="87" count="13" type="stmt"/>
        <line num="88" count="1" type="stmt"/>
        <line num="91" count="13" type="stmt"/>
        <line num="98" count="71" type="stmt"/>
        <line num="99" count="108" type="stmt"/>
        <line num="108" count="108" type="stmt"/>
        <line num="109" count="353" type="cond" truecount="2" falsecount="0"/>
        <line num="116" count="71" type="stmt"/>
        <line num="117" count="6" type="stmt"/>
        <line num="119" count="6" type="stmt"/>
        <line num="121" count="6" type="stmt"/>
        <line num="129" count="6" type="stmt"/>
        <line num="135" count="71" type="stmt"/>
        <line num="136" count="1" type="stmt"/>
        <line num="138" count="1" type="stmt"/>
        <line num="146" count="1" type="stmt"/>
        <line num="147" count="1" type="stmt"/>
        <line num="153" count="71" type="stmt"/>
        <line num="154" count="82" type="stmt"/>
        <line num="155" count="82" type="cond" truecount="1" falsecount="1"/>
        <line num="157" count="82" type="cond" truecount="5" falsecount="0"/>
        <line num="158" count="46" type="stmt"/>
        <line num="161" count="36" type="cond" truecount="5" falsecount="0"/>
        <line num="162" count="6" type="stmt"/>
        <line num="165" count="30" type="cond" truecount="3" falsecount="2"/>
        <line num="166" count="30" type="stmt"/>
        <line num="169" count="0" type="stmt"/>
        <line num="175" count="71" type="stmt"/>
        <line num="176" count="82" type="stmt"/>
        <line num="178" count="82" type="cond" truecount="3" falsecount="1"/>
        <line num="180" count="46" type="stmt"/>
        <line num="187" count="6" type="stmt"/>
        <line num="194" count="30" type="stmt"/>
        <line num="201" count="0" type="stmt"/>
        <line num="212" count="71" type="stmt"/>
        <line num="213" count="82" type="stmt"/>
        <line num="215" count="82" type="cond" truecount="4" falsecount="0"/>
        <line num="217" count="79" type="stmt"/>
        <line num="233" count="181" type="stmt"/>
        <line num="234" count="181" type="cond" truecount="1" falsecount="0"/>
        <line num="236" count="181" type="cond" truecount="4" falsecount="0"/>
        <line num="238" count="85" type="cond" truecount="2" falsecount="0"/>
        <line num="239" count="3" type="stmt"/>
        <line num="242" count="82" type="stmt"/>
        <line num="243" count="82" type="stmt"/>
        <line num="244" count="82" type="stmt"/>
        <line num="246" count="82" type="stmt"/>
        <line num="296" count="96" type="stmt"/>
        <line num="300" count="2" type="stmt"/>
      </file>
      <file name="ThemedText.tsx" path="/Users/rakeenhuq/Downloads/cartographer/components/ThemedText.tsx">
        <metrics statements="3" coveredstatements="3" conditionals="11" coveredconditionals="8" methods="1" coveredmethods="1"/>
        <line num="18" count="908" type="stmt"/>
        <line num="20" count="908" type="stmt"/>
        <line num="36" count="5" type="stmt"/>
      </file>
      <file name="ThemedView.tsx" path="/Users/rakeenhuq/Downloads/cartographer/components/ThemedView.tsx">
        <metrics statements="2" coveredstatements="2" conditionals="0" coveredconditionals="0" methods="1" coveredmethods="1"/>
        <line num="11" count="132" type="stmt"/>
        <line num="13" count="132" type="stmt"/>
      </file>
    </package>
    <package name="components.ui">
      <metrics statements="6" coveredstatements="1" conditionals="3" coveredconditionals="0" methods="5" coveredmethods="1"/>
      <file name="IconSymbol.ios.tsx" path="/Users/rakeenhuq/Downloads/cartographer/components/ui/IconSymbol.ios.tsx">
        <metrics statements="1" coveredstatements="1" conditionals="2" coveredconditionals="0" methods="1" coveredmethods="1"/>
        <line num="17" count="4" type="stmt"/>
      </file>
      <file name="IconSymbol.tsx" path="/Users/rakeenhuq/Downloads/cartographer/components/ui/IconSymbol.tsx">
        <metrics statements="2" coveredstatements="0" conditionals="1" coveredconditionals="0" methods="1" coveredmethods="0"/>
        <line num="16" count="0" type="stmt"/>
        <line num="42" count="0" type="stmt"/>
      </file>
      <file name="TabBarBackground.ios.tsx" path="/Users/rakeenhuq/Downloads/cartographer/components/ui/TabBarBackground.ios.tsx">
        <metrics statements="2" coveredstatements="0" conditionals="0" coveredconditionals="0" methods="2" coveredmethods="0"/>
        <line num="6" count="0" type="stmt"/>
        <line num="18" count="0" type="stmt"/>
      </file>
      <file name="TabBarBackground.tsx" path="/Users/rakeenhuq/Downloads/cartographer/components/ui/TabBarBackground.tsx">
        <metrics statements="1" coveredstatements="0" conditionals="0" coveredconditionals="0" methods="1" coveredmethods="0"/>
        <line num="5" count="0" type="stmt"/>
      </file>
    </package>
    <package name="hooks">
      <metrics statements="831" coveredstatements="600" conditionals="335" coveredconditionals="195" methods="181" coveredmethods="136"/>
      <file name="useColorScheme.ts" path="/Users/rakeenhuq/Downloads/cartographer/hooks/useColorScheme.ts">
        <metrics statements="0" coveredstatements="0" conditionals="0" coveredconditionals="0" methods="0" coveredmethods="0"/>
      </file>
      <file name="useColorScheme.web.ts" path="/Users/rakeenhuq/Downloads/cartographer/hooks/useColorScheme.web.ts">
        <metrics statements="7" coveredstatements="0" conditionals="2" coveredconditionals="0" methods="2" coveredmethods="0"/>
        <line num="8" count="0" type="stmt"/>
        <line num="10" count="0" type="stmt"/>
        <line num="11" count="0" type="stmt"/>
        <line num="14" count="0" type="stmt"/>
        <line num="16" count="0" type="cond" truecount="0" falsecount="2"/>
        <line num="17" count="0" type="stmt"/>
        <line num="20" count="0" type="stmt"/>
      </file>
      <file name="useFogCalculation.ts" path="/Users/rakeenhuq/Downloads/cartographer/hooks/useFogCalculation.ts">
        <metrics statements="103" coveredstatements="87" conditionals="35" coveredconditionals="23" methods="22" coveredmethods="19"/>
        <line num="66" count="5" type="stmt"/>
        <line num="76" count="5" type="stmt"/>
        <line num="79" count="156" type="stmt"/>
        <line num="82" count="156" type="stmt"/>
        <line num="92" count="156" type="stmt"/>
        <line num="93" count="156" type="stmt"/>
        <line num="94" count="156" type="stmt"/>
        <line num="99" count="156" type="stmt"/>
        <line num="100" count="132" type="stmt"/>
        <line num="101" count="132" type="stmt"/>
        <line num="102" count="132" type="stmt"/>
        <line num="104" count="91" type="cond" truecount="2" falsecount="0"/>
        <line num="105" count="88" type="stmt"/>
        <line num="106" count="88" type="stmt"/>
        <line num="109" count="3" type="stmt"/>
        <line num="112" count="3" type="stmt"/>
        <line num="113" count="4" type="cond" truecount="2" falsecount="0"/>
        <line num="114" count="4" type="stmt"/>
        <line num="115" count="4" type="cond" truecount="2" falsecount="0"/>
        <line num="117" count="3" type="cond" truecount="1" falsecount="1"/>
        <line num="118" count="0" type="stmt"/>
        <line num="119" count="0" type="stmt"/>
        <line num="122" count="3" type="cond" truecount="1" falsecount="1"/>
        <line num="123" count="3" type="stmt"/>
        <line num="124" count="3" type="stmt"/>
        <line num="128" count="0" type="stmt"/>
        <line num="129" count="0" type="stmt"/>
        <line num="131" count="0" type="cond" truecount="0" falsecount="2"/>
        <line num="132" count="0" type="stmt"/>
        <line num="135" count="0" type="cond" truecount="0" falsecount="2"/>
        <line num="136" count="0" type="stmt"/>
        <line num="139" count="0" type="stmt"/>
        <line num="142" count="41" type="stmt"/>
        <line num="144" count="41" type="stmt"/>
        <line num="151" count="156" type="stmt"/>
        <line num="155" count="132" type="cond" truecount="1" falsecount="1"/>
        <line num="156" count="0" type="stmt"/>
        <line num="157" count="0" type="stmt"/>
        <line num="160" count="132" type="stmt"/>
        <line num="167" count="132" type="stmt"/>
        <line num="168" count="132" type="stmt"/>
        <line num="175" count="132" type="stmt"/>
        <line num="178" count="91" type="stmt"/>
        <line num="183" count="91" type="cond" truecount="1" falsecount="1"/>
        <line num="184" count="0" type="stmt"/>
        <line num="185" count="0" type="stmt"/>
        <line num="189" count="91" type="stmt"/>
        <line num="199" count="91" type="stmt"/>
        <line num="207" count="41" type="cond" truecount="2" falsecount="0"/>
        <line num="208" count="1" type="stmt"/>
        <line num="211" count="40" type="cond" truecount="1" falsecount="1"/>
        <line num="212" count="40" type="stmt"/>
        <line num="214" count="40" type="stmt"/>
        <line num="226" count="156" type="stmt"/>
        <line num="231" count="14" type="cond" truecount="2" falsecount="0"/>
        <line num="232" count="2" type="stmt"/>
        <line num="236" count="14" type="stmt"/>
        <line num="237" count="3" type="stmt"/>
        <line num="244" count="156" type="stmt"/>
        <line num="247" count="81" type="stmt"/>
        <line num="249" count="81" type="cond" truecount="2" falsecount="0"/>
        <line num="250" count="81" type="stmt"/>
        <line num="251" count="81" type="stmt"/>
        <line num="252" count="81" type="stmt"/>
        <line num="255" count="81" type="stmt"/>
        <line num="261" count="156" type="stmt"/>
        <line num="264" count="14" type="stmt"/>
        <line num="267" count="14" type="stmt"/>
        <line num="269" count="14" type="stmt"/>
        <line num="270" count="14" type="stmt"/>
        <line num="271" count="14" type="stmt"/>
        <line num="272" count="14" type="stmt"/>
        <line num="275" count="14" type="stmt"/>
        <line num="281" count="156" type="stmt"/>
        <line num="282" count="8" type="stmt"/>
        <line num="284" count="8" type="cond" truecount="2" falsecount="0"/>
        <line num="285" count="8" type="stmt"/>
        <line num="286" count="8" type="stmt"/>
        <line num="287" count="8" type="stmt"/>
        <line num="290" count="8" type="stmt"/>
        <line num="296" count="156" type="stmt"/>
        <line num="297" count="0" type="stmt"/>
        <line num="298" count="0" type="stmt"/>
        <line num="309" count="156" type="stmt"/>
        <line num="310" count="3" type="stmt"/>
        <line num="311" count="3" type="stmt"/>
        <line num="318" count="156" type="stmt"/>
        <line num="319" count="48" type="stmt"/>
        <line num="321" count="40" type="stmt"/>
        <line num="322" count="40" type="stmt"/>
        <line num="323" count="40" type="stmt"/>
        <line num="324" count="40" type="stmt"/>
        <line num="325" count="40" type="stmt"/>
        <line num="327" count="40" type="stmt"/>
        <line num="330" count="40" type="stmt"/>
        <line num="331" count="0" type="stmt"/>
        <line num="335" count="40" type="stmt"/>
        <line num="336" count="38" type="stmt"/>
        <line num="338" count="38" type="cond" truecount="2" falsecount="0"/>
        <line num="339" count="12" type="stmt"/>
        <line num="340" count="12" type="stmt"/>
        <line num="343" count="38" type="stmt"/>
        <line num="347" count="156" type="stmt"/>
      </file>
      <file name="useLocationTracking.ts" path="/Users/rakeenhuq/Downloads/cartographer/hooks/useLocationTracking.ts">
        <metrics statements="79" coveredstatements="0" conditionals="14" coveredconditionals="0" methods="12" coveredmethods="0"/>
        <line num="7" count="0" type="stmt"/>
        <line num="10" count="0" type="stmt"/>
        <line num="11" count="0" type="cond" truecount="0" falsecount="2"/>
        <line num="12" count="0" type="stmt"/>
        <line num="13" count="0" type="stmt"/>
        <line num="15" count="0" type="cond" truecount="0" falsecount="2"/>
        <line num="16" count="0" type="stmt"/>
        <line num="17" count="0" type="stmt"/>
        <line num="18" count="0" type="cond" truecount="0" falsecount="2"/>
        <line num="19" count="0" type="stmt"/>
        <line num="21" count="0" type="stmt"/>
        <line num="22" count="0" type="stmt"/>
        <line num="26" count="0" type="stmt"/>
        <line num="28" count="0" type="stmt"/>
        <line num="37" count="0" type="stmt"/>
        <line num="38" count="0" type="stmt"/>
        <line num="39" count="0" type="stmt"/>
        <line num="40" count="0" type="stmt"/>
        <line num="41" count="0" type="stmt"/>
        <line num="43" count="0" type="cond" truecount="0" falsecount="2"/>
        <line num="44" count="0" type="stmt"/>
        <line num="45" count="0" type="stmt"/>
        <line num="46" count="0" type="stmt"/>
        <line num="49" count="0" type="stmt"/>
        <line num="50" count="0" type="stmt"/>
        <line num="51" count="0" type="stmt"/>
        <line num="53" count="0" type="cond" truecount="0" falsecount="2"/>
        <line num="54" count="0" type="stmt"/>
        <line num="55" count="0" type="stmt"/>
        <line num="56" count="0" type="stmt"/>
        <line num="59" count="0" type="stmt"/>
        <line num="61" count="0" type="stmt"/>
        <line num="62" count="0" type="stmt"/>
        <line num="63" count="0" type="stmt"/>
        <line num="70" count="0" type="stmt"/>
        <line num="71" count="0" type="stmt"/>
        <line num="72" count="0" type="stmt"/>
        <line num="82" count="0" type="stmt"/>
        <line num="88" count="0" type="stmt"/>
        <line num="89" count="0" type="stmt"/>
        <line num="90" count="0" type="stmt"/>
        <line num="91" count="0" type="stmt"/>
        <line num="92" count="0" type="stmt"/>
        <line num="98" count="0" type="stmt"/>
        <line num="99" count="0" type="stmt"/>
        <line num="100" count="0" type="stmt"/>
        <line num="106" count="0" type="stmt"/>
        <line num="107" count="0" type="stmt"/>
        <line num="115" count="0" type="stmt"/>
        <line num="116" count="0" type="stmt"/>
        <line num="117" count="0" type="stmt"/>
        <line num="118" count="0" type="stmt"/>
        <line num="119" count="0" type="stmt"/>
        <line num="120" count="0" type="cond" truecount="0" falsecount="2"/>
        <line num="121" count="0" type="stmt"/>
        <line num="123" count="0" type="stmt"/>
        <line num="124" count="0" type="stmt"/>
        <line num="126" count="0" type="stmt"/>
        <line num="131" count="0" type="stmt"/>
        <line num="133" count="0" type="stmt"/>
        <line num="134" count="0" type="stmt"/>
        <line num="136" count="0" type="stmt"/>
        <line num="137" count="0" type="stmt"/>
        <line num="139" count="0" type="stmt"/>
        <line num="141" count="0" type="stmt"/>
        <line num="142" count="0" type="cond" truecount="0" falsecount="2"/>
        <line num="143" count="0" type="stmt"/>
        <line num="146" count="0" type="stmt"/>
        <line num="148" count="0" type="stmt"/>
        <line num="151" count="0" type="stmt"/>
        <line num="153" count="0" type="stmt"/>
        <line num="154" count="0" type="stmt"/>
        <line num="159" count="0" type="stmt"/>
        <line num="162" count="0" type="stmt"/>
        <line num="163" count="0" type="stmt"/>
        <line num="166" count="0" type="stmt"/>
        <line num="167" count="0" type="stmt"/>
        <line num="171" count="0" type="stmt"/>
        <line num="172" count="0" type="stmt"/>
      </file>
      <file name="useMapStyling.ts" path="/Users/rakeenhuq/Downloads/cartographer/hooks/useMapStyling.ts">
        <metrics statements="62" coveredstatements="60" conditionals="11" coveredconditionals="9" methods="17" coveredmethods="17"/>
        <line num="76" count="1" type="stmt"/>
        <line num="93" count="1" type="stmt"/>
        <line num="95" count="32" type="cond" truecount="2" falsecount="0"/>
        <line num="96" count="29" type="stmt"/>
        <line num="100" count="3" type="stmt"/>
        <line num="101" count="3" type="cond" truecount="1" falsecount="1"/>
        <line num="102" count="3" type="stmt"/>
        <line num="106" count="0" type="stmt"/>
        <line num="107" count="0" type="stmt"/>
        <line num="113" count="1" type="stmt"/>
        <line num="114" count="58" type="stmt"/>
        <line num="116" count="37" type="cond" truecount="2" falsecount="0"/>
        <line num="117" count="34" type="stmt"/>
        <line num="121" count="3" type="stmt"/>
        <line num="131" count="1" type="stmt"/>
        <line num="132" count="39" type="stmt"/>
        <line num="147" count="1" type="stmt"/>
        <line num="151" count="39" type="stmt"/>
        <line num="166" count="1" type="stmt"/>
        <line num="169" count="37" type="stmt"/>
        <line num="170" count="37" type="stmt"/>
        <line num="173" count="37" type="stmt"/>
        <line num="174" count="27" type="stmt"/>
        <line num="175" count="27" type="stmt"/>
        <line num="176" count="27" type="stmt"/>
        <line num="180" count="37" type="stmt"/>
        <line num="181" count="37" type="stmt"/>
        <line num="182" count="37" type="stmt"/>
        <line num="185" count="37" type="stmt"/>
        <line num="186" count="37" type="stmt"/>
        <line num="188" count="37" type="stmt"/>
        <line num="189" count="37" type="stmt"/>
        <line num="194" count="37" type="stmt"/>
        <line num="195" count="2" type="stmt"/>
        <line num="196" count="2" type="stmt"/>
        <line num="197" count="2" type="stmt"/>
        <line num="203" count="37" type="stmt"/>
        <line num="204" count="5" type="stmt"/>
        <line num="205" count="5" type="stmt"/>
        <line num="206" count="5" type="stmt"/>
        <line num="212" count="37" type="stmt"/>
        <line num="216" count="2" type="stmt"/>
        <line num="217" count="2" type="stmt"/>
        <line num="223" count="37" type="stmt"/>
        <line num="226" count="2" type="stmt"/>
        <line num="227" count="2" type="stmt"/>
        <line num="233" count="37" type="stmt"/>
        <line num="234" count="1" type="stmt"/>
        <line num="236" count="1" type="stmt"/>
        <line num="242" count="37" type="stmt"/>
        <line num="243" count="1" type="stmt"/>
        <line num="244" count="1" type="stmt"/>
        <line num="245" count="1" type="stmt"/>
        <line num="249" count="37" type="stmt"/>
        <line num="250" count="37" type="stmt"/>
        <line num="261" count="37" type="stmt"/>
        <line num="262" count="37" type="cond" truecount="1" falsecount="1"/>
        <line num="263" count="37" type="stmt"/>
        <line num="270" count="37" type="stmt"/>
        <line num="271" count="35" type="cond" truecount="2" falsecount="0"/>
        <line num="272" count="1" type="stmt"/>
        <line num="278" count="37" type="stmt"/>
      </file>
      <file name="useMapViewport.ts" path="/Users/rakeenhuq/Downloads/cartographer/hooks/useMapViewport.ts">
        <metrics statements="99" coveredstatements="97" conditionals="55" coveredconditionals="50" methods="22" coveredmethods="22"/>
        <line num="73" count="5" type="stmt"/>
        <line num="84" count="5" type="stmt"/>
        <line num="85" count="29" type="stmt"/>
        <line num="88" count="112" type="cond" truecount="4" falsecount="0"/>
        <line num="89" count="2" type="stmt"/>
        <line num="90" count="2" type="stmt"/>
        <line num="94" count="27" type="cond" truecount="6" falsecount="0"/>
        <line num="95" count="3" type="stmt"/>
        <line num="96" count="3" type="stmt"/>
        <line num="100" count="24" type="cond" truecount="6" falsecount="0"/>
        <line num="101" count="1" type="stmt"/>
        <line num="102" count="1" type="stmt"/>
        <line num="106" count="23" type="cond" truecount="4" falsecount="0"/>
        <line num="107" count="3" type="stmt"/>
        <line num="108" count="3" type="stmt"/>
        <line num="111" count="20" type="stmt"/>
        <line num="117" count="5" type="stmt"/>
        <line num="118" count="3" type="stmt"/>
        <line num="119" count="3" type="stmt"/>
        <line num="121" count="3" type="stmt"/>
        <line num="122" count="3" type="stmt"/>
        <line num="123" count="3" type="stmt"/>
        <line num="124" count="3" type="stmt"/>
        <line num="126" count="3" type="stmt"/>
        <line num="127" count="3" type="stmt"/>
        <line num="129" count="3" type="stmt"/>
        <line num="135" count="5" type="stmt"/>
        <line num="138" count="126" type="stmt"/>
        <line num="141" count="126" type="stmt"/>
        <line num="151" count="126" type="stmt"/>
        <line num="152" count="126" type="stmt"/>
        <line num="153" count="126" type="stmt"/>
        <line num="158" count="126" type="stmt"/>
        <line num="163" count="29" type="cond" truecount="1" falsecount="1"/>
        <line num="164" count="0" type="stmt"/>
        <line num="165" count="0" type="stmt"/>
        <line num="169" count="29" type="cond" truecount="2" falsecount="0"/>
        <line num="170" count="9" type="stmt"/>
        <line num="171" count="9" type="stmt"/>
        <line num="175" count="20" type="cond" truecount="4" falsecount="0"/>
        <line num="176" count="3" type="stmt"/>
        <line num="177" count="3" type="stmt"/>
        <line num="181" count="20" type="cond" truecount="2" falsecount="0"/>
        <line num="182" count="15" type="stmt"/>
        <line num="183" count="15" type="stmt"/>
        <line num="186" count="20" type="stmt"/>
        <line num="188" count="20" type="stmt"/>
        <line num="198" count="20" type="stmt"/>
        <line num="200" count="20" type="stmt"/>
        <line num="211" count="126" type="stmt"/>
        <line num="217" count="57" type="cond" truecount="2" falsecount="0"/>
        <line num="218" count="30" type="stmt"/>
        <line num="222" count="57" type="cond" truecount="1" falsecount="1"/>
        <line num="223" count="57" type="stmt"/>
        <line num="230" count="57" type="stmt"/>
        <line num="231" count="29" type="stmt"/>
        <line num="234" count="29" type="cond" truecount="1" falsecount="1"/>
        <line num="235" count="29" type="stmt"/>
        <line num="246" count="126" type="stmt"/>
        <line num="251" count="57" type="stmt"/>
        <line num="254" count="57" type="stmt"/>
        <line num="260" count="126" type="stmt"/>
        <line num="261" count="5" type="stmt"/>
        <line num="263" count="5" type="stmt"/>
        <line num="269" count="5" type="cond" truecount="4" falsecount="0"/>
        <line num="271" count="1" type="stmt"/>
        <line num="278" count="126" type="stmt"/>
        <line num="279" count="2" type="stmt"/>
        <line num="285" count="126" type="stmt"/>
        <line num="286" count="4" type="cond" truecount="2" falsecount="0"/>
        <line num="287" count="1" type="stmt"/>
        <line num="290" count="3" type="stmt"/>
        <line num="291" count="3" type="stmt"/>
        <line num="293" count="3" type="stmt"/>
        <line num="299" count="3" type="stmt"/>
        <line num="305" count="126" type="stmt"/>
        <line num="306" count="2" type="stmt"/>
        <line num="309" count="2" type="cond" truecount="1" falsecount="1"/>
        <line num="310" count="2" type="stmt"/>
        <line num="311" count="2" type="stmt"/>
        <line num="314" count="2" type="stmt"/>
        <line num="323" count="2" type="stmt"/>
        <line num="327" count="126" type="stmt"/>
        <line num="328" count="34" type="stmt"/>
        <line num="330" count="33" type="stmt"/>
        <line num="331" count="33" type="stmt"/>
        <line num="334" count="33" type="cond" truecount="2" falsecount="0"/>
        <line num="335" count="25" type="stmt"/>
        <line num="336" count="25" type="stmt"/>
        <line num="339" count="33" type="stmt"/>
        <line num="344" count="126" type="stmt"/>
        <line num="345" count="100" type="cond" truecount="4" falsecount="0"/>
        <line num="347" count="34" type="stmt"/>
        <line num="348" count="2" type="cond" truecount="1" falsecount="1"/>
        <line num="349" count="2" type="stmt"/>
        <line num="350" count="2" type="stmt"/>
        <line num="357" count="34" type="stmt"/>
        <line num="358" count="34" type="stmt"/>
        <line num="363" count="126" type="stmt"/>
      </file>
      <file name="useOfflineStatistics.ts" path="/Users/rakeenhuq/Downloads/cartographer/hooks/useOfflineStatistics.ts">
        <metrics statements="247" coveredstatements="202" conditionals="110" coveredconditionals="69" methods="52" coveredmethods="38"/>
        <line num="79" count="1" type="stmt"/>
        <line num="92" count="1" type="stmt"/>
        <line num="102" count="1" type="cond" truecount="1" falsecount="0"/>
        <line num="110" count="51" type="stmt"/>
        <line num="113" count="51" type="stmt"/>
        <line num="133" count="51" type="stmt"/>
        <line num="134" count="51" type="stmt"/>
        <line num="135" count="51" type="stmt"/>
        <line num="136" count="51" type="stmt"/>
        <line num="137" count="51" type="stmt"/>
        <line num="142" count="51" type="stmt"/>
        <line num="143" count="31" type="stmt"/>
        <line num="144" count="31" type="stmt"/>
        <line num="149" count="29" type="stmt"/>
        <line num="152" count="58" type="cond" truecount="1" falsecount="1"/>
        <line num="156" count="29" type="stmt"/>
        <line num="157" count="29" type="stmt"/>
        <line num="158" count="2146" type="stmt"/>
        <line num="159" count="2146" type="stmt"/>
        <line num="160" count="2146" type="stmt"/>
        <line num="163" count="29" type="stmt"/>
        <line num="165" count="2" type="stmt"/>
        <line num="167" count="2" type="stmt"/>
        <line num="174" count="51" type="stmt"/>
        <line num="175" count="60" type="stmt"/>
        <line num="176" count="60" type="stmt"/>
        <line num="177" count="56" type="cond" truecount="2" falsecount="0"/>
        <line num="179" count="56" type="stmt"/>
        <line num="186" count="56" type="cond" truecount="2" falsecount="0"/>
        <line num="187" count="34" type="stmt"/>
        <line num="190" count="56" type="stmt"/>
        <line num="192" count="4" type="stmt"/>
        <line num="193" count="4" type="stmt"/>
        <line num="214" count="51" type="stmt"/>
        <line num="215" count="60" type="stmt"/>
        <line num="216" count="60" type="stmt"/>
        <line num="222" count="56" type="stmt"/>
        <line num="223" count="56" type="stmt"/>
        <line num="224" count="56" type="stmt"/>
        <line num="225" count="56" type="cond" truecount="1" falsecount="2"/>
        <line num="227" count="0" type="stmt"/>
        <line num="228" count="0" type="stmt"/>
        <line num="231" count="56" type="stmt"/>
        <line num="238" count="56" type="stmt"/>
        <line num="239" count="56" type="stmt"/>
        <line num="241" count="4" type="stmt"/>
        <line num="242" count="4" type="stmt"/>
        <line num="254" count="51" type="stmt"/>
        <line num="255" count="31" type="stmt"/>
        <line num="256" count="31" type="stmt"/>
        <line num="258" count="31" type="cond" truecount="2" falsecount="0"/>
        <line num="259" count="25" type="stmt"/>
        <line num="262" count="6" type="stmt"/>
        <line num="265" count="6" type="cond" truecount="2" falsecount="0"/>
        <line num="267" count="6" type="cond" truecount="2" falsecount="0"/>
        <line num="268" count="2" type="stmt"/>
        <line num="269" count="2" type="stmt"/>
        <line num="272" count="4" type="stmt"/>
        <line num="273" count="4" type="stmt"/>
        <line num="274" count="4" type="stmt"/>
        <line num="276" count="0" type="stmt"/>
        <line num="277" count="0" type="stmt"/>
        <line num="284" count="51" type="stmt"/>
        <line num="285" count="27" type="stmt"/>
        <line num="286" count="27" type="stmt"/>
        <line num="287" count="27" type="stmt"/>
        <line num="289" count="0" type="stmt"/>
        <line num="296" count="51" type="stmt"/>
        <line num="297" count="29" type="stmt"/>
        <line num="298" count="27" type="stmt"/>
        <line num="304" count="51" type="stmt"/>
        <line num="305" count="27" type="stmt"/>
        <line num="306" count="27" type="stmt"/>
        <line num="311" count="27" type="stmt"/>
        <line num="317" count="51" type="stmt"/>
        <line num="318" count="27" type="stmt"/>
        <line num="319" count="27" type="stmt"/>
        <line num="321" count="27" type="cond" truecount="2" falsecount="0"/>
        <line num="322" count="26" type="stmt"/>
        <line num="326" count="1" type="cond" truecount="1" falsecount="1"/>
        <line num="327" count="0" type="cond" truecount="0" falsecount="3"/>
        <line num="330" count="1" type="cond" truecount="1" falsecount="1"/>
        <line num="331" count="0" type="stmt"/>
        <line num="332" count="0" type="stmt"/>
        <line num="335" count="1" type="stmt"/>
        <line num="342" count="1" type="stmt"/>
        <line num="343" count="1" type="stmt"/>
        <line num="345" count="1" type="stmt"/>
        <line num="346" count="1" type="cond" truecount="1" falsecount="1"/>
        <line num="347" count="1" type="cond" truecount="1" falsecount="1"/>
        <line num="349" count="0" type="stmt"/>
        <line num="352" count="1" type="stmt"/>
        <line num="354" count="1" type="stmt"/>
        <line num="356" count="0" type="stmt"/>
        <line num="357" count="0" type="stmt"/>
        <line num="364" count="51" type="stmt"/>
        <line num="365" count="27" type="stmt"/>
        <line num="366" count="27" type="cond" truecount="1" falsecount="1"/>
        <line num="368" count="0" type="stmt"/>
        <line num="369" count="0" type="stmt"/>
        <line num="370" count="0" type="stmt"/>
        <line num="371" count="0" type="stmt"/>
        <line num="373" count="0" type="stmt"/>
        <line num="380" count="0" type="stmt"/>
        <line num="386" count="0" type="stmt"/>
        <line num="392" count="0" type="stmt"/>
        <line num="398" count="0" type="stmt"/>
        <line num="401" count="27" type="stmt"/>
        <line num="403" count="0" type="stmt"/>
        <line num="404" count="0" type="stmt"/>
        <line num="416" count="51" type="cond" truecount="0" falsecount="1"/>
        <line num="417" count="29" type="stmt"/>
        <line num="419" count="29" type="stmt"/>
        <line num="420" count="29" type="cond" truecount="4" falsecount="0"/>
        <line num="423" count="29" type="stmt"/>
        <line num="425" count="29" type="stmt"/>
        <line num="427" count="29" type="stmt"/>
        <line num="428" count="27" type="stmt"/>
        <line num="431" count="27" type="stmt"/>
        <line num="433" count="27" type="stmt"/>
        <line num="434" count="0" type="stmt"/>
        <line num="436" count="27" type="stmt"/>
        <line num="438" count="27" type="stmt"/>
        <line num="439" count="0" type="stmt"/>
        <line num="441" count="27" type="stmt"/>
        <line num="444" count="27" type="stmt"/>
        <line num="457" count="27" type="stmt"/>
        <line num="466" count="27" type="stmt"/>
        <line num="468" count="2" type="stmt"/>
        <line num="469" count="2" type="stmt"/>
        <line num="476" count="51" type="cond" truecount="0" falsecount="1"/>
        <line num="478" count="33" type="cond" truecount="2" falsecount="0"/>
        <line num="479" count="2" type="stmt"/>
        <line num="480" count="2" type="stmt"/>
        <line num="483" count="31" type="stmt"/>
        <line num="484" count="31" type="stmt"/>
        <line num="486" count="31" type="stmt"/>
        <line num="487" count="31" type="cond" truecount="3" falsecount="0"/>
        <line num="491" count="31" type="stmt"/>
        <line num="494" count="31" type="stmt"/>
        <line num="503" count="31" type="stmt"/>
        <line num="504" count="31" type="stmt"/>
        <line num="505" count="31" type="stmt"/>
        <line num="506" count="29" type="stmt"/>
        <line num="509" count="2" type="stmt"/>
        <line num="513" count="31" type="cond" truecount="2" falsecount="0"/>
        <line num="514" count="28" type="stmt"/>
        <line num="515" count="28" type="cond" truecount="5" falsecount="0"/>
        <line num="516" count="2" type="stmt"/>
        <line num="527" count="2" type="stmt"/>
        <line num="532" count="29" type="stmt"/>
        <line num="541" count="29" type="stmt"/>
        <line num="542" count="29" type="stmt"/>
        <line num="545" count="2" type="cond" truecount="1" falsecount="1"/>
        <line num="546" count="2" type="stmt"/>
        <line num="547" count="2" type="cond" truecount="2" falsecount="0"/>
        <line num="548" count="1" type="stmt"/>
        <line num="560" count="1" type="stmt"/>
        <line num="563" count="1" type="stmt"/>
        <line num="567" count="27" type="stmt"/>
        <line num="570" count="27" type="stmt"/>
        <line num="582" count="27" type="cond" truecount="1" falsecount="1"/>
        <line num="583" count="27" type="stmt"/>
        <line num="587" count="1" type="cond" truecount="1" falsecount="1"/>
        <line num="588" count="1" type="stmt"/>
        <line num="591" count="1" type="cond" truecount="1" falsecount="1"/>
        <line num="592" count="1" type="stmt"/>
        <line num="593" count="1" type="stmt"/>
        <line num="594" count="1" type="cond" truecount="1" falsecount="1"/>
        <line num="595" count="0" type="stmt"/>
        <line num="607" count="0" type="stmt"/>
        <line num="610" count="0" type="stmt"/>
        <line num="614" count="1" type="stmt"/>
        <line num="621" count="31" type="stmt"/>
        <line num="628" count="51" type="stmt"/>
        <line num="629" count="0" type="stmt"/>
        <line num="635" count="51" type="stmt"/>
        <line num="636" count="2" type="stmt"/>
        <line num="637" count="2" type="stmt"/>
        <line num="638" count="1" type="stmt"/>
        <line num="639" count="1" type="stmt"/>
        <line num="641" count="1" type="stmt"/>
        <line num="648" count="51" type="stmt"/>
        <line num="649" count="0" type="stmt"/>
        <line num="650" count="0" type="cond" truecount="0" falsecount="2"/>
        <line num="652" count="0" type="stmt"/>
        <line num="653" count="0" type="stmt"/>
        <line num="654" count="0" type="cond" truecount="0" falsecount="2"/>
        <line num="655" count="0" type="stmt"/>
        <line num="661" count="0" type="cond" truecount="0" falsecount="2"/>
        <line num="662" count="0" type="stmt"/>
        <line num="668" count="0" type="stmt"/>
        <line num="672" count="0" type="stmt"/>
        <line num="685" count="51" type="stmt"/>
        <line num="686" count="1" type="stmt"/>
        <line num="687" count="1" type="stmt"/>
        <line num="688" count="1" type="stmt"/>
        <line num="694" count="51" type="stmt"/>
        <line num="695" count="1" type="stmt"/>
        <line num="696" count="1" type="stmt"/>
        <line num="697" count="1" type="stmt"/>
        <line num="703" count="51" type="stmt"/>
        <line num="704" count="2" type="stmt"/>
        <line num="705" count="2" type="stmt"/>
        <line num="706" count="2" type="stmt"/>
        <line num="708" count="2" type="cond" truecount="2" falsecount="0"/>
        <line num="709" count="1" type="stmt"/>
        <line num="710" count="1" type="stmt"/>
        <line num="711" count="1" type="stmt"/>
        <line num="714" count="1" type="stmt"/>
        <line num="716" count="0" type="stmt"/>
        <line num="717" count="0" type="stmt"/>
        <line num="724" count="51" type="stmt"/>
        <line num="725" count="0" type="cond" truecount="0" falsecount="4"/>
        <line num="727" count="0" type="stmt"/>
        <line num="745" count="51" type="stmt"/>
        <line num="746" count="3" type="cond" truecount="2" falsecount="0"/>
        <line num="748" count="3" type="stmt"/>
        <line num="749" count="3" type="stmt"/>
        <line num="751" count="3" type="stmt"/>
        <line num="762" count="3" type="cond" truecount="3" falsecount="2"/>
        <line num="763" count="0" type="stmt"/>
        <line num="764" count="0" type="stmt"/>
        <line num="767" count="3" type="stmt"/>
        <line num="774" count="51" type="stmt"/>
        <line num="775" count="30" type="cond" truecount="3" falsecount="1"/>
        <line num="776" count="30" type="stmt"/>
        <line num="777" count="0" type="stmt"/>
        <line num="780" count="30" type="stmt"/>
        <line num="787" count="51" type="stmt"/>
        <line num="788" count="48" type="cond" truecount="2" falsecount="0"/>
        <line num="789" count="30" type="stmt"/>
        <line num="790" count="30" type="stmt"/>
        <line num="793" count="48" type="cond" truecount="2" falsecount="0"/>
        <line num="794" count="30" type="stmt"/>
        <line num="795" count="30" type="stmt"/>
        <line num="800" count="51" type="stmt"/>
        <line num="801" count="30" type="stmt"/>
        <line num="802" count="30" type="stmt"/>
        <line num="805" count="30" type="stmt"/>
        <line num="808" count="30" type="stmt"/>
        <line num="810" count="30" type="stmt"/>
        <line num="811" count="30" type="stmt"/>
        <line num="812" count="30" type="stmt"/>
        <line num="817" count="51" type="stmt"/>
        <line num="818" count="18" type="stmt"/>
        <line num="821" count="51" type="stmt"/>
      </file>
      <file name="useStatistics.ts" path="/Users/rakeenhuq/Downloads/cartographer/hooks/useStatistics.ts">
        <metrics statements="229" coveredstatements="154" conditionals="104" coveredconditionals="44" methods="53" coveredmethods="40"/>
        <line num="61" count="2" type="stmt"/>
        <line num="74" count="2" type="cond" truecount="1" falsecount="0"/>
        <line num="79" count="92" type="stmt"/>
        <line num="82" count="92" type="stmt"/>
        <line num="91" count="92" type="stmt"/>
        <line num="92" count="92" type="stmt"/>
        <line num="93" count="92" type="stmt"/>
        <line num="99" count="92" type="stmt"/>
        <line num="100" count="0" type="stmt"/>
        <line num="101" count="0" type="stmt"/>
        <line num="106" count="0" type="stmt"/>
        <line num="109" count="0" type="cond" truecount="0" falsecount="2"/>
        <line num="113" count="0" type="stmt"/>
        <line num="115" count="0" type="stmt"/>
        <line num="116" count="0" type="stmt"/>
        <line num="123" count="92" type="stmt"/>
        <line num="124" count="0" type="stmt"/>
        <line num="125" count="0" type="cond" truecount="0" falsecount="4"/>
        <line num="126" count="0" type="stmt"/>
        <line num="128" count="0" type="stmt"/>
        <line num="130" count="0" type="stmt"/>
        <line num="131" count="0" type="stmt"/>
        <line num="138" count="92" type="stmt"/>
        <line num="139" count="38" type="stmt"/>
        <line num="140" count="38" type="cond" truecount="2" falsecount="2"/>
        <line num="141" count="0" type="stmt"/>
        <line num="142" count="0" type="stmt"/>
        <line num="145" count="0" type="stmt"/>
        <line num="152" count="92" type="stmt"/>
        <line num="153" count="38" type="stmt"/>
        <line num="154" count="38" type="cond" truecount="2" falsecount="2"/>
        <line num="155" count="0" type="stmt"/>
        <line num="158" count="0" type="stmt"/>
        <line num="159" count="0" type="stmt"/>
        <line num="165" count="38" type="stmt"/>
        <line num="166" count="38" type="stmt"/>
        <line num="169" count="3" type="stmt"/>
        <line num="170" count="3" type="stmt"/>
        <line num="177" count="92" type="stmt"/>
        <line num="178" count="38" type="stmt"/>
        <line num="179" count="38" type="cond" truecount="2" falsecount="2"/>
        <line num="180" count="0" type="stmt"/>
        <line num="183" count="0" type="stmt"/>
        <line num="184" count="0" type="stmt"/>
        <line num="188" count="0" type="stmt"/>
        <line num="194" count="38" type="stmt"/>
        <line num="195" count="53" type="stmt"/>
        <line num="199" count="38" type="stmt"/>
        <line num="202" count="0" type="stmt"/>
        <line num="203" count="0" type="stmt"/>
        <line num="214" count="92" type="stmt"/>
        <line num="215" count="38" type="stmt"/>
        <line num="216" count="38" type="cond" truecount="2" falsecount="2"/>
        <line num="217" count="0" type="stmt"/>
        <line num="220" count="0" type="stmt"/>
        <line num="222" count="0" type="cond" truecount="0" falsecount="2"/>
        <line num="223" count="0" type="stmt"/>
        <line num="226" count="0" type="stmt"/>
        <line num="232" count="0" type="stmt"/>
        <line num="233" count="0" type="stmt"/>
        <line num="235" count="0" type="stmt"/>
        <line num="236" count="0" type="cond" truecount="0" falsecount="2"/>
        <line num="237" count="0" type="cond" truecount="0" falsecount="2"/>
        <line num="239" count="0" type="stmt"/>
        <line num="242" count="0" type="stmt"/>
        <line num="244" count="0" type="stmt"/>
        <line num="250" count="38" type="stmt"/>
        <line num="252" count="38" type="cond" truecount="1" falsecount="1"/>
        <line num="253" count="0" type="stmt"/>
        <line num="256" count="38" type="stmt"/>
        <line num="261" count="38" type="stmt"/>
        <line num="262" count="38" type="stmt"/>
        <line num="264" count="53" type="stmt"/>
        <line num="265" count="53" type="cond" truecount="2" falsecount="0"/>
        <line num="266" count="53" type="cond" truecount="2" falsecount="0"/>
        <line num="268" count="0" type="stmt"/>
        <line num="271" count="53" type="stmt"/>
        <line num="273" count="38" type="stmt"/>
        <line num="276" count="0" type="stmt"/>
        <line num="277" count="0" type="stmt"/>
        <line num="284" count="92" type="stmt"/>
        <line num="285" count="38" type="stmt"/>
        <line num="286" count="38" type="cond" truecount="2" falsecount="2"/>
        <line num="287" count="0" type="stmt"/>
        <line num="290" count="0" type="stmt"/>
        <line num="296" count="38" type="stmt"/>
        <line num="299" count="1" type="stmt"/>
        <line num="300" count="1" type="stmt"/>
        <line num="312" count="92" type="stmt"/>
        <line num="313" count="38" type="stmt"/>
        <line num="315" count="38" type="stmt"/>
        <line num="322" count="38" type="stmt"/>
        <line num="329" count="38" type="stmt"/>
        <line num="338" count="38" type="stmt"/>
        <line num="345" count="38" type="stmt"/>
        <line num="347" count="0" type="stmt"/>
        <line num="348" count="0" type="stmt"/>
        <line num="355" count="92" type="cond" truecount="0" falsecount="1"/>
        <line num="357" count="51" type="cond" truecount="2" falsecount="0"/>
        <line num="358" count="11" type="stmt"/>
        <line num="359" count="11" type="stmt"/>
        <line num="362" count="40" type="stmt"/>
        <line num="363" count="40" type="stmt"/>
        <line num="366" count="40" type="stmt"/>
        <line num="371" count="38" type="stmt"/>
        <line num="373" count="38" type="cond" truecount="2" falsecount="2"/>
        <line num="374" count="0" type="stmt"/>
        <line num="378" count="0" type="stmt"/>
        <line num="383" count="0" type="cond" truecount="0" falsecount="2"/>
        <line num="385" count="0" type="cond" truecount="0" falsecount="4"/>
        <line num="387" count="0" type="stmt"/>
        <line num="388" count="0" type="cond" truecount="0" falsecount="2"/>
        <line num="389" count="0" type="stmt"/>
        <line num="397" count="0" type="stmt"/>
        <line num="402" count="0" type="cond" truecount="0" falsecount="2"/>
        <line num="403" count="0" type="cond" truecount="0" falsecount="4"/>
        <line num="404" count="0" type="stmt"/>
        <line num="406" count="0" type="cond" truecount="0" falsecount="4"/>
        <line num="407" count="0" type="stmt"/>
        <line num="413" count="38" type="stmt"/>
        <line num="421" count="38" type="stmt"/>
        <line num="424" count="38" type="stmt"/>
        <line num="427" count="38" type="stmt"/>
        <line num="437" count="2" type="cond" truecount="1" falsecount="1"/>
        <line num="438" count="2" type="stmt"/>
        <line num="440" count="2" type="stmt"/>
        <line num="447" count="40" type="stmt"/>
        <line num="454" count="92" type="stmt"/>
        <line num="455" count="5" type="stmt"/>
        <line num="457" count="4" type="stmt"/>
        <line num="460" count="5" type="stmt"/>
        <line num="466" count="92" type="stmt"/>
        <line num="467" count="3" type="stmt"/>
        <line num="468" count="3" type="cond" truecount="2" falsecount="2"/>
        <line num="469" count="0" type="stmt"/>
        <line num="471" count="3" type="stmt"/>
        <line num="472" count="3" type="stmt"/>
        <line num="474" count="0" type="stmt"/>
        <line num="481" count="92" type="stmt"/>
        <line num="482" count="5" type="stmt"/>
        <line num="483" count="5" type="cond" truecount="1" falsecount="1"/>
        <line num="485" count="5" type="stmt"/>
        <line num="486" count="7" type="stmt"/>
        <line num="487" count="6" type="cond" truecount="2" falsecount="0"/>
        <line num="488" count="4" type="stmt"/>
        <line num="494" count="2" type="cond" truecount="1" falsecount="1"/>
        <line num="495" count="2" type="stmt"/>
        <line num="501" count="0" type="stmt"/>
        <line num="505" count="5" type="stmt"/>
        <line num="518" count="92" type="stmt"/>
        <line num="519" count="1" type="cond" truecount="3" falsecount="1"/>
        <line num="521" count="1" type="stmt"/>
        <line num="528" count="92" type="stmt"/>
        <line num="529" count="6" type="stmt"/>
        <line num="530" count="6" type="cond" truecount="2" falsecount="2"/>
        <line num="531" count="0" type="stmt"/>
        <line num="536" count="0" type="stmt"/>
        <line num="540" count="0" type="stmt"/>
        <line num="545" count="0" type="cond" truecount="0" falsecount="4"/>
        <line num="546" count="0" type="stmt"/>
        <line num="547" count="0" type="stmt"/>
        <line num="549" count="0" type="stmt"/>
        <line num="552" count="0" type="stmt"/>
        <line num="556" count="6" type="stmt"/>
        <line num="558" count="6" type="stmt"/>
        <line num="561" count="6" type="stmt"/>
        <line num="564" count="0" type="stmt"/>
        <line num="571" count="92" type="stmt"/>
        <line num="572" count="44" type="cond" truecount="4" falsecount="0"/>
        <line num="573" count="42" type="stmt"/>
        <line num="575" count="6" type="stmt"/>
        <line num="579" count="42" type="stmt"/>
        <line num="581" count="6" type="stmt"/>
        <line num="582" count="6" type="stmt"/>
        <line num="585" count="42" type="stmt"/>
        <line num="592" count="92" type="stmt"/>
        <line num="593" count="88" type="cond" truecount="2" falsecount="0"/>
        <line num="594" count="42" type="stmt"/>
        <line num="595" count="42" type="stmt"/>
        <line num="599" count="88" type="stmt"/>
        <line num="600" count="88" type="stmt"/>
        <line num="604" count="92" type="stmt"/>
        <line num="605" count="44" type="stmt"/>
        <line num="606" count="44" type="stmt"/>
        <line num="608" count="44" type="cond" truecount="2" falsecount="2"/>
        <line num="609" count="0" type="stmt"/>
        <line num="612" count="0" type="stmt"/>
        <line num="616" count="44" type="stmt"/>
        <line num="618" count="34" type="stmt"/>
        <line num="621" count="44" type="stmt"/>
        <line num="624" count="44" type="stmt"/>
        <line num="625" count="44" type="stmt"/>
        <line num="628" count="44" type="stmt"/>
        <line num="630" count="44" type="stmt"/>
        <line num="631" count="44" type="stmt"/>
        <line num="632" count="44" type="stmt"/>
        <line num="637" count="92" type="stmt"/>
        <line num="638" count="44" type="stmt"/>
        <line num="641" count="92" type="stmt"/>
        <line num="653" count="2" type="stmt"/>
        <line num="654" count="0" type="stmt"/>
        <line num="655" count="0" type="stmt"/>
        <line num="661" count="2" type="stmt"/>
        <line num="662" count="8" type="stmt"/>
        <line num="663" count="8" type="stmt"/>
        <line num="665" count="8" type="stmt"/>
        <line num="666" count="4" type="stmt"/>
        <line num="667" count="4" type="stmt"/>
        <line num="668" count="4" type="stmt"/>
        <line num="669" count="4" type="stmt"/>
        <line num="670" count="2" type="stmt"/>
        <line num="672" count="2" type="stmt"/>
        <line num="674" count="4" type="stmt"/>
        <line num="678" count="4" type="stmt"/>
        <line num="681" count="8" type="stmt"/>
        <line num="687" count="2" type="stmt"/>
        <line num="688" count="10" type="stmt"/>
        <line num="693" count="10" type="stmt"/>
[...]
        <line num="326" count="3" type="stmt"/>
        <line num="327" count="3" type="stmt"/>
        <line num="329" count="3" type="stmt"/>
        <line num="330" count="2" type="stmt"/>
        <line num="331" count="2" type="stmt"/>
        <line num="333" count="2" type="stmt"/>
        <line num="340" count="2" type="stmt"/>
        <line num="342" count="2" type="stmt"/>
        <line num="353" count="213" type="stmt"/>
        <line num="360" count="11" type="stmt"/>
        <line num="367" count="5" type="stmt"/>
        <line num="368" count="5" type="cond" truecount="2" falsecount="0"/>
        <line num="375" count="2" type="cond" truecount="1" falsecount="1"/>
        <line num="382" count="1" type="stmt"/>
        <line num="389" count="47" type="stmt"/>
        <line num="390" count="47" type="stmt"/>
        <line num="391" count="47" type="stmt"/>
        <line num="398" count="5" type="cond" truecount="1" falsecount="1"/>
        <line num="399" count="5" type="stmt"/>
        <line num="415" count="3" type="stmt"/>
        <line num="417" count="3" type="stmt"/>
        <line num="418" count="20" type="stmt"/>
        <line num="419" count="20" type="stmt"/>
        <line num="420" count="20" type="stmt"/>
        <line num="423" count="20" type="stmt"/>
        <line num="426" count="3" type="stmt"/>
        <line num="437" count="2" type="stmt"/>
        <line num="438" count="6" type="cond" truecount="2" falsecount="0"/>
        <line num="439" count="2" type="stmt"/>
        <line num="443" count="4" type="stmt"/>
        <line num="445" count="4" type="stmt"/>
        <line num="446" count="4" type="cond" truecount="3" falsecount="1"/>
        <line num="447" count="4" type="stmt"/>
        <line num="452" count="0" type="stmt"/>
        <line num="456" count="2" type="stmt"/>
        <line num="461" count="3" type="stmt"/>
        <line num="462" count="3" type="stmt"/>
        <line num="463" count="3" type="stmt"/>
        <line num="464" count="3" type="stmt"/>
        <line num="469" count="3" type="stmt"/>
        <line num="470" count="2" type="stmt"/>
        <line num="471" count="2" type="stmt"/>
        <line num="472" count="2" type="stmt"/>
        <line num="473" count="2" type="stmt"/>
      </file>
      <file name="statisticsPerformanceReporter.ts" path="/Users/rakeenhuq/Downloads/cartographer/utils/statisticsPerformanceReporter.ts">
        <metrics statements="97" coveredstatements="0" conditionals="39" coveredconditionals="0" methods="17" coveredmethods="0"/>
        <line num="43" count="0" type="stmt"/>
        <line num="53" count="0" type="stmt"/>
        <line num="54" count="0" type="stmt"/>
        <line num="57" count="0" type="stmt"/>
        <line num="64" count="0" type="cond" truecount="0" falsecount="2"/>
        <line num="65" count="0" type="stmt"/>
        <line num="68" count="0" type="stmt"/>
        <line num="69" count="0" type="stmt"/>
        <line num="72" count="0" type="cond" truecount="0" falsecount="2"/>
        <line num="73" count="0" type="stmt"/>
        <line num="81" count="0" type="stmt"/>
        <line num="88" count="0" type="stmt"/>
        <line num="91" count="0" type="stmt"/>
        <line num="92" count="0" type="stmt"/>
        <line num="93" count="0" type="cond" truecount="0" falsecount="2"/>
        <line num="94" count="0" type="stmt"/>
        <line num="95" count="0" type="stmt"/>
        <line num="104" count="0" type="stmt"/>
        <line num="105" count="0" type="stmt"/>
        <line num="114" count="0" type="stmt"/>
        <line num="121" count="0" type="stmt"/>
        <line num="127" count="0" type="stmt"/>
        <line num="135" count="0" type="stmt"/>
        <line num="142" count="0" type="stmt"/>
        <line num="153" count="0" type="stmt"/>
        <line num="156" count="0" type="stmt"/>
        <line num="157" count="0" type="cond" truecount="0" falsecount="2"/>
        <line num="158" count="0" type="stmt"/>
        <line num="164" count="0" type="cond" truecount="0" falsecount="2"/>
        <line num="165" count="0" type="stmt"/>
        <line num="173" count="0" type="cond" truecount="0" falsecount="2"/>
        <line num="174" count="0" type="stmt"/>
        <line num="180" count="0" type="cond" truecount="0" falsecount="2"/>
        <line num="181" count="0" type="stmt"/>
        <line num="188" count="0" type="cond" truecount="0" falsecount="2"/>
        <line num="189" count="0" type="stmt"/>
        <line num="195" count="0" type="cond" truecount="0" falsecount="2"/>
        <line num="196" count="0" type="stmt"/>
        <line num="202" count="0" type="cond" truecount="0" falsecount="2"/>
        <line num="203" count="0" type="stmt"/>
        <line num="210" count="0" type="cond" truecount="0" falsecount="2"/>
        <line num="211" count="0" type="stmt"/>
        <line num="214" count="0" type="stmt"/>
        <line num="221" count="0" type="stmt"/>
        <line num="223" count="0" type="stmt"/>
        <line num="231" count="0" type="stmt"/>
        <line num="232" count="0" type="cond" truecount="0" falsecount="2"/>
        <line num="233" count="0" type="stmt"/>
        <line num="242" count="0" type="cond" truecount="0" falsecount="2"/>
        <line num="243" count="0" type="stmt"/>
        <line num="253" count="0" type="stmt"/>
        <line num="256" count="0" type="stmt"/>
        <line num="257" count="0" type="cond" truecount="0" falsecount="2"/>
        <line num="258" count="0" type="stmt"/>
        <line num="263" count="0" type="cond" truecount="0" falsecount="2"/>
        <line num="264" count="0" type="stmt"/>
        <line num="268" count="0" type="cond" truecount="0" falsecount="2"/>
        <line num="269" count="0" type="stmt"/>
        <line num="272" count="0" type="stmt"/>
        <line num="279" count="0" type="stmt"/>
        <line num="280" count="0" type="stmt"/>
        <line num="283" count="0" type="stmt"/>
        <line num="284" count="0" type="cond" truecount="0" falsecount="2"/>
        <line num="285" count="0" type="stmt"/>
        <line num="286" count="0" type="stmt"/>
        <line num="291" count="0" type="cond" truecount="0" falsecount="2"/>
        <line num="292" count="0" type="stmt"/>
        <line num="293" count="0" type="stmt"/>
        <line num="297" count="0" type="cond" truecount="0" falsecount="2"/>
        <line num="298" count="0" type="stmt"/>
        <line num="299" count="0" type="stmt"/>
        <line num="302" count="0" type="stmt"/>
        <line num="309" count="0" type="stmt"/>
        <line num="310" count="0" type="stmt"/>
        <line num="311" count="0" type="stmt"/>
        <line num="322" count="0" type="stmt"/>
        <line num="333" count="0" type="stmt"/>
        <line num="334" count="0" type="stmt"/>
        <line num="339" count="0" type="stmt"/>
        <line num="344" count="0" type="stmt"/>
        <line num="345" count="0" type="stmt"/>
        <line num="346" count="0" type="stmt"/>
        <line num="348" count="0" type="stmt"/>
        <line num="349" count="0" type="stmt"/>
        <line num="350" count="0" type="stmt"/>
        <line num="351" count="0" type="stmt"/>
        <line num="358" count="0" type="stmt"/>
        <line num="362" count="0" type="stmt"/>
        <line num="363" count="0" type="stmt"/>
        <line num="364" count="0" type="stmt"/>
        <line num="365" count="0" type="stmt"/>
        <line num="366" count="0" type="stmt"/>
        <line num="367" count="0" type="stmt"/>
        <line num="369" count="0" type="stmt"/>
        <line num="370" count="0" type="stmt"/>
        <line num="378" count="0" type="stmt"/>
        <line num="379" count="0" type="stmt"/>
      </file>
      <file name="statisticsRecovery.ts" path="/Users/rakeenhuq/Downloads/cartographer/utils/statisticsRecovery.ts">
        <metrics statements="84" coveredstatements="0" conditionals="47" coveredconditionals="0" methods="14" coveredmethods="0"/>
        <line num="25" count="0" type="cond" truecount="0" falsecount="2"/>
        <line num="26" count="0" type="stmt"/>
        <line num="28" count="0" type="stmt"/>
        <line num="43" count="0" type="stmt"/>
        <line num="44" count="0" type="stmt"/>
        <line num="45" count="0" type="stmt"/>
        <line num="46" count="0" type="stmt"/>
        <line num="48" count="0" type="stmt"/>
        <line num="53" count="0" type="cond" truecount="0" falsecount="1"/>
        <line num="54" count="0" type="stmt"/>
        <line num="55" count="0" type="stmt"/>
        <line num="56" count="0" type="stmt"/>
        <line num="57" count="0" type="stmt"/>
        <line num="59" count="0" type="stmt"/>
        <line num="60" count="0" type="stmt"/>
        <line num="62" count="0" type="stmt"/>
        <line num="67" count="0" type="cond" truecount="0" falsecount="2"/>
        <line num="68" count="0" type="stmt"/>
        <line num="69" count="0" type="stmt"/>
        <line num="70" count="0" type="stmt"/>
        <line num="71" count="0" type="stmt"/>
        <line num="73" count="0" type="stmt"/>
        <line num="77" count="0" type="stmt"/>
        <line num="79" count="0" type="stmt"/>
        <line num="83" count="0" type="stmt"/>
        <line num="87" count="0" type="cond" truecount="0" falsecount="2"/>
        <line num="88" count="0" type="stmt"/>
        <line num="89" count="0" type="stmt"/>
        <line num="98" count="0" type="stmt"/>
        <line num="100" count="0" type="cond" truecount="0" falsecount="2"/>
        <line num="101" count="0" type="stmt"/>
        <line num="102" count="0" type="stmt"/>
        <line num="114" count="0" type="stmt"/>
        <line num="115" count="0" type="stmt"/>
        <line num="117" count="0" type="stmt"/>
        <line num="118" count="0" type="cond" truecount="0" falsecount="2"/>
        <line num="119" count="0" type="stmt"/>
        <line num="122" count="0" type="stmt"/>
        <line num="128" count="0" type="stmt"/>
        <line num="137" count="0" type="stmt"/>
        <line num="141" count="0" type="stmt"/>
        <line num="143" count="0" type="stmt"/>
        <line num="147" count="0" type="stmt"/>
        <line num="166" count="0" type="stmt"/>
        <line num="186" count="0" type="stmt"/>
        <line num="188" count="0" type="stmt"/>
        <line num="206" count="0" type="stmt"/>
        <line num="207" count="0" type="stmt"/>
        <line num="210" count="0" type="cond" truecount="0" falsecount="2"/>
        <line num="211" count="0" type="stmt"/>
        <line num="215" count="0" type="stmt"/>
        <line num="216" count="0" type="stmt"/>
        <line num="219" count="0" type="cond" truecount="0" falsecount="2"/>
        <line num="220" count="0" type="stmt"/>
        <line num="224" count="0" type="stmt"/>
        <line num="225" count="0" type="stmt"/>
        <line num="236" count="0" type="cond" truecount="0" falsecount="2"/>
        <line num="237" count="0" type="stmt"/>
        <line num="244" count="0" type="cond" truecount="0" falsecount="4"/>
        <line num="245" count="0" type="stmt"/>
        <line num="246" count="0" type="stmt"/>
        <line num="253" count="0" type="stmt"/>
        <line num="264" count="0" type="stmt"/>
        <line num="266" count="0" type="cond" truecount="0" falsecount="2"/>
        <line num="268" count="0" type="stmt"/>
        <line num="269" count="0" type="stmt"/>
        <line num="272" count="0" type="cond" truecount="0" falsecount="2"/>
        <line num="273" count="0" type="stmt"/>
        <line num="274" count="0" type="stmt"/>
        <line num="278" count="0" type="stmt"/>
        <line num="279" count="0" type="stmt"/>
        <line num="282" count="0" type="cond" truecount="0" falsecount="2"/>
        <line num="283" count="0" type="stmt"/>
        <line num="284" count="0" type="stmt"/>
        <line num="288" count="0" type="stmt"/>
        <line num="289" count="0" type="stmt"/>
        <line num="292" count="0" type="cond" truecount="0" falsecount="2"/>
        <line num="293" count="0" type="stmt"/>
        <line num="294" count="0" type="stmt"/>
        <line num="298" count="0" type="cond" truecount="0" falsecount="2"/>
        <line num="299" count="0" type="stmt"/>
        <line num="300" count="0" type="stmt"/>
        <line num="304" count="0" type="stmt"/>
        <line num="309" count="0" type="stmt"/>
      </file>
      <file name="worldExplorationCalculator.ts" path="/Users/rakeenhuq/Downloads/cartographer/utils/worldExplorationCalculator.ts">
        <metrics statements="128" coveredstatements="115" conditionals="113" coveredconditionals="102" methods="10" coveredmethods="10"/>
        <line num="17" count="4" type="stmt"/>
        <line num="24" count="4" type="stmt"/>
        <line num="25" count="180" type="stmt"/>
        <line num="26" count="180" type="cond" truecount="5" falsecount="0"/>
        <line num="27" count="4" type="stmt"/>
        <line num="28" count="4" type="stmt"/>
        <line num="31" count="176" type="stmt"/>
        <line num="35" count="176" type="stmt"/>
        <line num="36" count="176" type="stmt"/>
        <line num="39" count="176" type="stmt"/>
        <line num="40" count="20201" type="stmt"/>
        <line num="41" count="20201" type="cond" truecount="2" falsecount="0"/>
        <line num="46" count="20194" type="cond" truecount="4" falsecount="0"/>
        <line num="47" count="6" type="stmt"/>
        <line num="48" count="6" type="stmt"/>
        <line num="54" count="20188" type="cond" truecount="2" falsecount="0"/>
        <line num="55" count="10002" type="stmt"/>
        <line num="56" count="10186" type="cond" truecount="4" falsecount="0"/>
        <line num="57" count="10183" type="stmt"/>
        <line num="59" count="3" type="stmt"/>
        <line num="63" count="3" type="stmt"/>
        <line num="67" count="20185" type="cond" truecount="4" falsecount="1"/>
        <line num="69" count="0" type="stmt"/>
        <line num="73" count="0" type="stmt"/>
        <line num="76" count="20185" type="stmt"/>
        <line num="79" count="20185" type="stmt"/>
        <line num="80" count="20185" type="stmt"/>
        <line num="81" count="20185" type="stmt"/>
        <line num="83" count="20185" type="stmt"/>
        <line num="90" count="7" type="stmt"/>
        <line num="94" count="7" type="stmt"/>
        <line num="98" count="176" type="stmt"/>
        <line num="104" count="176" type="stmt"/>
        <line num="107" count="0" type="stmt"/>
        <line num="108" count="0" type="cond" truecount="0" falsecount="2"/>
        <line num="117" count="4" type="stmt"/>
        <line num="120" count="11" type="stmt"/>
        <line num="121" count="11" type="stmt"/>
        <line num="123" count="11" type="stmt"/>
        <line num="124" count="11" type="stmt"/>
        <line num="126" count="11" type="stmt"/>
        <line num="132" count="11" type="stmt"/>
        <line num="134" count="11" type="stmt"/>
        <line num="137" count="0" type="stmt"/>
        <line num="138" count="0" type="cond" truecount="0" falsecount="2"/>
        <line num="160" count="4" type="stmt"/>
        <line num="165" count="31" type="cond" truecount="2" falsecount="0"/>
        <line num="166" count="1" type="stmt"/>
        <line num="168" count="30" type="cond" truecount="2" falsecount="0"/>
        <line num="169" count="1" type="stmt"/>
        <line num="171" count="29" type="cond" truecount="2" falsecount="0"/>
        <line num="172" count="1" type="stmt"/>
        <line num="176" count="28" type="cond" truecount="2" falsecount="0"/>
        <line num="177" count="4" type="cond" truecount="2" falsecount="0"/>
        <line num="183" count="24" type="cond" truecount="5" falsecount="0"/>
        <line num="185" count="11" type="stmt"/>
        <line num="186" count="11" type="stmt"/>
        <line num="188" count="6" type="stmt"/>
        <line num="189" count="6" type="stmt"/>
        <line num="192" count="5" type="stmt"/>
        <line num="193" count="5" type="stmt"/>
        <line num="195" count="2" type="stmt"/>
        <line num="201" count="24" type="stmt"/>
        <line num="202" count="24" type="stmt"/>
        <line num="204" count="24" type="cond" truecount="4" falsecount="0"/>
        <line num="205" count="1" type="stmt"/>
        <line num="208" count="23" type="stmt"/>
        <line num="216" count="4" type="stmt"/>
        <line num="217" count="121" type="cond" truecount="6" falsecount="0"/>
        <line num="230" count="4" type="stmt"/>
        <line num="231" count="27" type="cond" truecount="4" falsecount="0"/>
        <line num="232" count="2" type="stmt"/>
        <line num="236" count="25" type="stmt"/>
        <line num="237" count="121" type="cond" truecount="2" falsecount="0"/>
        <line num="238" count="1" type="stmt"/>
        <line num="242" count="24" type="stmt"/>
        <line num="250" count="4" type="stmt"/>
        <line num="251" count="26" type="cond" truecount="4" falsecount="0"/>
        <line num="252" count="2" type="stmt"/>
        <line num="256" count="24" type="stmt"/>
        <line num="257" count="27" type="cond" truecount="2" falsecount="0"/>
        <line num="258" count="3" type="stmt"/>
        <line num="262" count="21" type="stmt"/>
        <line num="270" count="4" type="stmt"/>
        <line num="271" count="3" type="cond" truecount="3" falsecount="1"/>
        <line num="272" count="0" type="stmt"/>
        <line num="276" count="3" type="stmt"/>
        <line num="278" count="6" type="stmt"/>
        <line num="281" count="6" type="cond" truecount="4" falsecount="1"/>
        <line num="283" count="6" type="stmt"/>
        <line num="284" count="6" type="cond" truecount="4" falsecount="1"/>
        <line num="287" count="6" type="cond" truecount="5" falsecount="0"/>
        <line num="288" count="4" type="stmt"/>
        <line num="291" count="2" type="stmt"/>
        <line num="296" count="6" type="cond" truecount="1" falsecount="1"/>
        <line num="297" count="0" type="stmt"/>
        <line num="301" count="3" type="stmt"/>
        <line num="321" count="4" type="stmt"/>
        <line num="322" count="33" type="stmt"/>
        <line num="323" count="33" type="cond" truecount="4" falsecount="0"/>
        <line num="324" count="3" type="stmt"/>
        <line num="328" count="30" type="cond" truecount="2" falsecount="0"/>
        <line num="330" count="30" type="cond" truecount="4" falsecount="0"/>
        <line num="331" count="2" type="stmt"/>
        <line num="335" count="28" type="cond" truecount="4" falsecount="0"/>
        <line num="336" count="4" type="stmt"/>
        <line num="340" count="24" type="cond" truecount="4" falsecount="0"/>
        <line num="341" count="1" type="stmt"/>
        <line num="345" count="23" type="cond" truecount="2" falsecount="0"/>
        <line num="346" count="20" type="stmt"/>
        <line num="350" count="3" type="cond" truecount="1" falsecount="1"/>
        <line num="351" count="3" type="stmt"/>
        <line num="354" count="0" type="stmt"/>
        <line num="357" count="0" type="stmt"/>
        <line num="358" count="0" type="stmt"/>
        <line num="367" count="4" type="stmt"/>
        <line num="368" count="15" type="stmt"/>
        <line num="369" count="15" type="cond" truecount="2" falsecount="0"/>
        <line num="370" count="3" type="stmt"/>
        <line num="375" count="12" type="cond" truecount="2" falsecount="0"/>
        <line num="376" count="2" type="stmt"/>
        <line num="378" count="10" type="stmt"/>
        <line num="381" count="12" type="stmt"/>
        <line num="382" count="12" type="stmt"/>
        <line num="385" count="0" type="stmt"/>
        <line num="386" count="0" type="stmt"/>
        <line num="394" count="4" type="stmt"/>
        <line num="395" count="1" type="stmt"/>
      </file>
    </package>
  </project>
</coverage>
