{"/Users/rakeenhuq/Downloads/cartographer/app/+not-found.tsx": {"path":"/Users/rakeenhuq/Downloads/cartographer/app/+not-found.tsx","statementMap":{"0":{"start":{"line":8,"column":2},"end":{"line":18,"column":4}},"1":{"start":{"line":21,"column":15},"end":{"line":32,"column":2}}},"fnMap":{"0":{"name":"NotFoundScreen","decl":{"start":{"line":7,"column":24},"end":{"line":7,"column":38}},"loc":{"start":{"line":7,"column":41},"end":{"line":19,"column":1}},"line":7}},"branchMap":{},"s":{"0":0,"1":0},"f":{"0":0},"b":{}}
,"/Users/rakeenhuq/Downloads/cartographer/app/_layout.tsx": {"path":"/Users/rakeenhuq/Downloads/cartographer/app/_layout.tsx","statementMap":{"0":{"start":{"line":12,"column":2},"end":{"line":12,"column":48}},"1":{"start":{"line":14,"column":22},"end":{"line":14,"column":38}},"2":{"start":{"line":15,"column":2},"end":{"line":15,"column":66}},"3":{"start":{"line":17,"column":26},"end":{"line":19,"column":4}},"4":{"start":{"line":21,"column":2},"end":{"line":29,"column":22}},"5":{"start":{"line":22,"column":4},"end":{"line":24,"column":5}},"6":{"start":{"line":23,"column":6},"end":{"line":23,"column":62}},"7":{"start":{"line":25,"column":4},"end":{"line":28,"column":5}},"8":{"start":{"line":26,"column":6},"end":{"line":26,"column":62}},"9":{"start":{"line":31,"column":2},"end":{"line":34,"column":3}},"10":{"start":{"line":32,"column":4},"end":{"line":32,"column":69}},"11":{"start":{"line":33,"column":4},"end":{"line":33,"column":16}},"12":{"start":{"line":36,"column":2},"end":{"line":36,"column":58}},"13":{"start":{"line":38,"column":2},"end":{"line":46,"column":4}}},"fnMap":{"0":{"name":"RootLayout","decl":{"start":{"line":11,"column":24},"end":{"line":11,"column":34}},"loc":{"start":{"line":11,"column":37},"end":{"line":47,"column":1}},"line":11},"1":{"name":"(anonymous_1)","decl":{"start":{"line":21,"column":12},"end":{"line":21,"column":13}},"loc":{"start":{"line":21,"column":18},"end":{"line":29,"column":3}},"line":21}},"branchMap":{"0":{"loc":{"start":{"line":22,"column":4},"end":{"line":24,"column":5}},"type":"if","locations":[{"start":{"line":22,"column":4},"end":{"line":24,"column":5}},{"start":{},"end":{}}],"line":22},"1":{"loc":{"start":{"line":25,"column":4},"end":{"line":28,"column":5}},"type":"if","locations":[{"start":{"line":25,"column":4},"end":{"line":28,"column":5}},{"start":{},"end":{}}],"line":25},"2":{"loc":{"start":{"line":31,"column":2},"end":{"line":34,"column":3}},"type":"if","locations":[{"start":{"line":31,"column":2},"end":{"line":34,"column":3}},{"start":{},"end":{}}],"line":31},"3":{"loc":{"start":{"line":39,"column":26},"end":{"line":39,"column":75}},"type":"cond-expr","locations":[{"start":{"line":39,"column":51},"end":{"line":39,"column":60}},{"start":{"line":39,"column":63},"end":{"line":39,"column":75}}],"line":39}},"s":{"0":0,"1":0,"2":0,"3":0,"4":0,"5":0,"6":0,"7":0,"8":0,"9":0,"10":0,"11":0,"12":0,"13":0},"f":{"0":0,"1":0},"b":{"0":[0,0],"1":[0,0],"2":[0,0],"3":[0,0]}}
,"/Users/rakeenhuq/Downloads/cartographer/app/(tabs)/_layout.tsx": {"path":"/Users/rakeenhuq/Downloads/cartographer/app/(tabs)/_layout.tsx","statementMap":{"0":{"start":{"line":11,"column":2},"end":{"line":11,"column":49}},"1":{"start":{"line":13,"column":22},"end":{"line":13,"column":38}},"2":{"start":{"line":14,"column":2},"end":{"line":14,"column":67}},"3":{"start":{"line":16,"column":2},"end":{"line":16,"column":53}},"4":{"start":{"line":18,"column":2},"end":{"line":62,"column":4}},"5":{"start":{"line":37,"column":37},"end":{"line":37,"column":93}},"6":{"start":{"line":44,"column":37},"end":{"line":44,"column":98}},"7":{"start":{"line":51,"column":37},"end":{"line":51,"column":91}},"8":{"start":{"line":58,"column":37},"end":{"line":58,"column":97}}},"fnMap":{"0":{"name":"TabLayout","decl":{"start":{"line":10,"column":24},"end":{"line":10,"column":33}},"loc":{"start":{"line":10,"column":36},"end":{"line":63,"column":1}},"line":10},"1":{"name":"(anonymous_1)","decl":{"start":{"line":37,"column":22},"end":{"line":37,"column":23}},"loc":{"start":{"line":37,"column":37},"end":{"line":37,"column":93}},"line":37},"2":{"name":"(anonymous_2)","decl":{"start":{"line":44,"column":22},"end":{"line":44,"column":23}},"loc":{"start":{"line":44,"column":37},"end":{"line":44,"column":98}},"line":44},"3":{"name":"(anonymous_3)","decl":{"start":{"line":51,"column":22},"end":{"line":51,"column":23}},"loc":{"start":{"line":51,"column":37},"end":{"line":51,"column":91}},"line":51},"4":{"name":"(anonymous_4)","decl":{"start":{"line":58,"column":22},"end":{"line":58,"column":23}},"loc":{"start":{"line":58,"column":37},"end":{"line":58,"column":97}},"line":58}},"branchMap":{"0":{"loc":{"start":{"line":21,"column":38},"end":{"line":21,"column":60}},"type":"binary-expr","locations":[{"start":{"line":21,"column":38},"end":{"line":21,"column":49}},{"start":{"line":21,"column":53},"end":{"line":21,"column":60}}],"line":21}},"s":{"0":0,"1":0,"2":0,"3":0,"4":0,"5":0,"6":0,"7":0,"8":0},"f":{"0":0,"1":0,"2":0,"3":0,"4":0},"b":{"0":[0,0]}}
,"/Users/rakeenhuq/Downloads/cartographer/app/(tabs)/explore.tsx": {"path":"/Users/rakeenhuq/Downloads/cartographer/app/(tabs)/explore.tsx","statementMap":{"0":{"start":{"line":12,"column":2},"end":{"line":96,"column":4}},"1":{"start":{"line":99,"column":15},"end":{"line":110,"column":2}}},"fnMap":{"0":{"name":"TabTwoScreen","decl":{"start":{"line":11,"column":24},"end":{"line":11,"column":36}},"loc":{"start":{"line":11,"column":39},"end":{"line":97,"column":1}},"line":11}},"branchMap":{},"s":{"0":0,"1":0},"f":{"0":0},"b":{}}
,"/Users/rakeenhuq/Downloads/cartographer/app/(tabs)/index.tsx": {"path":"/Users/rakeenhuq/Downloads/cartographer/app/(tabs)/index.tsx","statementMap":{"0":{"start":{"line":10,"column":2},"end":{"line":10,"column":50}},"1":{"start":{"line":12,"column":2},"end":{"line":57,"column":4}},"2":{"start":{"line":60,"column":15},"end":{"line":77,"column":2}}},"fnMap":{"0":{"name":"HomeScreen","decl":{"start":{"line":9,"column":24},"end":{"line":9,"column":34}},"loc":{"start":{"line":9,"column":37},"end":{"line":58,"column":1}},"line":9}},"branchMap":{},"s":{"0":0,"1":0,"2":0},"f":{"0":0},"b":{}}
,"/Users/rakeenhuq/Downloads/cartographer/app/(tabs)/map.tsx": {"path":"/Users/rakeenhuq/Downloads/cartographer/app/(tabs)/map.tsx","statementMap":{"0":{"start":{"line":19,"column":0},"end":{"line":19,"column":122}},"1":{"start":{"line":21,"column":18},"end":{"line":247,"column":1}},"2":{"start":{"line":22,"column":2},"end":{"line":22,"column":47}},"3":{"start":{"line":25,"column":33},"end":{"line":25,"column":54}},"4":{"start":{"line":32,"column":6},"end":{"line":32,"column":25}},"5":{"start":{"line":36,"column":6},"end":{"line":36,"column":22}},"6":{"start":{"line":41,"column":6},"end":{"line":41,"column":21}},"7":{"start":{"line":44,"column":17},"end":{"line":44,"column":47}},"8":{"start":{"line":45,"column":20},"end":{"line":45,"column":49}},"9":{"start":{"line":46,"column":36},"end":{"line":46,"column":51}},"10":{"start":{"line":47,"column":25},"end":{"line":47,"column":38}},"11":{"start":{"line":48,"column":35},"end":{"line":48,"column":82}},"12":{"start":{"line":53,"column":41},"end":{"line":66,"column":3}},"13":{"start":{"line":54,"column":27},"end":{"line":54,"column":30}},"14":{"start":{"line":55,"column":37},"end":{"line":62,"column":5}},"15":{"start":{"line":64,"column":4},"end":{"line":64,"column":53}},"16":{"start":{"line":65,"column":4},"end":{"line":65,"column":65}},"17":{"start":{"line":71,"column":30},"end":{"line":76,"column":3}},"18":{"start":{"line":72,"column":26},"end":{"line":72,"column":58}},"19":{"start":{"line":73,"column":4},"end":{"line":75,"column":55}},"20":{"start":{"line":81,"column":35},"end":{"line":108,"column":3}},"21":{"start":{"line":82,"column":4},"end":{"line":85,"column":5}},"22":{"start":{"line":83,"column":6},"end":{"line":83,"column":64}},"23":{"start":{"line":84,"column":6},"end":{"line":84,"column":18}},"24":{"start":{"line":87,"column":4},"end":{"line":105,"column":5}},"25":{"start":{"line":88,"column":28},"end":{"line":88,"column":67}},"26":{"start":{"line":89,"column":6},"end":{"line":102,"column":7}},"27":{"start":{"line":91,"column":53},"end":{"line":91,"column":66}},"28":{"start":{"line":94,"column":29},"end":{"line":94,"column":53}},"29":{"start":{"line":95,"column":29},"end":{"line":95,"column":53}},"30":{"start":{"line":96,"column":29},"end":{"line":96,"column":53}},"31":{"start":{"line":97,"column":29},"end":{"line":97,"column":53}},"32":{"start":{"line":99,"column":57},"end":{"line":99,"column":113}},"33":{"start":{"line":100,"column":8},"end":{"line":100,"column":61}},"34":{"start":{"line":101,"column":8},"end":{"line":101,"column":22}},"35":{"start":{"line":104,"column":6},"end":{"line":104,"column":60}},"36":{"start":{"line":107,"column":4},"end":{"line":107,"column":16}},"37":{"start":{"line":113,"column":31},"end":{"line":125,"column":3}},"38":{"start":{"line":114,"column":19},"end":{"line":114,"column":51}},"39":{"start":{"line":115,"column":4},"end":{"line":124,"column":5}},"40":{"start":{"line":117,"column":6},"end":{"line":123,"column":7}},"41":{"start":{"line":118,"column":8},"end":{"line":118,"column":61}},"42":{"start":{"line":119,"column":8},"end":{"line":119,"column":37}},"43":{"start":{"line":122,"column":8},"end":{"line":122,"column":43}},"44":{"start":{"line":128,"column":2},"end":{"line":147,"column":19}},"45":{"start":{"line":129,"column":4},"end":{"line":129,"column":66}},"46":{"start":{"line":131,"column":18},"end":{"line":142,"column":5}},"47":{"start":{"line":132,"column":6},"end":{"line":132,"column":65}},"48":{"start":{"line":133,"column":6},"end":{"line":141,"column":7}},"49":{"start":{"line":134,"column":8},"end":{"line":134,"column":29}},"50":{"start":{"line":135,"column":8},"end":{"line":135,"column":71}},"51":{"start":{"line":138,"column":8},"end":{"line":138,"column":27}},"52":{"start":{"line":140,"column":8},"end":{"line":140,"column":67}},"53":{"start":{"line":144,"column":4},"end":{"line":146,"column":7}},"54":{"start":{"line":145,"column":6},"end":{"line":145,"column":64}},"55":{"start":{"line":150,"column":2},"end":{"line":167,"column":28}},"56":{"start":{"line":151,"column":4},"end":{"line":166,"column":5}},"57":{"start":{"line":158,"column":6},"end":{"line":163,"column":9}},"58":{"start":{"line":164,"column":6},"end":{"line":164,"column":36}},"59":{"start":{"line":165,"column":6},"end":{"line":165,"column":70}},"60":{"start":{"line":170,"column":2},"end":{"line":193,"column":39}},"61":{"start":{"line":171,"column":4},"end":{"line":171,"column":101}},"62":{"start":{"line":173,"column":4},"end":{"line":192,"column":5}},"63":{"start":{"line":174,"column":25},"end":{"line":174,"column":49}},"64":{"start":{"line":175,"column":25},"end":{"line":175,"column":50}},"65":{"start":{"line":178,"column":6},"end":{"line":181,"column":7}},"66":{"start":{"line":179,"column":8},"end":{"line":179,"column":63}},"67":{"start":{"line":180,"column":8},"end":{"line":180,"column":15}},"68":{"start":{"line":183,"column":6},"end":{"line":183,"column":70}},"69":{"start":{"line":184,"column":6},"end":{"line":184,"column":78}},"70":{"start":{"line":187,"column":30},"end":{"line":187,"column":84}},"71":{"start":{"line":188,"column":6},"end":{"line":188,"column":40}},"72":{"start":{"line":191,"column":6},"end":{"line":191,"column":76}},"73":{"start":{"line":196,"column":24},"end":{"line":199,"column":3}},"74":{"start":{"line":197,"column":4},"end":{"line":197,"column":31}},"75":{"start":{"line":198,"column":4},"end":{"line":198,"column":23}},"76":{"start":{"line":201,"column":30},"end":{"line":205,"column":3}},"77":{"start":{"line":202,"column":4},"end":{"line":202,"column":35}},"78":{"start":{"line":203,"column":4},"end":{"line":203,"column":30}},"79":{"start":{"line":204,"column":4},"end":{"line":204,"column":27}},"80":{"start":{"line":207,"column":27},"end":{"line":210,"column":3}},"81":{"start":{"line":208,"column":4},"end":{"line":208,"column":32}},"82":{"start":{"line":209,"column":4},"end":{"line":209,"column":31}},"83":{"start":{"line":212,"column":2},"end":{"line":246,"column":4}},"84":{"start":{"line":249,"column":15},"end":{"line":256,"column":2}}},"fnMap":{"0":{"name":"(anonymous_0)","decl":{"start":{"line":21,"column":18},"end":{"line":21,"column":19}},"loc":{"start":{"line":21,"column":24},"end":{"line":247,"column":1}},"line":21},"1":{"name":"(anonymous_1)","decl":{"start":{"line":53,"column":41},"end":{"line":53,"column":42}},"loc":{"start":{"line":53,"column":71},"end":{"line":66,"column":3}},"line":53},"2":{"name":"(anonymous_2)","decl":{"start":{"line":71,"column":30},"end":{"line":71,"column":31}},"loc":{"start":{"line":71,"column":69},"end":{"line":76,"column":3}},"line":71},"3":{"name":"(anonymous_3)","decl":{"start":{"line":81,"column":35},"end":{"line":81,"column":36}},"loc":{"start":{"line":81,"column":97},"end":{"line":108,"column":3}},"line":81},"4":{"name":"(anonymous_4)","decl":{"start":{"line":113,"column":31},"end":{"line":113,"column":32}},"loc":{"start":{"line":113,"column":43},"end":{"line":125,"column":3}},"line":113},"5":{"name":"(anonymous_5)","decl":{"start":{"line":128,"column":12},"end":{"line":128,"column":13}},"loc":{"start":{"line":128,"column":18},"end":{"line":147,"column":3}},"line":128},"6":{"name":"(anonymous_6)","decl":{"start":{"line":131,"column":18},"end":{"line":131,"column":19}},"loc":{"start":{"line":131,"column":30},"end":{"line":142,"column":5}},"line":131},"7":{"name":"(anonymous_7)","decl":{"start":{"line":144,"column":18},"end":{"line":144,"column":19}},"loc":{"start":{"line":144,"column":27},"end":{"line":146,"column":5}},"line":144},"8":{"name":"(anonymous_8)","decl":{"start":{"line":150,"column":12},"end":{"line":150,"column":13}},"loc":{"start":{"line":150,"column":18},"end":{"line":167,"column":3}},"line":150},"9":{"name":"(anonymous_9)","decl":{"start":{"line":170,"column":12},"end":{"line":170,"column":13}},"loc":{"start":{"line":170,"column":18},"end":{"line":193,"column":3}},"line":170},"10":{"name":"(anonymous_10)","decl":{"start":{"line":196,"column":24},"end":{"line":196,"column":25}},"loc":{"start":{"line":196,"column":30},"end":{"line":199,"column":3}},"line":196},"11":{"name":"(anonymous_11)","decl":{"start":{"line":201,"column":30},"end":{"line":201,"column":31}},"loc":{"start":{"line":201,"column":36},"end":{"line":205,"column":3}},"line":201},"12":{"name":"(anonymous_12)","decl":{"start":{"line":207,"column":27},"end":{"line":207,"column":28}},"loc":{"start":{"line":207,"column":33},"end":{"line":210,"column":3}},"line":207}},"branchMap":{"0":{"loc":{"start":{"line":73,"column":11},"end":{"line":75,"column":54}},"type":"binary-expr","locations":[{"start":{"line":73,"column":11},"end":{"line":73,"column":26}},{"start":{"line":74,"column":11},"end":{"line":74,"column":54}},{"start":{"line":75,"column":11},"end":{"line":75,"column":54}}],"line":73},"1":{"loc":{"start":{"line":82,"column":4},"end":{"line":85,"column":5}},"type":"if","locations":[{"start":{"line":82,"column":4},"end":{"line":85,"column":5}},{"start":{},"end":{}}],"line":82},"2":{"loc":{"start":{"line":89,"column":6},"end":{"line":102,"column":7}},"type":"if","locations":[{"start":{"line":89,"column":6},"end":{"line":102,"column":7}},{"start":{},"end":{}}],"line":89},"3":{"loc":{"start":{"line":89,"column":10},"end":{"line":89,"column":53}},"type":"binary-expr","locations":[{"start":{"line":89,"column":10},"end":{"line":89,"column":23}},{"start":{"line":89,"column":27},"end":{"line":89,"column":53}}],"line":89},"4":{"loc":{"start":{"line":115,"column":4},"end":{"line":124,"column":5}},"type":"if","locations":[{"start":{"line":115,"column":4},"end":{"line":124,"column":5}},{"start":{},"end":{}}],"line":115},"5":{"loc":{"start":{"line":117,"column":6},"end":{"line":123,"column":7}},"type":"if","locations":[{"start":{"line":117,"column":6},"end":{"line":123,"column":7}},{"start":{},"end":{}}],"line":117},"6":{"loc":{"start":{"line":151,"column":4},"end":{"line":166,"column":5}},"type":"if","locations":[{"start":{"line":151,"column":4},"end":{"line":166,"column":5}},{"start":{},"end":{}}],"line":151},"7":{"loc":{"start":{"line":152,"column":6},"end":{"line":156,"column":29}},"type":"binary-expr","locations":[{"start":{"line":152,"column":6},"end":{"line":152,"column":15}},{"start":{"line":153,"column":6},"end":{"line":153,"column":14}},{"start":{"line":154,"column":6},"end":{"line":154,"column":21}},{"start":{"line":155,"column":6},"end":{"line":155,"column":23}},{"start":{"line":156,"column":6},"end":{"line":156,"column":29}}],"line":152},"8":{"loc":{"start":{"line":173,"column":4},"end":{"line":192,"column":5}},"type":"if","locations":[{"start":{"line":173,"column":4},"end":{"line":192,"column":5}},{"start":{},"end":{}}],"line":173},"9":{"loc":{"start":{"line":173,"column":8},"end":{"line":173,"column":35}},"type":"binary-expr","locations":[{"start":{"line":173,"column":8},"end":{"line":173,"column":16}},{"start":{"line":173,"column":20},"end":{"line":173,"column":35}}],"line":173},"10":{"loc":{"start":{"line":178,"column":6},"end":{"line":181,"column":7}},"type":"if","locations":[{"start":{"line":178,"column":6},"end":{"line":181,"column":7}},{"start":{},"end":{}}],"line":178}},"s":{"0":0,"1":0,"2":0,"3":0,"4":0,"5":0,"6":0,"7":0,"8":0,"9":0,"10":0,"11":0,"12":0,"13":0,"14":0,"15":0,"16":0,"17":0,"18":0,"19":0,"20":0,"21":0,"22":0,"23":0,"24":0,"25":0,"26":0,"27":0,"28":0,"29":0,"30":0,"31":0,"32":0,"33":0,"34":0,"35":0,"36":0,"37":0,"38":0,"39":0,"40":0,"41":0,"42":0,"43":0,"44":0,"45":0,"46":0,"47":0,"48":0,"49":0,"50":0,"51":0,"52":0,"53":0,"54":0,"55":0,"56":0,"57":0,"58":0,"59":0,"60":0,"61":0,"62":0,"63":0,"64":0,"65":0,"66":0,"67":0,"68":0,"69":0,"70":0,"71":0,"72":0,"73":0,"74":0,"75":0,"76":0,"77":0,"78":0,"79":0,"80":0,"81":0,"82":0,"83":0,"84":0},"f":{"0":0,"1":0,"2":0,"3":0,"4":0,"5":0,"6":0,"7":0,"8":0,"9":0,"10":0,"11":0,"12":0},"b":{"0":[0,0,0],"1":[0,0],"2":[0,0],"3":[0,0],"4":[0,0],"5":[0,0],"6":[0,0],"7":[0,0,0,0,0],"8":[0,0],"9":[0,0],"10":[0,0]}}
,"/Users/rakeenhuq/Downloads/cartographer/app/(tabs)/statistics.tsx": {"path":"/Users/rakeenhuq/Downloads/cartographer/app/(tabs)/statistics.tsx","statementMap":{"0":{"start":{"line":22,"column":53},"end":{"line":22,"column":77}},"1":{"start":{"line":25,"column":17},"end":{"line":25,"column":35}},"2":{"start":{"line":26,"column":20},"end":{"line":26,"column":46}},"3":{"start":{"line":27,"column":22},"end":{"line":27,"column":39}},"4":{"start":{"line":54,"column":6},"end":{"line":54,"column":28}},"5":{"start":{"line":56,"column":26},"end":{"line":56,"column":57}},"6":{"start":{"line":57,"column":21},"end":{"line":57,"column":81}},"7":{"start":{"line":60,"column":19},"end":{"line":60,"column":56}},"8":{"start":{"line":61,"column":20},"end":{"line":61,"column":58}},"9":{"start":{"line":62,"column":60},"end":{"line":62,"column":81}},"10":{"start":{"line":65,"column":2},"end":{"line":84,"column":9}},"11":{"start":{"line":66,"column":30},"end":{"line":74,"column":5}},"12":{"start":{"line":67,"column":6},"end":{"line":73,"column":7}},"13":{"start":{"line":68,"column":26},"end":{"line":68,"column":73}},"14":{"start":{"line":69,"column":8},"end":{"line":69,"column":44}},"15":{"start":{"line":72,"column":8},"end":{"line":72,"column":40}},"16":{"start":{"line":76,"column":4},"end":{"line":76,"column":24}},"17":{"start":{"line":78,"column":25},"end":{"line":81,"column":5}},"18":{"start":{"line":83,"column":4},"end":{"line":83,"column":40}},"19":{"start":{"line":83,"column":17},"end":{"line":83,"column":39}},"20":{"start":{"line":87,"column":2},"end":{"line":117,"column":41}},"21":{"start":{"line":88,"column":30},"end":{"line":88,"column":81}},"22":{"start":{"line":90,"column":4},"end":{"line":116,"column":5}},"23":{"start":{"line":91,"column":6},"end":{"line":102,"column":17}},"24":{"start":{"line":104,"column":6},"end":{"line":115,"column":17}},"25":{"start":{"line":119,"column":24},"end":{"line":121,"column":19}},"26":{"start":{"line":120,"column":4},"end":{"line":120,"column":24}},"27":{"start":{"line":123,"column":32},"end":{"line":125,"column":23}},"28":{"start":{"line":124,"column":4},"end":{"line":124,"column":35}},"29":{"start":{"line":127,"column":27},"end":{"line":158,"column":3}},"30":{"start":{"line":128,"column":4},"end":{"line":157,"column":17}},"31":{"start":{"line":160,"column":27},"end":{"line":201,"column":3}},"32":{"start":{"line":161,"column":4},"end":{"line":200,"column":17}},"33":{"start":{"line":209,"column":29},"end":{"line":240,"column":3}},"34":{"start":{"line":210,"column":30},"end":{"line":217,"column":5}},"35":{"start":{"line":219,"column":4},"end":{"line":239,"column":6}},"36":{"start":{"line":227,"column":10},"end":{"line":236,"column":12}},"37":{"start":{"line":242,"column":32},"end":{"line":344,"column":3}},"38":{"start":{"line":243,"column":4},"end":{"line":243,"column":27}},"39":{"start":{"line":243,"column":15},"end":{"line":243,"column":27}},"40":{"start":{"line":246,"column":26},"end":{"line":250,"column":60}},"41":{"start":{"line":252,"column":29},"end":{"line":254,"column":62}},"42":{"start":{"line":256,"column":28},"end":{"line":258,"column":57}},"43":{"start":{"line":260,"column":25},"end":{"line":262,"column":65}},"44":{"start":{"line":264,"column":24},"end":{"line":268,"column":5}},"45":{"start":{"line":265,"column":6},"end":{"line":265,"column":48}},"46":{"start":{"line":265,"column":24},"end":{"line":265,"column":48}},"47":{"start":{"line":266,"column":6},"end":{"line":266,"column":66}},"48":{"start":{"line":266,"column":27},"end":{"line":266,"column":66}},"49":{"start":{"line":267,"column":6},"end":{"line":267,"column":48}},"50":{"start":{"line":270,"column":28},"end":{"line":275,"column":5}},"51":{"start":{"line":271,"column":6},"end":{"line":271,"column":49}},"52":{"start":{"line":271,"column":27},"end":{"line":271,"column":49}},"53":{"start":{"line":273,"column":6},"end":{"line":273,"column":78}},"54":{"start":{"line":273,"column":29},"end":{"line":273,"column":78}},"55":{"start":{"line":274,"column":6},"end":{"line":274,"column":51}},"56":{"start":{"line":277,"column":16},"end":{"line":277,"column":26}},"57":{"start":{"line":278,"column":24},"end":{"line":278,"column":50}},"58":{"start":{"line":279,"column":24},"end":{"line":279,"column":84}},"59":{"start":{"line":280,"column":25},"end":{"line":283,"column":56}},"60":{"start":{"line":285,"column":18},"end":{"line":329,"column":5}},"61":{"start":{"line":331,"column":4},"end":{"line":343,"column":6}},"62":{"start":{"line":338,"column":10},"end":{"line":340,"column":17}},"63":{"start":{"line":346,"column":2},"end":{"line":510,"column":4}},"64":{"start":{"line":487,"column":30},"end":{"line":487,"column":40}},"65":{"start":{"line":488,"column":38},"end":{"line":488,"column":98}},"66":{"start":{"line":489,"column":18},"end":{"line":492,"column":81}},"67":{"start":{"line":496,"column":30},"end":{"line":496,"column":40}},"68":{"start":{"line":497,"column":38},"end":{"line":497,"column":98}},"69":{"start":{"line":498,"column":18},"end":{"line":501,"column":73}},"70":{"start":{"line":513,"column":15},"end":{"line":693,"column":2}}},"fnMap":{"0":{"name":"StatisticsScreen","decl":{"start":{"line":43,"column":24},"end":{"line":43,"column":40}},"loc":{"start":{"line":43,"column":43},"end":{"line":511,"column":1}},"line":43},"1":{"name":"(anonymous_1)","decl":{"start":{"line":65,"column":18},"end":{"line":65,"column":19}},"loc":{"start":{"line":65,"column":24},"end":{"line":84,"column":3}},"line":65},"2":{"name":"(anonymous_2)","decl":{"start":{"line":66,"column":30},"end":{"line":66,"column":31}},"loc":{"start":{"line":66,"column":42},"end":{"line":74,"column":5}},"line":66},"3":{"name":"(anonymous_3)","decl":{"start":{"line":83,"column":11},"end":{"line":83,"column":12}},"loc":{"start":{"line":83,"column":17},"end":{"line":83,"column":39}},"line":83},"4":{"name":"(anonymous_4)","decl":{"start":{"line":87,"column":18},"end":{"line":87,"column":19}},"loc":{"start":{"line":87,"column":24},"end":{"line":117,"column":3}},"line":87},"5":{"name":"(anonymous_5)","decl":{"start":{"line":119,"column":36},"end":{"line":119,"column":37}},"loc":{"start":{"line":119,"column":48},"end":{"line":121,"column":3}},"line":119},"6":{"name":"(anonymous_6)","decl":{"start":{"line":123,"column":44},"end":{"line":123,"column":45}},"loc":{"start":{"line":123,"column":56},"end":{"line":125,"column":3}},"line":123},"7":{"name":"(anonymous_7)","decl":{"start":{"line":127,"column":27},"end":{"line":127,"column":28}},"loc":{"start":{"line":128,"column":4},"end":{"line":157,"column":17}},"line":128},"8":{"name":"(anonymous_8)","decl":{"start":{"line":160,"column":27},"end":{"line":160,"column":28}},"loc":{"start":{"line":161,"column":4},"end":{"line":200,"column":17}},"line":161},"9":{"name":"(anonymous_9)","decl":{"start":{"line":209,"column":29},"end":{"line":209,"column":30}},"loc":{"start":{"line":209,"column":35},"end":{"line":240,"column":3}},"line":209},"10":{"name":"(anonymous_10)","decl":{"start":{"line":226,"column":31},"end":{"line":226,"column":32}},"loc":{"start":{"line":226,"column":49},"end":{"line":237,"column":9}},"line":226},"11":{"name":"(anonymous_11)","decl":{"start":{"line":242,"column":32},"end":{"line":242,"column":33}},"loc":{"start":{"line":242,"column":38},"end":{"line":344,"column":3}},"line":242},"12":{"name":"(anonymous_12)","decl":{"start":{"line":264,"column":24},"end":{"line":264,"column":25}},"loc":{"start":{"line":264,"column":43},"end":{"line":268,"column":5}},"line":264},"13":{"name":"(anonymous_13)","decl":{"start":{"line":270,"column":28},"end":{"line":270,"column":29}},"loc":{"start":{"line":270,"column":51},"end":{"line":275,"column":5}},"line":270},"14":{"name":"(anonymous_14)","decl":{"start":{"line":337,"column":19},"end":{"line":337,"column":20}},"loc":{"start":{"line":338,"column":10},"end":{"line":340,"column":17}},"line":338},"15":{"name":"(anonymous_15)","decl":{"start":{"line":486,"column":64},"end":{"line":486,"column":65}},"loc":{"start":{"line":486,"column":70},"end":{"line":493,"column":17}},"line":486},"16":{"name":"(anonymous_16)","decl":{"start":{"line":495,"column":18},"end":{"line":495,"column":19}},"loc":{"start":{"line":495,"column":24},"end":{"line":502,"column":17}},"line":495}},"branchMap":{"0":{"loc":{"start":{"line":60,"column":38},"end":{"line":60,"column":55}},"type":"cond-expr","locations":[{"start":{"line":60,"column":50},"end":{"line":60,"column":51}},{"start":{"line":60,"column":54},"end":{"line":60,"column":55}}],"line":60},"1":{"loc":{"start":{"line":61,"column":39},"end":{"line":61,"column":57}},"type":"cond-expr","locations":[{"start":{"line":61,"column":51},"end":{"line":61,"column":53}},{"start":{"line":61,"column":56},"end":{"line":61,"column":57}}],"line":61},"2":{"loc":{"start":{"line":88,"column":30},"end":{"line":88,"column":81}},"type":"cond-expr","locations":[{"start":{"line":88,"column":54},"end":{"line":88,"column":55}},{"start":{"line":88,"column":59},"end":{"line":88,"column":80}}],"line":88},"3":{"loc":{"start":{"line":88,"column":59},"end":{"line":88,"column":80}},"type":"cond-expr","locations":[{"start":{"line":88,"column":71},"end":{"line":88,"column":74}},{"start":{"line":88,"column":77},"end":{"line":88,"column":80}}],"line":88},"4":{"loc":{"start":{"line":90,"column":4},"end":{"line":116,"column":5}},"type":"if","locations":[{"start":{"line":90,"column":4},"end":{"line":116,"column":5}},{"start":{"line":103,"column":11},"end":{"line":116,"column":5}}],"line":90},"5":{"loc":{"start":{"line":98,"column":19},"end":{"line":98,"column":49}},"type":"cond-expr","locations":[{"start":{"line":98,"column":43},"end":{"line":98,"column":44}},{"start":{"line":98,"column":47},"end":{"line":98,"column":49}}],"line":98},"6":{"loc":{"start":{"line":181,"column":46},"end":{"line":181,"column":99}},"type":"binary-expr","locations":[{"start":{"line":181,"column":46},"end":{"line":181,"column":51}},{"start":{"line":181,"column":55},"end":{"line":181,"column":99}}],"line":181},"7":{"loc":{"start":{"line":183,"column":9},"end":{"line":183,"column":62}},"type":"binary-expr","locations":[{"start":{"line":183,"column":9},"end":{"line":183,"column":14}},{"start":{"line":183,"column":18},"end":{"line":183,"column":62}}],"line":183},"8":{"loc":{"start":{"line":243,"column":4},"end":{"line":243,"column":27}},"type":"if","locations":[{"start":{"line":243,"column":4},"end":{"line":243,"column":27}},{"start":{},"end":{}}],"line":243},"9":{"loc":{"start":{"line":246,"column":26},"end":{"line":250,"column":60}},"type":"cond-expr","locations":[{"start":{"line":247,"column":8},"end":{"line":247,"column":17}},{"start":{"line":248,"column":8},"end":{"line":250,"column":60}}],"line":246},"10":{"loc":{"start":{"line":248,"column":8},"end":{"line":250,"column":60}},"type":"cond-expr","locations":[{"start":{"line":249,"column":8},"end":{"line":249,"column":72}},{"start":{"line":250,"column":8},"end":{"line":250,"column":60}}],"line":248},"11":{"loc":{"start":{"line":252,"column":29},"end":{"line":254,"column":62}},"type":"cond-expr","locations":[{"start":{"line":253,"column":8},"end":{"line":253,"column":14}},{"start":{"line":254,"column":8},"end":{"line":254,"column":62}}],"line":252},"12":{"loc":{"start":{"line":256,"column":28},"end":{"line":258,"column":57}},"type":"cond-expr","locations":[{"start":{"line":257,"column":8},"end":{"line":257,"column":17}},{"start":{"line":258,"column":8},"end":{"line":258,"column":57}}],"line":256},"13":{"loc":{"start":{"line":260,"column":25},"end":{"line":262,"column":65}},"type":"cond-expr","locations":[{"start":{"line":261,"column":8},"end":{"line":261,"column":76}},{"start":{"line":262,"column":8},"end":{"line":262,"column":65}}],"line":260},"14":{"loc":{"start":{"line":265,"column":6},"end":{"line":265,"column":48}},"type":"if","locations":[{"start":{"line":265,"column":6},"end":{"line":265,"column":48}},{"start":{},"end":{}}],"line":265},"15":{"loc":{"start":{"line":266,"column":6},"end":{"line":266,"column":66}},"type":"if","locations":[{"start":{"line":266,"column":6},"end":{"line":266,"column":66}},{"start":{},"end":{}}],"line":266},"16":{"loc":{"start":{"line":271,"column":6},"end":{"line":271,"column":49}},"type":"if","locations":[{"start":{"line":271,"column":6},"end":{"line":271,"column":49}},{"start":{},"end":{}}],"line":271},"17":{"loc":{"start":{"line":273,"column":6},"end":{"line":273,"column":78}},"type":"if","locations":[{"start":{"line":273,"column":6},"end":{"line":273,"column":78}},{"start":{},"end":{}}],"line":273},"18":{"loc":{"start":{"line":280,"column":25},"end":{"line":283,"column":56}},"type":"cond-expr","locations":[{"start":{"line":280,"column":43},"end":{"line":280,"column":53}},{"start":{"line":281,"column":24},"end":{"line":283,"column":56}}],"line":280},"19":{"loc":{"start":{"line":281,"column":24},"end":{"line":283,"column":56}},"type":"cond-expr","locations":[{"start":{"line":281,"column":43},"end":{"line":281,"column":64}},{"start":{"line":282,"column":24},"end":{"line":283,"column":56}}],"line":281},"20":{"loc":{"start":{"line":282,"column":24},"end":{"line":283,"column":56}},"type":"cond-expr","locations":[{"start":{"line":282,"column":45},"end":{"line":282,"column":83}},{"start":{"line":283,"column":24},"end":{"line":283,"column":56}}],"line":282},"21":{"loc":{"start":{"line":298,"column":28},"end":{"line":298,"column":111}},"type":"cond-expr","locations":[{"start":{"line":298,"column":67},"end":{"line":298,"column":99}},{"start":{"line":298,"column":102},"end":{"line":298,"column":111}}],"line":298},"22":{"loc":{"start":{"line":400,"column":13},"end":{"line":400,"column":55}},"type":"cond-expr","locations":[{"start":{"line":400,"column":30},"end":{"line":400,"column":48}},{"start":{"line":400,"column":51},"end":{"line":400,"column":55}}],"line":400},"23":{"loc":{"start":{"line":400,"column":13},"end":{"line":400,"column":27}},"type":"binary-expr","locations":[{"start":{"line":400,"column":13},"end":{"line":400,"column":18}},{"start":{"line":400,"column":22},"end":{"line":400,"column":27}}],"line":400},"24":{"loc":{"start":{"line":401,"column":13},"end":{"line":403,"column":36}},"type":"cond-expr","locations":[{"start":{"line":401,"column":34},"end":{"line":401,"column":54}},{"start":{"line":402,"column":13},"end":{"line":403,"column":36}}],"line":401},"25":{"loc":{"start":{"line":401,"column":13},"end":{"line":401,"column":31}},"type":"binary-expr","locations":[{"start":{"line":401,"column":13},"end":{"line":401,"column":22}},{"start":{"line":401,"column":26},"end":{"line":401,"column":31}}],"line":401},"26":{"loc":{"start":{"line":402,"column":13},"end":{"line":403,"column":36}},"type":"cond-expr","locations":[{"start":{"line":402,"column":45},"end":{"line":402,"column":63}},{"start":{"line":403,"column":13},"end":{"line":403,"column":36}}],"line":402},"27":{"loc":{"start":{"line":402,"column":13},"end":{"line":402,"column":42}},"type":"binary-expr","locations":[{"start":{"line":402,"column":13},"end":{"line":402,"column":18}},{"start":{"line":402,"column":22},"end":{"line":402,"column":32}},{"start":{"line":402,"column":36},"end":{"line":402,"column":42}}],"line":402},"28":{"loc":{"start":{"line":406,"column":13},"end":{"line":475,"column":13}},"type":"binary-expr","locations":[{"start":{"line":406,"column":13},"end":{"line":406,"column":17}},{"start":{"line":406,"column":21},"end":{"line":406,"column":27}},{"start":{"line":407,"column":14},"end":{"line":474,"column":21}}],"line":406},"29":{"loc":{"start":{"line":426,"column":17},"end":{"line":472,"column":17}},"type":"cond-expr","locations":[{"start":{"line":427,"column":18},"end":{"line":431,"column":25}},{"start":{"line":432,"column":20},"end":{"line":472,"column":17}}],"line":426},"30":{"loc":{"start":{"line":432,"column":20},"end":{"line":472,"column":17}},"type":"cond-expr","locations":[{"start":{"line":433,"column":18},"end":{"line":439,"column":20}},{"start":{"line":441,"column":18},"end":{"line":471,"column":25}}],"line":432},"31":{"loc":{"start":{"line":432,"column":20},"end":{"line":432,"column":87}},"type":"binary-expr","locations":[{"start":{"line":432,"column":20},"end":{"line":432,"column":46}},{"start":{"line":432,"column":50},"end":{"line":432,"column":87}}],"line":432},"32":{"loc":{"start":{"line":478,"column":13},"end":{"line":505,"column":13}},"type":"binary-expr","locations":[{"start":{"line":478,"column":13},"end":{"line":478,"column":17}},{"start":{"line":478,"column":21},"end":{"line":478,"column":31}},{"start":{"line":478,"column":35},"end":{"line":478,"column":41}},{"start":{"line":479,"column":14},"end":{"line":504,"column":21}}],"line":478},"33":{"loc":{"start":{"line":489,"column":25},"end":{"line":492,"column":80}},"type":"cond-expr","locations":[{"start":{"line":489,"column":43},"end":{"line":489,"column":53}},{"start":{"line":490,"column":25},"end":{"line":492,"column":80}}],"line":489},"34":{"loc":{"start":{"line":490,"column":25},"end":{"line":492,"column":80}},"type":"cond-expr","locations":[{"start":{"line":490,"column":44},"end":{"line":490,"column":72}},{"start":{"line":491,"column":25},"end":{"line":492,"column":80}}],"line":490},"35":{"loc":{"start":{"line":491,"column":25},"end":{"line":492,"column":80}},"type":"cond-expr","locations":[{"start":{"line":491,"column":46},"end":{"line":491,"column":89}},{"start":{"line":492,"column":25},"end":{"line":492,"column":80}}],"line":491},"36":{"loc":{"start":{"line":498,"column":25},"end":{"line":501,"column":72}},"type":"cond-expr","locations":[{"start":{"line":498,"column":43},"end":{"line":498,"column":53}},{"start":{"line":499,"column":25},"end":{"line":501,"column":72}}],"line":498},"37":{"loc":{"start":{"line":499,"column":25},"end":{"line":501,"column":72}},"type":"cond-expr","locations":[{"start":{"line":499,"column":44},"end":{"line":499,"column":65}},{"start":{"line":500,"column":25},"end":{"line":501,"column":72}}],"line":499},"38":{"loc":{"start":{"line":500,"column":25},"end":{"line":501,"column":72}},"type":"cond-expr","locations":[{"start":{"line":500,"column":46},"end":{"line":500,"column":84}},{"start":{"line":501,"column":25},"end":{"line":501,"column":72}}],"line":500},"39":{"loc":{"start":{"line":518,"column":23},"end":{"line":518,"column":46}},"type":"cond-expr","locations":[{"start":{"line":518,"column":39},"end":{"line":518,"column":41}},{"start":{"line":518,"column":44},"end":{"line":518,"column":46}}],"line":518},"40":{"loc":{"start":{"line":519,"column":21},"end":{"line":519,"column":44}},"type":"cond-expr","locations":[{"start":{"line":519,"column":37},"end":{"line":519,"column":39}},{"start":{"line":519,"column":42},"end":{"line":519,"column":44}}],"line":519},"41":{"loc":{"start":{"line":541,"column":23},"end":{"line":541,"column":45}},"type":"cond-expr","locations":[{"start":{"line":541,"column":39},"end":{"line":541,"column":40}},{"start":{"line":541,"column":43},"end":{"line":541,"column":45}}],"line":541},"42":{"loc":{"start":{"line":544,"column":11},"end":{"line":546,"column":38}},"type":"cond-expr","locations":[{"start":{"line":545,"column":9},"end":{"line":545,"column":36}},{"start":{"line":546,"column":9},"end":{"line":546,"column":37}}],"line":544},"43":{"loc":{"start":{"line":545,"column":9},"end":{"line":545,"column":36}},"type":"cond-expr","locations":[{"start":{"line":545,"column":23},"end":{"line":545,"column":28}},{"start":{"line":545,"column":31},"end":{"line":545,"column":36}}],"line":545},"44":{"loc":{"start":{"line":546,"column":9},"end":{"line":546,"column":37}},"type":"cond-expr","locations":[{"start":{"line":546,"column":23},"end":{"line":546,"column":28}},{"start":{"line":546,"column":31},"end":{"line":546,"column":37}}],"line":546},"45":{"loc":{"start":{"line":547,"column":18},"end":{"line":547,"column":39}},"type":"cond-expr","locations":[{"start":{"line":547,"column":34},"end":{"line":547,"column":35}},{"start":{"line":547,"column":38},"end":{"line":547,"column":39}}],"line":547},"46":{"loc":{"start":{"line":590,"column":15},"end":{"line":590,"column":38}},"type":"cond-expr","locations":[{"start":{"line":590,"column":31},"end":{"line":590,"column":33}},{"start":{"line":590,"column":36},"end":{"line":590,"column":38}}],"line":590},"47":{"loc":{"start":{"line":591,"column":23},"end":{"line":591,"column":45}},"type":"cond-expr","locations":[{"start":{"line":591,"column":39},"end":{"line":591,"column":40}},{"start":{"line":591,"column":43},"end":{"line":591,"column":45}}],"line":591},"48":{"loc":{"start":{"line":608,"column":15},"end":{"line":608,"column":40}},"type":"cond-expr","locations":[{"start":{"line":608,"column":31},"end":{"line":608,"column":34}},{"start":{"line":608,"column":37},"end":{"line":608,"column":40}}],"line":608},"49":{"loc":{"start":{"line":609,"column":15},"end":{"line":609,"column":57}},"type":"cond-expr","locations":[{"start":{"line":609,"column":26},"end":{"line":609,"column":29}},{"start":{"line":609,"column":33},"end":{"line":609,"column":56}}],"line":609},"50":{"loc":{"start":{"line":609,"column":33},"end":{"line":609,"column":56}},"type":"cond-expr","locations":[{"start":{"line":609,"column":47},"end":{"line":609,"column":50}},{"start":{"line":609,"column":53},"end":{"line":609,"column":56}}],"line":609}},"s":{"0":2,"1":2,"2":2,"3":2,"4":52,"5":52,"6":52,"7":52,"8":52,"9":52,"10":52,"11":40,"12":40,"13":40,"14":40,"15":0,"16":40,"17":40,"18":40,"19":40,"20":52,"21":42,"22":42,"23":6,"24":36,"25":52,"26":3,"27":52,"28":0,"29":52,"30":2,"31":52,"32":5,"33":52,"34":5,"35":5,"36":30,"37":52,"38":45,"39":5,"40":40,"41":40,"42":40,"43":40,"44":40,"45":123,"46":118,"47":5,"48":5,"49":0,"50":40,"51":120,"52":0,"53":120,"54":117,"55":3,"56":40,"57":40,"58":40,"59":40,"60":40,"61":40,"62":240,"63":52,"64":39,"65":39,"66":39,"67":39,"68":39,"69":39,"70":2},"f":{"0":52,"1":40,"2":40,"3":40,"4":42,"5":3,"6":0,"7":2,"8":5,"9":5,"10":30,"11":45,"12":123,"13":120,"14":240,"15":39,"16":39},"b":{"0":[6,46],"1":[6,46],"2":[0,42],"3":[6,36],"4":[6,36],"5":[0,6],"6":[5,0],"7":[5,0],"8":[5,40],"9":[4,36],"10":[1,35],"11":[4,36],"12":[3,37],"13":[3,37],"14":[118,5],"15":[5,0],"16":[0,120],"17":[117,3],"18":[38,2],"19":[0,2],"20":[0,2],"21":[37,3],"22":[5,47],"23":[52,5],"24":[5,47],"25":[52,6],"26":[2,45],"27":[47,7,7],"28":[52,40,40],"29":[1,39],"30":[32,7],"31":[39,39],"32":[52,40,39,39],"33":[37,2],"34":[0,2],"35":[0,2],"36":[37,2],"37":[0,2],"38":[0,2],"39":[0,2],"40":[0,2],"41":[0,2],"42":[0,2],"43":[0,0],"44":[0,2],"45":[0,2],"46":[0,2],"47":[0,2],"48":[0,2],"49":[0,2],"50":[0,2]},"_coverageSchema":"1a1c01bbd47fc00a2c39e90264f33305004495a9","hash":"3fe12402d5babd8138b07bf51431cc90c823e652"}
,"/Users/rakeenhuq/Downloads/cartographer/components/Collapsible.tsx": {"path":"/Users/rakeenhuq/Downloads/cartographer/components/Collapsible.tsx","statementMap":{"0":{"start":{"line":11,"column":30},"end":{"line":11,"column":45}},"1":{"start":{"line":12,"column":16},"end":{"line":12,"column":43}},"2":{"start":{"line":14,"column":2},"end":{"line":32,"column":4}},"3":{"start":{"line":18,"column":23},"end":{"line":18,"column":51}},"4":{"start":{"line":18,"column":44},"end":{"line":18,"column":50}},"5":{"start":{"line":35,"column":15},"end":{"line":45,"column":2}}},"fnMap":{"0":{"name":"Collapsible","decl":{"start":{"line":10,"column":16},"end":{"line":10,"column":27}},"loc":{"start":{"line":10,"column":88},"end":{"line":33,"column":1}},"line":10},"1":{"name":"(anonymous_1)","decl":{"start":{"line":18,"column":17},"end":{"line":18,"column":18}},"loc":{"start":{"line":18,"column":23},"end":{"line":18,"column":51}},"line":18},"2":{"name":"(anonymous_2)","decl":{"start":{"line":18,"column":33},"end":{"line":18,"column":34}},"loc":{"start":{"line":18,"column":44},"end":{"line":18,"column":50}},"line":18}},"branchMap":{"0":{"loc":{"start":{"line":12,"column":16},"end":{"line":12,"column":43}},"type":"binary-expr","locations":[{"start":{"line":12,"column":16},"end":{"line":12,"column":32}},{"start":{"line":12,"column":36},"end":{"line":12,"column":43}}],"line":12},"1":{"loc":{"start":{"line":24,"column":17},"end":{"line":24,"column":73}},"type":"cond-expr","locations":[{"start":{"line":24,"column":37},"end":{"line":24,"column":54}},{"start":{"line":24,"column":57},"end":{"line":24,"column":73}}],"line":24},"2":{"loc":{"start":{"line":25,"column":41},"end":{"line":25,"column":66}},"type":"cond-expr","locations":[{"start":{"line":25,"column":50},"end":{"line":25,"column":57}},{"start":{"line":25,"column":60},"end":{"line":25,"column":66}}],"line":25},"3":{"loc":{"start":{"line":30,"column":7},"end":{"line":30,"column":75}},"type":"binary-expr","locations":[{"start":{"line":30,"column":7},"end":{"line":30,"column":13}},{"start":{"line":30,"column":17},"end":{"line":30,"column":75}}],"line":30}},"s":{"0":4,"1":4,"2":4,"3":2,"4":2,"5":1},"f":{"0":4,"1":2,"2":2},"b":{"0":[4,0],"1":[4,0],"2":[2,2],"3":[4,2]},"_coverageSchema":"1a1c01bbd47fc00a2c39e90264f33305004495a9","hash":"38587ab6356c97dbfa83f20329ee268f0b49be1c"}
,"/Users/rakeenhuq/Downloads/cartographer/components/ExternalLink.tsx": {"path":"/Users/rakeenhuq/Downloads/cartographer/components/ExternalLink.tsx","statementMap":{"0":{"start":{"line":9,"column":2},"end":{"line":23,"column":4}},"1":{"start":{"line":15,"column":8},"end":{"line":20,"column":9}},"2":{"start":{"line":17,"column":10},"end":{"line":17,"column":33}},"3":{"start":{"line":19,"column":10},"end":{"line":19,"column":39}}},"fnMap":{"0":{"name":"ExternalLink","decl":{"start":{"line":8,"column":16},"end":{"line":8,"column":28}},"loc":{"start":{"line":8,"column":55},"end":{"line":24,"column":1}},"line":8},"1":{"name":"(anonymous_1)","decl":{"start":{"line":14,"column":15},"end":{"line":14,"column":16}},"loc":{"start":{"line":14,"column":32},"end":{"line":21,"column":7}},"line":14}},"branchMap":{"0":{"loc":{"start":{"line":15,"column":8},"end":{"line":20,"column":9}},"type":"if","locations":[{"start":{"line":15,"column":8},"end":{"line":20,"column":9}},{"start":{},"end":{}}],"line":15}},"s":{"0":2,"1":0,"2":0,"3":0},"f":{"0":2,"1":0},"b":{"0":[0,0]},"_coverageSchema":"1a1c01bbd47fc00a2c39e90264f33305004495a9","hash":"e8113d9c84a59b12ab762473d4101531bc9a1585"}
,"/Users/rakeenhuq/Downloads/cartographer/components/FogOverlay.tsx": {"path":"/Users/rakeenhuq/Downloads/cartographer/components/FogOverlay.tsx","statementMap":{"0":{"start":{"line":20,"column":46},"end":{"line":112,"column":1}},"1":{"start":{"line":28,"column":2},"end":{"line":31,"column":3}},"2":{"start":{"line":29,"column":4},"end":{"line":29,"column":55}},"3":{"start":{"line":30,"column":4},"end":{"line":30,"column":16}},"4":{"start":{"line":33,"column":2},"end":{"line":38,"column":3}},"5":{"start":{"line":34,"column":4},"end":{"line":36,"column":7}},"6":{"start":{"line":37,"column":4},"end":{"line":37,"column":16}},"7":{"start":{"line":40,"column":2},"end":{"line":43,"column":3}},"8":{"start":{"line":41,"column":4},"end":{"line":41,"column":88}},"9":{"start":{"line":42,"column":4},"end":{"line":42,"column":16}},"10":{"start":{"line":45,"column":2},"end":{"line":48,"column":3}},"11":{"start":{"line":46,"column":4},"end":{"line":46,"column":58}},"12":{"start":{"line":47,"column":4},"end":{"line":47,"column":16}},"13":{"start":{"line":51,"column":29},"end":{"line":75,"column":4}},"14":{"start":{"line":52,"column":4},"end":{"line":55,"column":5}},"15":{"start":{"line":53,"column":6},"end":{"line":53,"column":83}},"16":{"start":{"line":54,"column":6},"end":{"line":54,"column":18}},"17":{"start":{"line":57,"column":4},"end":{"line":60,"column":5}},"18":{"start":{"line":58,"column":6},"end":{"line":58,"column":81}},"19":{"start":{"line":59,"column":6},"end":{"line":59,"column":18}},"20":{"start":{"line":62,"column":4},"end":{"line":67,"column":5}},"21":{"start":{"line":63,"column":6},"end":{"line":65,"column":9}},"22":{"start":{"line":66,"column":6},"end":{"line":66,"column":18}},"23":{"start":{"line":69,"column":4},"end":{"line":72,"column":5}},"24":{"start":{"line":70,"column":6},"end":{"line":70,"column":95}},"25":{"start":{"line":71,"column":6},"end":{"line":71,"column":18}},"26":{"start":{"line":74,"column":4},"end":{"line":74,"column":17}},"27":{"start":{"line":77,"column":2},"end":{"line":80,"column":3}},"28":{"start":{"line":78,"column":4},"end":{"line":78,"column":79}},"29":{"start":{"line":79,"column":4},"end":{"line":79,"column":16}},"30":{"start":{"line":83,"column":2},"end":{"line":86,"column":3}},"31":{"start":{"line":84,"column":4},"end":{"line":84,"column":64}},"32":{"start":{"line":85,"column":4},"end":{"line":85,"column":16}},"33":{"start":{"line":88,"column":2},"end":{"line":91,"column":3}},"34":{"start":{"line":89,"column":4},"end":{"line":89,"column":79}},"35":{"start":{"line":90,"column":4},"end":{"line":90,"column":16}},"36":{"start":{"line":93,"column":2},"end":{"line":111,"column":3}},"37":{"start":{"line":94,"column":4},"end":{"line":107,"column":6}},"38":{"start":{"line":109,"column":4},"end":{"line":109,"column":67}},"39":{"start":{"line":110,"column":4},"end":{"line":110,"column":16}}},"fnMap":{"0":{"name":"(anonymous_0)","decl":{"start":{"line":20,"column":46},"end":{"line":20,"column":47}},"loc":{"start":{"line":26,"column":6},"end":{"line":112,"column":1}},"line":26},"1":{"name":"(anonymous_1)","decl":{"start":{"line":51,"column":54},"end":{"line":51,"column":55}},"loc":{"start":{"line":51,"column":65},"end":{"line":75,"column":3}},"line":51}},"branchMap":{"0":{"loc":{"start":{"line":23,"column":2},"end":{"line":23,"column":24}},"type":"default-arg","locations":[{"start":{"line":23,"column":13},"end":{"line":23,"column":24}}],"line":23},"1":{"loc":{"start":{"line":24,"column":2},"end":{"line":24,"column":26}},"type":"default-arg","locations":[{"start":{"line":24,"column":16},"end":{"line":24,"column":26}}],"line":24},"2":{"loc":{"start":{"line":25,"column":2},"end":{"line":25,"column":30}},"type":"default-arg","locations":[{"start":{"line":25,"column":16},"end":{"line":25,"column":30}}],"line":25},"3":{"loc":{"start":{"line":28,"column":2},"end":{"line":31,"column":3}},"type":"if","locations":[{"start":{"line":28,"column":2},"end":{"line":31,"column":3}},{"start":{},"end":{}}],"line":28},"4":{"loc":{"start":{"line":33,"column":2},"end":{"line":38,"column":3}},"type":"if","locations":[{"start":{"line":33,"column":2},"end":{"line":38,"column":3}},{"start":{},"end":{}}],"line":33},"5":{"loc":{"start":{"line":40,"column":2},"end":{"line":43,"column":3}},"type":"if","locations":[{"start":{"line":40,"column":2},"end":{"line":43,"column":3}},{"start":{},"end":{}}],"line":40},"6":{"loc":{"start":{"line":40,"column":6},"end":{"line":40,"column":65}},"type":"binary-expr","locations":[{"start":{"line":40,"column":6},"end":{"line":40,"column":26}},{"start":{"line":40,"column":30},"end":{"line":40,"column":65}}],"line":40},"7":{"loc":{"start":{"line":45,"column":2},"end":{"line":48,"column":3}},"type":"if","locations":[{"start":{"line":45,"column":2},"end":{"line":48,"column":3}},{"start":{},"end":{}}],"line":45},"8":{"loc":{"start":{"line":52,"column":4},"end":{"line":55,"column":5}},"type":"if","locations":[{"start":{"line":52,"column":4},"end":{"line":55,"column":5}},{"start":{},"end":{}}],"line":52},"9":{"loc":{"start":{"line":52,"column":8},"end":{"line":52,"column":46}},"type":"binary-expr","locations":[{"start":{"line":52,"column":8},"end":{"line":52,"column":16}},{"start":{"line":52,"column":20},"end":{"line":52,"column":46}}],"line":52},"10":{"loc":{"start":{"line":57,"column":4},"end":{"line":60,"column":5}},"type":"if","locations":[{"start":{"line":57,"column":4},"end":{"line":60,"column":5}},{"start":{},"end":{}}],"line":57},"11":{"loc":{"start":{"line":62,"column":4},"end":{"line":67,"column":5}},"type":"if","locations":[{"start":{"line":62,"column":4},"end":{"line":67,"column":5}},{"start":{},"end":{}}],"line":62},"12":{"loc":{"start":{"line":62,"column":8},"end":{"line":62,"column":87}},"type":"binary-expr","locations":[{"start":{"line":62,"column":8},"end":{"line":62,"column":43}},{"start":{"line":62,"column":47},"end":{"line":62,"column":87}}],"line":62},"13":{"loc":{"start":{"line":69,"column":4},"end":{"line":72,"column":5}},"type":"if","locations":[{"start":{"line":69,"column":4},"end":{"line":72,"column":5}},{"start":{},"end":{}}],"line":69},"14":{"loc":{"start":{"line":69,"column":8},"end":{"line":69,"column":85}},"type":"binary-expr","locations":[{"start":{"line":69,"column":8},"end":{"line":69,"column":37}},{"start":{"line":69,"column":41},"end":{"line":69,"column":85}}],"line":69},"15":{"loc":{"start":{"line":77,"column":2},"end":{"line":80,"column":3}},"type":"if","locations":[{"start":{"line":77,"column":2},"end":{"line":80,"column":3}},{"start":{},"end":{}}],"line":77},"16":{"loc":{"start":{"line":83,"column":2},"end":{"line":86,"column":3}},"type":"if","locations":[{"start":{"line":83,"column":2},"end":{"line":86,"column":3}},{"start":{},"end":{}}],"line":83},"17":{"loc":{"start":{"line":83,"column":6},"end":{"line":83,"column":45}},"type":"binary-expr","locations":[{"start":{"line":83,"column":6},"end":{"line":83,"column":14}},{"start":{"line":83,"column":18},"end":{"line":83,"column":45}}],"line":83},"18":{"loc":{"start":{"line":88,"column":2},"end":{"line":91,"column":3}},"type":"if","locations":[{"start":{"line":88,"column":2},"end":{"line":91,"column":3}},{"start":{},"end":{}}],"line":88},"19":{"loc":{"start":{"line":88,"column":6},"end":{"line":88,"column":36}},"type":"binary-expr","locations":[{"start":{"line":88,"column":6},"end":{"line":88,"column":19}},{"start":{"line":88,"column":23},"end":{"line":88,"column":36}}],"line":88}},"s":{"0":1,"1":13,"2":1,"3":1,"4":12,"5":1,"6":1,"7":11,"8":1,"9":1,"10":10,"11":1,"12":1,"13":9,"14":9,"15":1,"16":1,"17":8,"18":0,"19":0,"20":8,"21":1,"22":1,"23":7,"24":0,"25":0,"26":7,"27":9,"28":2,"29":2,"30":7,"31":1,"32":1,"33":6,"34":1,"35":1,"36":5,"37":5,"38":0,"39":0},"f":{"0":13,"1":9},"b":{"0":[12],"1":[12],"2":[12],"3":[1,12],"4":[1,11],"5":[1,10],"6":[11,10],"7":[1,9],"8":[1,8],"9":[9,9],"10":[0,8],"11":[1,7],"12":[8,2],"13":[0,7],"14":[7,7],"15":[2,7],"16":[1,6],"17":[7,6],"18":[1,5],"19":[6,6]},"_coverageSchema":"1a1c01bbd47fc00a2c39e90264f33305004495a9","hash":"b858eb2dd658666ac42e0bab955e461a1be11cb4"}
,"/Users/rakeenhuq/Downloads/cartographer/components/HapticTab.tsx": {"path":"/Users/rakeenhuq/Downloads/cartographer/components/HapticTab.tsx","statementMap":{"0":{"start":{"line":6,"column":2},"end":{"line":17,"column":4}},"1":{"start":{"line":10,"column":8},"end":{"line":13,"column":9}},"2":{"start":{"line":12,"column":10},"end":{"line":12,"column":65}},"3":{"start":{"line":14,"column":8},"end":{"line":14,"column":30}}},"fnMap":{"0":{"name":"HapticTab","decl":{"start":{"line":5,"column":16},"end":{"line":5,"column":25}},"loc":{"start":{"line":5,"column":58},"end":{"line":18,"column":1}},"line":5},"1":{"name":"(anonymous_1)","decl":{"start":{"line":9,"column":17},"end":{"line":9,"column":18}},"loc":{"start":{"line":9,"column":25},"end":{"line":15,"column":7}},"line":9}},"branchMap":{"0":{"loc":{"start":{"line":10,"column":8},"end":{"line":13,"column":9}},"type":"if","locations":[{"start":{"line":10,"column":8},"end":{"line":13,"column":9}},{"start":{},"end":{}}],"line":10}},"s":{"0":2,"1":1,"2":0,"3":1},"f":{"0":2,"1":1},"b":{"0":[0,1]},"_coverageSchema":"1a1c01bbd47fc00a2c39e90264f33305004495a9","hash":"3aad8822da2e5bde38991ce68a395f24d6f561a4"}
,"/Users/rakeenhuq/Downloads/cartographer/components/HelloWave.tsx": {"path":"/Users/rakeenhuq/Downloads/cartographer/components/HelloWave.tsx","statementMap":{"0":{"start":{"line":14,"column":28},"end":{"line":14,"column":45}},"1":{"start":{"line":16,"column":2},"end":{"line":21,"column":26}},"2":{"start":{"line":17,"column":4},"end":{"line":20,"column":6}},"3":{"start":{"line":23,"column":24},"end":{"line":25,"column":5}},"4":{"start":{"line":23,"column":48},"end":{"line":25,"column":3}},"5":{"start":{"line":27,"column":2},"end":{"line":31,"column":4}},"6":{"start":{"line":34,"column":15},"end":{"line":40,"column":2}}},"fnMap":{"0":{"name":"HelloWave","decl":{"start":{"line":13,"column":16},"end":{"line":13,"column":25}},"loc":{"start":{"line":13,"column":28},"end":{"line":32,"column":1}},"line":13},"1":{"name":"(anonymous_1)","decl":{"start":{"line":16,"column":12},"end":{"line":16,"column":13}},"loc":{"start":{"line":16,"column":18},"end":{"line":21,"column":3}},"line":16},"2":{"name":"(anonymous_2)","decl":{"start":{"line":23,"column":41},"end":{"line":23,"column":42}},"loc":{"start":{"line":23,"column":48},"end":{"line":25,"column":3}},"line":23}},"branchMap":{},"s":{"0":1,"1":1,"2":1,"3":1,"4":0,"5":1,"6":1},"f":{"0":1,"1":1,"2":0},"b":{},"_coverageSchema":"1a1c01bbd47fc00a2c39e90264f33305004495a9","hash":"697dced115f668c6cc3511f89450f07e18d0554d"}
,"/Users/rakeenhuq/Downloads/cartographer/components/HierarchicalView.tsx": {"path":"/Users/rakeenhuq/Downloads/cartographer/components/HierarchicalView.tsx","statementMap":{"0":{"start":{"line":40,"column":22},"end":{"line":40,"column":82}},"1":{"start":{"line":41,"column":29},"end":{"line":41,"column":89}},"2":{"start":{"line":42,"column":26},"end":{"line":42,"column":51}},"3":{"start":{"line":45,"column":22},"end":{"line":66,"column":16}},"4":{"start":{"line":46,"column":4},"end":{"line":46,"column":47}},"5":{"start":{"line":46,"column":37},"end":{"line":46,"column":47}},"6":{"start":{"line":48,"column":39},"end":{"line":48,"column":41}},"7":{"start":{"line":50,"column":4},"end":{"line":63,"column":7}},"8":{"start":{"line":52,"column":6},"end":{"line":52,"column":24}},"9":{"start":{"line":52,"column":17},"end":{"line":52,"column":24}},"10":{"start":{"line":54,"column":6},"end":{"line":58,"column":9}},"11":{"start":{"line":60,"column":6},"end":{"line":62,"column":7}},"12":{"start":{"line":61,"column":8},"end":{"line":61,"column":74}},"13":{"start":{"line":65,"column":4},"end":{"line":65,"column":21}},"14":{"start":{"line":68,"column":24},"end":{"line":68,"column":41}},"15":{"start":{"line":70,"column":30},"end":{"line":72,"column":4}},"16":{"start":{"line":70,"column":50},"end":{"line":72,"column":3}},"17":{"start":{"line":74,"column":24},"end":{"line":79,"column":3}},"18":{"start":{"line":75,"column":4},"end":{"line":77,"column":5}},"19":{"start":{"line":76,"column":6},"end":{"line":76,"column":17}},"20":{"start":{"line":78,"column":4},"end":{"line":78,"column":39}},"21":{"start":{"line":81,"column":22},"end":{"line":92,"column":3}},"22":{"start":{"line":82,"column":4},"end":{"line":91,"column":5}},"23":{"start":{"line":84,"column":8},"end":{"line":84,"column":20}},"24":{"start":{"line":86,"column":8},"end":{"line":86,"column":21}},"25":{"start":{"line":88,"column":8},"end":{"line":88,"column":21}},"26":{"start":{"line":90,"column":8},"end":{"line":90,"column":20}},"27":{"start":{"line":94,"column":27},"end":{"line":102,"column":3}},"28":{"start":{"line":95,"column":4},"end":{"line":101,"column":5}},"29":{"start":{"line":96,"column":6},"end":{"line":96,"column":41}},"30":{"start":{"line":97,"column":11},"end":{"line":101,"column":5}},"31":{"start":{"line":98,"column":6},"end":{"line":98,"column":41}},"32":{"start":{"line":100,"column":6},"end":{"line":100,"column":41}},"33":{"start":{"line":104,"column":21},"end":{"line":175,"column":3}},"34":{"start":{"line":105,"column":24},"end":{"line":105,"column":65}},"35":{"start":{"line":106,"column":25},"end":{"line":106,"column":65}},"36":{"start":{"line":108,"column":4},"end":{"line":174,"column":6}},"37":{"start":{"line":112,"column":25},"end":{"line":112,"column":72}},"38":{"start":{"line":177,"column":23},"end":{"line":177,"column":55}},"39":{"start":{"line":177,"column":48},"end":{"line":177,"column":55}},"40":{"start":{"line":179,"column":24},"end":{"line":183,"column":4}},"41":{"start":{"line":179,"column":52},"end":{"line":183,"column":3}},"42":{"start":{"line":185,"column":2},"end":{"line":196,"column":3}},"43":{"start":{"line":186,"column":4},"end":{"line":195,"column":6}},"44":{"start":{"line":198,"column":2},"end":{"line":219,"column":4}},"45":{"start":{"line":222,"column":15},"end":{"line":297,"column":2}}},"fnMap":{"0":{"name":"HierarchicalView","decl":{"start":{"line":33,"column":16},"end":{"line":33,"column":32}},"loc":{"start":{"line":39,"column":26},"end":{"line":220,"column":1}},"line":39},"1":{"name":"(anonymous_1)","decl":{"start":{"line":45,"column":34},"end":{"line":45,"column":35}},"loc":{"start":{"line":45,"column":115},"end":{"line":66,"column":3}},"line":45},"2":{"name":"(anonymous_2)","decl":{"start":{"line":50,"column":18},"end":{"line":50,"column":19}},"loc":{"start":{"line":50,"column":28},"end":{"line":63,"column":5}},"line":50},"3":{"name":"(anonymous_3)","decl":{"start":{"line":70,"column":30},"end":{"line":70,"column":31}},"loc":{"start":{"line":70,"column":50},"end":{"line":72,"column":3}},"line":70},"4":{"name":"(anonymous_4)","decl":{"start":{"line":74,"column":24},"end":{"line":74,"column":25}},"loc":{"start":{"line":74,"column":49},"end":{"line":79,"column":3}},"line":74},"5":{"name":"(anonymous_5)","decl":{"start":{"line":81,"column":22},"end":{"line":81,"column":23}},"loc":{"start":{"line":81,"column":40},"end":{"line":92,"column":3}},"line":81},"6":{"name":"(anonymous_6)","decl":{"start":{"line":94,"column":27},"end":{"line":94,"column":28}},"loc":{"start":{"line":94,"column":51},"end":{"line":102,"column":3}},"line":94},"7":{"name":"(anonymous_7)","decl":{"start":{"line":104,"column":21},"end":{"line":104,"column":22}},"loc":{"start":{"line":104,"column":60},"end":{"line":175,"column":3}},"line":104},"8":{"name":"(anonymous_8)","decl":{"start":{"line":112,"column":19},"end":{"line":112,"column":20}},"loc":{"start":{"line":112,"column":25},"end":{"line":112,"column":72}},"line":112},"9":{"name":"(anonymous_9)","decl":{"start":{"line":177,"column":23},"end":{"line":177,"column":24}},"loc":{"start":{"line":177,"column":48},"end":{"line":177,"column":55}},"line":177},"10":{"name":"(anonymous_10)","decl":{"start":{"line":179,"column":24},"end":{"line":179,"column":25}},"loc":{"start":{"line":179,"column":52},"end":{"line":183,"column":3}},"line":179}},"branchMap":{"0":{"loc":{"start":{"line":36,"column":2},"end":{"line":36,"column":14}},"type":"default-arg","locations":[{"start":{"line":36,"column":13},"end":{"line":36,"column":14}}],"line":36},"1":{"loc":{"start":{"line":37,"column":2},"end":{"line":37,"column":25}},"type":"default-arg","locations":[{"start":{"line":37,"column":21},"end":{"line":37,"column":25}}],"line":37},"2":{"loc":{"start":{"line":45,"column":65},"end":{"line":45,"column":74}},"type":"default-arg","locations":[{"start":{"line":45,"column":73},"end":{"line":45,"column":74}}],"line":45},"3":{"loc":{"start":{"line":46,"column":4},"end":{"line":46,"column":47}},"type":"if","locations":[{"start":{"line":46,"column":4},"end":{"line":46,"column":47}},{"start":{},"end":{}}],"line":46},"4":{"loc":{"start":{"line":46,"column":8},"end":{"line":46,"column":35}},"type":"binary-expr","locations":[{"start":{"line":46,"column":8},"end":{"line":46,"column":25}},{"start":{"line":46,"column":29},"end":{"line":46,"column":35}}],"line":46},"5":{"loc":{"start":{"line":52,"column":6},"end":{"line":52,"column":24}},"type":"if","locations":[{"start":{"line":52,"column":6},"end":{"line":52,"column":24}},{"start":{},"end":{}}],"line":52},"6":{"loc":{"start":{"line":60,"column":6},"end":{"line":62,"column":7}},"type":"if","locations":[{"start":{"line":60,"column":6},"end":{"line":62,"column":7}},{"start":{},"end":{}}],"line":60},"7":{"loc":{"start":{"line":60,"column":10},"end":{"line":60,"column":70}},"type":"binary-expr","locations":[{"start":{"line":60,"column":10},"end":{"line":60,"column":25}},{"start":{"line":60,"column":29},"end":{"line":60,"column":42}},{"start":{"line":60,"column":46},"end":{"line":60,"column":70}}],"line":60},"8":{"loc":{"start":{"line":75,"column":4},"end":{"line":77,"column":5}},"type":"if","locations":[{"start":{"line":75,"column":4},"end":{"line":77,"column":5}},{"start":{},"end":{}}],"line":75},"9":{"loc":{"start":{"line":75,"column":8},"end":{"line":75,"column":52}},"type":"binary-expr","locations":[{"start":{"line":75,"column":8},"end":{"line":75,"column":22}},{"start":{"line":75,"column":26},"end":{"line":75,"column":52}}],"line":75},"10":{"loc":{"start":{"line":78,"column":11},"end":{"line":78,"column":38}},"type":"cond-expr","locations":[{"start":{"line":78,"column":29},"end":{"line":78,"column":32}},{"start":{"line":78,"column":35},"end":{"line":78,"column":38}}],"line":78},"11":{"loc":{"start":{"line":82,"column":4},"end":{"line":91,"column":5}},"type":"switch","locations":[{"start":{"line":83,"column":6},"end":{"line":84,"column":20}},{"start":{"line":85,"column":6},"end":{"line":86,"column":21}},{"start":{"line":87,"column":6},"end":{"line":88,"column":21}},{"start":{"line":89,"column":6},"end":{"line":90,"column":20}}],"line":82},"12":{"loc":{"start":{"line":95,"column":4},"end":{"line":101,"column":5}},"type":"if","locations":[{"start":{"line":95,"column":4},"end":{"line":101,"column":5}},{"start":{"line":97,"column":11},"end":{"line":101,"column":5}}],"line":95},"13":{"loc":{"start":{"line":97,"column":11},"end":{"line":101,"column":5}},"type":"if","locations":[{"start":{"line":97,"column":11},"end":{"line":101,"column":5}},{"start":{"line":99,"column":11},"end":{"line":101,"column":5}}],"line":97},"14":{"loc":{"start":{"line":105,"column":24},"end":{"line":105,"column":65}},"type":"binary-expr","locations":[{"start":{"line":105,"column":24},"end":{"line":105,"column":37}},{"start":{"line":105,"column":41},"end":{"line":105,"column":65}}],"line":105},"15":{"loc":{"start":{"line":106,"column":25},"end":{"line":106,"column":65}},"type":"binary-expr","locations":[{"start":{"line":106,"column":25},"end":{"line":106,"column":36}},{"start":{"line":106,"column":40},"end":{"line":106,"column":65}}],"line":106},"16":{"loc":{"start":{"line":112,"column":25},"end":{"line":112,"column":72}},"type":"cond-expr","locations":[{"start":{"line":112,"column":40},"end":{"line":112,"column":60}},{"start":{"line":112,"column":63},"end":{"line":112,"column":72}}],"line":112},"17":{"loc":{"start":{"line":115,"column":29},"end":{"line":115,"column":61}},"type":"cond-expr","locations":[{"start":{"line":115,"column":44},"end":{"line":115,"column":52}},{"start":{"line":115,"column":55},"end":{"line":115,"column":61}}],"line":115},"18":{"loc":{"start":{"line":117,"column":29},"end":{"line":117,"column":111}},"type":"cond-expr","locations":[{"start":{"line":117,"column":45},"end":{"line":117,"column":98}},{"start":{"line":117,"column":102},"end":{"line":117,"column":111}}],"line":117},"19":{"loc":{"start":{"line":117,"column":45},"end":{"line":117,"column":98}},"type":"cond-expr","locations":[{"start":{"line":117,"column":63},"end":{"line":117,"column":80}},{"start":{"line":117,"column":83},"end":{"line":117,"column":98}}],"line":117},"20":{"loc":{"start":{"line":124,"column":25},"end":{"line":124,"column":76}},"type":"cond-expr","locations":[{"start":{"line":124,"column":40},"end":{"line":124,"column":55}},{"start":{"line":124,"column":58},"end":{"line":124,"column":76}}],"line":124},"21":{"loc":{"start":{"line":126,"column":37},"end":{"line":126,"column":79}},"type":"cond-expr","locations":[{"start":{"line":126,"column":55},"end":{"line":126,"column":65}},{"start":{"line":126,"column":68},"end":{"line":126,"column":79}}],"line":126},"22":{"loc":{"start":{"line":139,"column":18},"end":{"line":139,"column":60}},"type":"binary-expr","locations":[{"start":{"line":139,"column":18},"end":{"line":139,"column":34}},{"start":{"line":139,"column":38},"end":{"line":139,"column":60}}],"line":139},"23":{"loc":{"start":{"line":140,"column":18},"end":{"line":140,"column":62}},"type":"binary-expr","locations":[{"start":{"line":140,"column":18},"end":{"line":140,"column":34}},{"start":{"line":140,"column":38},"end":{"line":140,"column":62}}],"line":140},"24":{"loc":{"start":{"line":145,"column":17},"end":{"line":149,"column":17}},"type":"binary-expr","locations":[{"start":{"line":145,"column":17},"end":{"line":145,"column":26}},{"start":{"line":146,"column":18},"end":{"line":148,"column":31}}],"line":145},"25":{"loc":{"start":{"line":161,"column":11},"end":{"line":171,"column":11}},"type":"binary-expr","locations":[{"start":{"line":161,"column":11},"end":{"line":161,"column":27}},{"start":{"line":162,"column":12},"end":{"line":170,"column":19}}],"line":161},"26":{"loc":{"start":{"line":180,"column":12},"end":{"line":180,"column":38}},"type":"cond-expr","locations":[{"start":{"line":180,"column":31},"end":{"line":180,"column":33}},{"start":{"line":180,"column":36},"end":{"line":180,"column":38}}],"line":180},"27":{"loc":{"start":{"line":181,"column":13},"end":{"line":181,"column":39}},"type":"cond-expr","locations":[{"start":{"line":181,"column":32},"end":{"line":181,"column":34}},{"start":{"line":181,"column":37},"end":{"line":181,"column":39}}],"line":181},"28":{"loc":{"start":{"line":185,"column":2},"end":{"line":196,"column":3}},"type":"if","locations":[{"start":{"line":185,"column":2},"end":{"line":196,"column":3}},{"start":{},"end":{}}],"line":185},"29":{"loc":{"start":{"line":185,"column":6},"end":{"line":185,"column":32}},"type":"binary-expr","locations":[{"start":{"line":185,"column":6},"end":{"line":185,"column":11}},{"start":{"line":185,"column":15},"end":{"line":185,"column":32}}],"line":185}},"s":{"0":57,"1":57,"2":57,"3":57,"4":66,"5":7,"6":59,"7":59,"8":173,"9":4,"10":169,"11":169,"12":9,"13":59,"14":57,"15":57,"16":328,"17":57,"18":165,"19":114,"20":51,"21":57,"22":165,"23":150,"24":7,"25":7,"26":1,"27":57,"28":495,"29":3,"30":492,"31":57,"32":435,"33":57,"34":165,"35":165,"36":165,"37":5,"38":57,"39":165,"40":57,"41":0,"42":57,"43":20,"44":37,"45":8},"f":{"0":57,"1":66,"2":173,"3":328,"4":165,"5":165,"6":495,"7":165,"8":5,"9":165,"10":0},"b":{"0":[52],"1":[52],"2":[57],"3":[7,59],"4":[66,65],"5":[4,169],"6":[9,160],"7":[169,9,9],"8":[114,51],"9":[165,158],"10":[9,42],"11":[150,7,7,1],"12":[3,492],"13":[57,435],"14":[165,158],"15":[165,51],"16":[4,1],"17":[49,116],"18":[49,116],"19":[9,40],"20":[49,116],"21":[9,156],"22":[165,151],"23":[165,7],"24":[165,49],"25":[165,163],"26":[0,0],"27":[0,0],"28":[20,37],"29":[57,51]},"_coverageSchema":"1a1c01bbd47fc00a2c39e90264f33305004495a9","hash":"a1458deeae7f63ad20c56677483282625d520d15"}
,"/Users/rakeenhuq/Downloads/cartographer/components/MapLocationMarker.tsx": {"path":"/Users/rakeenhuq/Downloads/cartographer/components/MapLocationMarker.tsx","statementMap":{"0":{"start":{"line":18,"column":60},"end":{"line":60,"column":1}},"1":{"start":{"line":22,"column":28},"end":{"line":22,"column":44}},"2":{"start":{"line":23,"column":22},"end":{"line":23,"column":58}},"3":{"start":{"line":26,"column":2},"end":{"line":28,"column":3}},"4":{"start":{"line":27,"column":4},"end":{"line":27,"column":16}},"5":{"start":{"line":30,"column":24},"end":{"line":30,"column":61}},"6":{"start":{"line":31,"column":18},"end":{"line":31,"column":46}},"7":{"start":{"line":33,"column":36},"end":{"line":41,"column":3}},"8":{"start":{"line":43,"column":31},"end":{"line":48,"column":3}},"9":{"start":{"line":50,"column":2},"end":{"line":59,"column":4}}},"fnMap":{"0":{"name":"(anonymous_0)","decl":{"start":{"line":18,"column":60},"end":{"line":18,"column":61}},"loc":{"start":{"line":21,"column":6},"end":{"line":60,"column":1}},"line":21}},"branchMap":{"0":{"loc":{"start":{"line":23,"column":22},"end":{"line":23,"column":58}},"type":"binary-expr","locations":[{"start":{"line":23,"column":22},"end":{"line":23,"column":37}},{"start":{"line":23,"column":41},"end":{"line":23,"column":58}}],"line":23},"1":{"loc":{"start":{"line":26,"column":2},"end":{"line":28,"column":3}},"type":"if","locations":[{"start":{"line":26,"column":2},"end":{"line":28,"column":3}},{"start":{},"end":{}}],"line":26},"2":{"loc":{"start":{"line":26,"column":6},"end":{"line":26,"column":35}},"type":"binary-expr","locations":[{"start":{"line":26,"column":6},"end":{"line":26,"column":15}},{"start":{"line":26,"column":19},"end":{"line":26,"column":35}}],"line":26},"3":{"loc":{"start":{"line":31,"column":18},"end":{"line":31,"column":46}},"type":"binary-expr","locations":[{"start":{"line":31,"column":18},"end":{"line":31,"column":41}},{"start":{"line":31,"column":45},"end":{"line":31,"column":46}}],"line":31}},"s":{"0":1,"1":10,"2":10,"3":10,"4":2,"5":8,"6":8,"7":8,"8":8,"9":8},"f":{"0":10},"b":{"0":[10,7],"1":[2,8],"2":[10,9],"3":[8,1]},"_coverageSchema":"1a1c01bbd47fc00a2c39e90264f33305004495a9","hash":"aa969b2d393e3d264c56b95f8a934aebf6d005f3"}
,"/Users/rakeenhuq/Downloads/cartographer/components/MapStatusDisplay.tsx": {"path":"/Users/rakeenhuq/Downloads/cartographer/components/MapStatusDisplay.tsx","statementMap":{"0":{"start":{"line":22,"column":58},"end":{"line":68,"column":1}},"1":{"start":{"line":28,"column":22},"end":{"line":28,"column":38}},"2":{"start":{"line":29,"column":26},"end":{"line":29,"column":89}},"3":{"start":{"line":30,"column":20},"end":{"line":30,"column":80}},"4":{"start":{"line":31,"column":22},"end":{"line":31,"column":68}},"5":{"start":{"line":36,"column":24},"end":{"line":43,"column":3}},"6":{"start":{"line":37,"column":4},"end":{"line":41,"column":5}},"7":{"start":{"line":38,"column":6},"end":{"line":38,"column":22}},"8":{"start":{"line":39,"column":11},"end":{"line":41,"column":5}},"9":{"start":{"line":40,"column":6},"end":{"line":40,"column":105}},"10":{"start":{"line":42,"column":4},"end":{"line":42,"column":37}},"11":{"start":{"line":45,"column":23},"end":{"line":45,"column":48}},"12":{"start":{"line":47,"column":2},"end":{"line":67,"column":4}},"13":{"start":{"line":70,"column":15},"end":{"line":110,"column":2}}},"fnMap":{"0":{"name":"(anonymous_0)","decl":{"start":{"line":22,"column":58},"end":{"line":22,"column":59}},"loc":{"start":{"line":27,"column":6},"end":{"line":68,"column":1}},"line":27},"1":{"name":"(anonymous_1)","decl":{"start":{"line":36,"column":24},"end":{"line":36,"column":25}},"loc":{"start":{"line":36,"column":38},"end":{"line":43,"column":3}},"line":36}},"branchMap":{"0":{"loc":{"start":{"line":31,"column":22},"end":{"line":31,"column":68}},"type":"cond-expr","locations":[{"start":{"line":31,"column":47},"end":{"line":31,"column":56}},{"start":{"line":31,"column":59},"end":{"line":31,"column":68}}],"line":31},"1":{"loc":{"start":{"line":37,"column":4},"end":{"line":41,"column":5}},"type":"if","locations":[{"start":{"line":37,"column":4},"end":{"line":41,"column":5}},{"start":{"line":39,"column":11},"end":{"line":41,"column":5}}],"line":37},"2":{"loc":{"start":{"line":39,"column":11},"end":{"line":41,"column":5}},"type":"if","locations":[{"start":{"line":39,"column":11},"end":{"line":41,"column":5}},{"start":{},"end":{}}],"line":39},"3":{"loc":{"start":{"line":39,"column":15},"end":{"line":39,"column":42}},"type":"binary-expr","locations":[{"start":{"line":39,"column":15},"end":{"line":39,"column":23}},{"start":{"line":39,"column":27},"end":{"line":39,"column":42}}],"line":39}},"s":{"0":1,"1":12,"2":12,"3":12,"4":12,"5":12,"6":12,"7":2,"8":10,"9":8,"10":2,"11":12,"12":12,"13":1},"f":{"0":12,"1":12},"b":{"0":[1,11],"1":[2,10],"2":[8,2],"3":[10,9]},"_coverageSchema":"1a1c01bbd47fc00a2c39e90264f33305004495a9","hash":"8b39485b59a04cc74c9a5aed95bb4aca8b9a902a"}
,"/Users/rakeenhuq/Downloads/cartographer/components/OfflineIndicator.tsx": {"path":"/Users/rakeenhuq/Downloads/cartographer/components/OfflineIndicator.tsx","statementMap":{"0":{"start":{"line":26,"column":65},"end":{"line":231,"column":1}},"1":{"start":{"line":36,"column":38},"end":{"line":36,"column":59}},"2":{"start":{"line":37,"column":40},"end":{"line":37,"column":61}},"3":{"start":{"line":40,"column":26},"end":{"line":43,"column":3}},"4":{"start":{"line":44,"column":22},"end":{"line":47,"column":3}},"5":{"start":{"line":48,"column":20},"end":{"line":51,"column":3}},"6":{"start":{"line":52,"column":20},"end":{"line":55,"column":3}},"7":{"start":{"line":58,"column":21},"end":{"line":58,"column":38}},"8":{"start":{"line":59,"column":21},"end":{"line":59,"column":38}},"9":{"start":{"line":62,"column":2},"end":{"line":76,"column":55}},"10":{"start":{"line":63,"column":4},"end":{"line":75,"column":5}},"11":{"start":{"line":64,"column":6},"end":{"line":71,"column":8}},"12":{"start":{"line":72,"column":6},"end":{"line":72,"column":58}},"13":{"start":{"line":74,"column":6},"end":{"line":74,"column":58}},"14":{"start":{"line":79,"column":21},"end":{"line":81,"column":5}},"15":{"start":{"line":79,"column":45},"end":{"line":81,"column":3}},"16":{"start":{"line":83,"column":21},"end":{"line":86,"column":5}},"17":{"start":{"line":83,"column":45},"end":{"line":86,"column":3}},"18":{"start":{"line":89,"column":22},"end":{"line":103,"column":3}},"19":{"start":{"line":90,"column":4},"end":{"line":90,"column":39}},"20":{"start":{"line":90,"column":32},"end":{"line":90,"column":39}},"21":{"start":{"line":92,"column":4},"end":{"line":92,"column":24}},"22":{"start":{"line":93,"column":4},"end":{"line":102,"column":5}},"23":{"start":{"line":94,"column":22},"end":{"line":94,"column":37}},"24":{"start":{"line":95,"column":6},"end":{"line":97,"column":7}},"25":{"start":{"line":96,"column":8},"end":{"line":96,"column":29}},"26":{"start":{"line":99,"column":6},"end":{"line":99,"column":61}},"27":{"start":{"line":101,"column":6},"end":{"line":101,"column":27}},"28":{"start":{"line":106,"column":24},"end":{"line":109,"column":3}},"29":{"start":{"line":107,"column":4},"end":{"line":107,"column":25}},"30":{"start":{"line":108,"column":4},"end":{"line":108,"column":18}},"31":{"start":{"line":112,"column":31},"end":{"line":124,"column":3}},"32":{"start":{"line":113,"column":4},"end":{"line":113,"column":37}},"33":{"start":{"line":113,"column":20},"end":{"line":113,"column":37}},"34":{"start":{"line":115,"column":16},"end":{"line":115,"column":26}},"35":{"start":{"line":116,"column":24},"end":{"line":116,"column":67}},"36":{"start":{"line":118,"column":4},"end":{"line":118,"column":43}},"37":{"start":{"line":118,"column":25},"end":{"line":118,"column":43}},"38":{"start":{"line":119,"column":4},"end":{"line":119,"column":55}},"39":{"start":{"line":119,"column":26},"end":{"line":119,"column":55}},"40":{"start":{"line":120,"column":4},"end":{"line":120,"column":74}},"41":{"start":{"line":120,"column":28},"end":{"line":120,"column":74}},"42":{"start":{"line":122,"column":17},"end":{"line":122,"column":36}},"43":{"start":{"line":123,"column":4},"end":{"line":123,"column":37}},"44":{"start":{"line":127,"column":30},"end":{"line":149,"column":3}},"45":{"start":{"line":128,"column":4},"end":{"line":134,"column":5}},"46":{"start":{"line":129,"column":6},"end":{"line":133,"column":8}},"47":{"start":{"line":136,"column":4},"end":{"line":142,"column":5}},"48":{"start":{"line":137,"column":6},"end":{"line":141,"column":8}},"49":{"start":{"line":144,"column":4},"end":{"line":148,"column":6}},"50":{"start":{"line":152,"column":2},"end":{"line":154,"column":3}},"51":{"start":{"line":153,"column":4},"end":{"line":153,"column":16}},"52":{"start":{"line":156,"column":36},"end":{"line":156,"column":57}},"53":{"start":{"line":158,"column":2},"end":{"line":230,"column":4}},"54":{"start":{"line":233,"column":15},"end":{"line":291,"column":2}}},"fnMap":{"0":{"name":"(anonymous_0)","decl":{"start":{"line":26,"column":65},"end":{"line":26,"column":66}},"loc":{"start":{"line":35,"column":6},"end":{"line":231,"column":1}},"line":35},"1":{"name":"(anonymous_1)","decl":{"start":{"line":62,"column":18},"end":{"line":62,"column":19}},"loc":{"start":{"line":62,"column":24},"end":{"line":76,"column":3}},"line":62},"2":{"name":"(anonymous_2)","decl":{"start":{"line":79,"column":38},"end":{"line":79,"column":39}},"loc":{"start":{"line":79,"column":45},"end":{"line":81,"column":3}},"line":79},"3":{"name":"(anonymous_3)","decl":{"start":{"line":83,"column":38},"end":{"line":83,"column":39}},"loc":{"start":{"line":83,"column":45},"end":{"line":86,"column":3}},"line":83},"4":{"name":"(anonymous_4)","decl":{"start":{"line":89,"column":22},"end":{"line":89,"column":23}},"loc":{"start":{"line":89,"column":34},"end":{"line":103,"column":3}},"line":89},"5":{"name":"(anonymous_5)","decl":{"start":{"line":106,"column":24},"end":{"line":106,"column":25}},"loc":{"start":{"line":106,"column":30},"end":{"line":109,"column":3}},"line":106},"6":{"name":"(anonymous_6)","decl":{"start":{"line":112,"column":31},"end":{"line":112,"column":32}},"loc":{"start":{"line":112,"column":63},"end":{"line":124,"column":3}},"line":112},"7":{"name":"(anonymous_7)","decl":{"start":{"line":127,"column":30},"end":{"line":127,"column":31}},"loc":{"start":{"line":127,"column":87},"end":{"line":149,"column":3}},"line":127}},"branchMap":{"0":{"loc":{"start":{"line":34,"column":2},"end":{"line":34,"column":30}},"type":"default-arg","locations":[{"start":{"line":34,"column":11},"end":{"line":34,"column":30}}],"line":34},"1":{"loc":{"start":{"line":63,"column":4},"end":{"line":75,"column":5}},"type":"if","locations":[{"start":{"line":63,"column":4},"end":{"line":75,"column":5}},{"start":{"line":73,"column":11},"end":{"line":75,"column":5}}],"line":63},"2":{"loc":{"start":{"line":63,"column":8},"end":{"line":63,"column":33}},"type":"binary-expr","locations":[{"start":{"line":63,"column":8},"end":{"line":63,"column":17}},{"start":{"line":63,"column":21},"end":{"line":63,"column":33}}],"line":63},"3":{"loc":{"start":{"line":90,"column":4},"end":{"line":90,"column":39}},"type":"if","locations":[{"start":{"line":90,"column":4},"end":{"line":90,"column":39}},{"start":{},"end":{}}],"line":90},"4":{"loc":{"start":{"line":90,"column":8},"end":{"line":90,"column":30}},"type":"binary-expr","locations":[{"start":{"line":90,"column":8},"end":{"line":90,"column":16}},{"start":{"line":90,"column":20},"end":{"line":90,"column":30}}],"line":90},"5":{"loc":{"start":{"line":95,"column":6},"end":{"line":97,"column":7}},"type":"if","locations":[{"start":{"line":95,"column":6},"end":{"line":97,"column":7}},{"st
[...]
umn":2},"end":{"line":240,"column":3}},"73":{"start":{"line":237,"column":4},"end":{"line":239,"column":5}},"74":{"start":{"line":238,"column":6},"end":{"line":238,"column":19}},"75":{"start":{"line":242,"column":2},"end":{"line":242,"column":14}},"76":{"start":{"line":250,"column":35},"end":{"line":263,"column":1}},"77":{"start":{"line":251,"column":2},"end":{"line":253,"column":3}},"78":{"start":{"line":252,"column":4},"end":{"line":252,"column":17}},"79":{"start":{"line":256,"column":2},"end":{"line":260,"column":3}},"80":{"start":{"line":257,"column":4},"end":{"line":259,"column":5}},"81":{"start":{"line":258,"column":6},"end":{"line":258,"column":19}},"82":{"start":{"line":262,"column":2},"end":{"line":262,"column":14}},"83":{"start":{"line":270,"column":40},"end":{"line":302,"column":1}},"84":{"start":{"line":271,"column":2},"end":{"line":273,"column":3}},"85":{"start":{"line":272,"column":4},"end":{"line":272,"column":17}},"86":{"start":{"line":276,"column":2},"end":{"line":299,"column":3}},"87":{"start":{"line":278,"column":24},"end":{"line":278,"column":38}},"88":{"start":{"line":281,"column":4},"end":{"line":294,"column":5}},"89":{"start":{"line":283,"column":27},"end":{"line":283,"column":44}},"90":{"start":{"line":284,"column":6},"end":{"line":293,"column":7}},"91":{"start":{"line":287,"column":8},"end":{"line":292,"column":9}},"92":{"start":{"line":288,"column":10},"end":{"line":288,"column":41}},"93":{"start":{"line":291,"column":10},"end":{"line":291,"column":44}},"94":{"start":{"line":296,"column":4},"end":{"line":298,"column":5}},"95":{"start":{"line":297,"column":6},"end":{"line":297,"column":19}},"96":{"start":{"line":301,"column":2},"end":{"line":301,"column":14}},"97":{"start":{"line":321,"column":39},"end":{"line":360,"column":1}},"98":{"start":{"line":322,"column":2},"end":{"line":359,"column":3}},"99":{"start":{"line":323,"column":4},"end":{"line":325,"column":5}},"100":{"start":{"line":324,"column":6},"end":{"line":324,"column":19}},"101":{"start":{"line":328,"column":21},"end":{"line":328,"column":76}},"102":{"start":{"line":330,"column":4},"end":{"line":332,"column":5}},"103":{"start":{"line":331,"column":6},"end":{"line":331,"column":19}},"104":{"start":{"line":335,"column":4},"end":{"line":337,"column":5}},"105":{"start":{"line":336,"column":6},"end":{"line":336,"column":19}},"106":{"start":{"line":340,"column":4},"end":{"line":342,"column":5}},"107":{"start":{"line":341,"column":6},"end":{"line":341,"column":19}},"108":{"start":{"line":345,"column":4},"end":{"line":347,"column":5}},"109":{"start":{"line":346,"column":6},"end":{"line":346,"column":62}},"110":{"start":{"line":350,"column":4},"end":{"line":352,"column":5}},"111":{"start":{"line":351,"column":6},"end":{"line":351,"column":67}},"112":{"start":{"line":354,"column":4},"end":{"line":354,"column":16}},"113":{"start":{"line":357,"column":4},"end":{"line":357,"column":82}},"114":{"start":{"line":358,"column":4},"end":{"line":358,"column":17}},"115":{"start":{"line":367,"column":42},"end":{"line":388,"column":1}},"116":{"start":{"line":368,"column":2},"end":{"line":387,"column":3}},"117":{"start":{"line":369,"column":4},"end":{"line":371,"column":5}},"118":{"start":{"line":370,"column":6},"end":{"line":370,"column":15}},"119":{"start":{"line":375,"column":4},"end":{"line":379,"column":5}},"120":{"start":{"line":376,"column":6},"end":{"line":376,"column":24}},"121":{"start":{"line":378,"column":6},"end":{"line":378,"column":38}},"122":{"start":{"line":381,"column":19},"end":{"line":381,"column":37}},"123":{"start":{"line":382,"column":4},"end":{"line":382,"column":28}},"124":{"start":{"line":385,"column":4},"end":{"line":385,"column":94}},"125":{"start":{"line":386,"column":4},"end":{"line":386,"column":13}},"126":{"start":{"line":394,"column":35},"end":{"line":396,"column":1}},"127":{"start":{"line":395,"column":2},"end":{"line":395,"column":32}}},"fnMap":{"0":{"name":"(anonymous_0)","decl":{"start":{"line":24,"column":37},"end":{"line":24,"column":38}},"loc":{"start":{"line":24,"column":95},"end":{"line":110,"column":1}},"line":24},"1":{"name":"(anonymous_1)","decl":{"start":{"line":117,"column":51},"end":{"line":117,"column":52}},"loc":{"start":{"line":119,"column":38},"end":{"line":140,"column":1}},"line":119},"2":{"name":"(anonymous_2)","decl":{"start":{"line":160,"column":43},"end":{"line":160,"column":44}},"loc":{"start":{"line":163,"column":13},"end":{"line":209,"column":1}},"line":163},"3":{"name":"(anonymous_3)","decl":{"start":{"line":216,"column":27},"end":{"line":216,"column":28}},"loc":{"start":{"line":216,"column":57},"end":{"line":223,"column":1}},"line":216},"4":{"name":"(anonymous_4)","decl":{"start":{"line":230,"column":27},"end":{"line":230,"column":28}},"loc":{"start":{"line":230,"column":51},"end":{"line":243,"column":1}},"line":230},"5":{"name":"(anonymous_5)","decl":{"start":{"line":250,"column":35},"end":{"line":250,"column":36}},"loc":{"start":{"line":250,"column":66},"end":{"line":263,"column":1}},"line":250},"6":{"name":"(anonymous_6)","decl":{"start":{"line":270,"column":40},"end":{"line":270,"column":41}},"loc":{"start":{"line":270,"column":71},"end":{"line":302,"column":1}},"line":270},"7":{"name":"(anonymous_7)","decl":{"start":{"line":321,"column":39},"end":{"line":321,"column":40}},"loc":{"start":{"line":321,"column":66},"end":{"line":360,"column":1}},"line":321},"8":{"name":"(anonymous_8)","decl":{"start":{"line":367,"column":42},"end":{"line":367,"column":43}},"loc":{"start":{"line":367,"column":68},"end":{"line":388,"column":1}},"line":367},"9":{"name":"(anonymous_9)","decl":{"start":{"line":394,"column":35},"end":{"line":394,"column":36}},"loc":{"start":{"line":394,"column":49},"end":{"line":396,"column":1}},"line":394}},"branchMap":{"0":{"loc":{"start":{"line":26,"column":4},"end":{"line":29,"column":5}},"type":"if","locations":[{"start":{"line":26,"column":4},"end":{"line":29,"column":5}},{"start":{},"end":{}}],"line":26},"1":{"loc":{"start":{"line":26,"column":8},"end":{"line":26,"column":85}},"type":"binary-expr","locations":[{"start":{"line":26,"column":8},"end":{"line":26,"column":22}},{"start":{"line":26,"column":26},"end":{"line":26,"column":55}},{"start":{"line":26,"column":59},"end":{"line":26,"column":85}}],"line":26},"2":{"loc":{"start":{"line":41,"column":24},"end":{"line":43,"column":24}},"type":"cond-expr","locations":[{"start":{"line":42,"column":12},"end":{"line":42,"column":36}},{"start":{"line":43,"column":12},"end":{"line":43,"column":24}}],"line":41},"3":{"loc":{"start":{"line":46,"column":8},"end":{"line":49,"column":9}},"type":"if","locations":[{"start":{"line":46,"column":8},"end":{"line":49,"column":9}},{"start":{},"end":{}}],"line":46},"4":{"loc":{"start":{"line":46,"column":12},"end":{"line":46,"column":51}},"type":"binary-expr","locations":[{"start":{"line":46,"column":12},"end":{"line":46,"column":20}},{"start":{"line":46,"column":24},"end":{"line":46,"column":51}}],"line":46},"5":{"loc":{"start":{"line":54,"column":8},"end":{"line":64,"column":9}},"type":"if","locations":[{"start":{"line":54,"column":8},"end":{"line":64,"column":9}},{"start":{"line":56,"column":15},"end":{"line":64,"column":9}}],"line":54},"6":{"loc":{"start":{"line":56,"column":15},"end":{"line":64,"column":9}},"type":"if","locations":[{"start":{"line":56,"column":15},"end":{"line":64,"column":9}},{"start":{"line":58,"column":15},"end":{"line":64,"column":9}}],"line":56},"7":{"loc":{"start":{"line":56,"column":19},"end":{"line":56,"column":80}},"type":"binary-expr","locations":[{"start":{"line":56,"column":19},"end":{"line":56,"column":45}},{"start":{"line":56,"column":49},"end":{"line":56,"column":80}}],"line":56},"8":{"loc":{"start":{"line":67,"column":8},"end":{"line":74,"column":9}},"type":"if","locations":[{"start":{"line":67,"column":8},"end":{"line":74,"column":9}},{"start":{},"end":{}}],"line":67},"9":{"loc":{"start":{"line":67,"column":12},"end":{"line":68,"column":93}},"type":"binary-expr","locations":[{"start":{"line":67,"column":12},"end":{"line":67,"column":29}},{"start":{"line":68,"column":13},"end":{"line":68,"column":48}},{"start":{"line":68,"column":52},"end":{"line":68,"column":92}}],"line":67},"10":{"loc":{"start":{"line":92,"column":17},"end":{"line":92,"column":73}},"type":"cond-expr","locations":[{"start":{"line":92,"column":42},"end":{"line":92,"column":55}},{"start":{"line":92,"column":58},"end":{"line":92,"column":73}}],"line":92},"11":{"loc":{"start":{"line":108,"column":58},"end":{"line":108,"column":114}},"type":"cond-expr","locations":[{"start":{"line":108,"column":83},"end":{"line":108,"column":96}},{"start":{"line":108,"column":99},"end":{"line":108,"column":114}}],"line":108},"12":{"loc":{"start":{"line":138,"column":73},"end":{"line":138,"column":129}},"type":"cond-expr","locations":[{"start":{"line":138,"column":98},"end":{"line":138,"column":111}},{"start":{"line":138,"column":114},"end":{"line":138,"column":129}}],"line":138},"13":{"loc":{"start":{"line":162,"column":2},"end":{"line":162,"column":57}},"type":"default-arg","locations":[{"start":{"line":162,"column":50},"end":{"line":162,"column":57}}],"line":162},"14":{"loc":{"start":{"line":165,"column":2},"end":{"line":167,"column":3}},"type":"if","locations":[{"start":{"line":165,"column":2},"end":{"line":167,"column":3}},{"start":{},"end":{}}],"line":165},"15":{"loc":{"start":{"line":168,"column":2},"end":{"line":170,"column":3}},"type":"if","locations":[{"start":{"line":168,"column":2},"end":{"line":170,"column":3}},{"start":{},"end":{}}],"line":168},"16":{"loc":{"start":{"line":171,"column":2},"end":{"line":173,"column":3}},"type":"if","locations":[{"start":{"line":171,"column":2},"end":{"line":173,"column":3}},{"start":{},"end":{}}],"line":171},"17":{"loc":{"start":{"line":176,"column":2},"end":{"line":178,"column":3}},"type":"if","locations":[{"start":{"line":176,"column":2},"end":{"line":178,"column":3}},{"start":{},"end":{}}],"line":176},"18":{"loc":{"start":{"line":177,"column":11},"end":{"line":177,"column":48}},"type":"cond-expr","locations":[{"start":{"line":177,"column":31},"end":{"line":177,"column":39}},{"start":{"line":177,"column":42},"end":{"line":177,"column":48}}],"line":177},"19":{"loc":{"start":{"line":183,"column":2},"end":{"line":196,"column":3}},"type":"switch","locations":[{"start":{"line":184,"column":4},"end":{"line":186,"column":12}},{"start":{"line":187,"column":4},"end":{"line":189,"column":12}},{"start":{"line":190,"column":4},"end":{"line":190,"column":17}},{"start":{"line":191,"column":4},"end":{"line":193,"column":12}},{"start":{"line":194,"column":4},"end":{"line":195,"column":20}}],"line":183},"20":{"loc":{"start":{"line":204,"column":2},"end":{"line":206,"column":3}},"type":"if","locations":[{"start":{"line":204,"column":2},"end":{"line":206,"column":3}},{"start":{},"end":{}}],"line":204},"21":{"loc":{"start":{"line":204,"column":6},"end":{"line":204,"column":72}},"type":"binary-expr","locations":[{"start":{"line":204,"column":6},"end":{"line":204,"column":54}},{"start":{"line":204,"column":58},"end":{"line":204,"column":72}}],"line":204},"22":{"loc":{"start":{"line":217,"column":9},"end":{"line":222,"column":30}},"type":"binary-expr","locations":[{"start":{"line":217,"column":9},"end":{"line":217,"column":34}},{"start":{"line":218,"column":9},"end":{"line":218,"column":31}},{"start":{"line":219,"column":9},"end":{"line":219,"column":42}},{"start":{"line":220,"column":9},"end":{"line":220,"column":42}},{"start":{"line":221,"column":9},"end":{"line":221,"column":30}},{"start":{"line":222,"column":9},"end":{"line":222,"column":30}}],"line":217},"23":{"loc":{"start":{"line":231,"column":2},"end":{"line":233,"column":3}},"type":"if","locations":[{"start":{"line":231,"column":2},"end":{"line":233,"column":3}},{"start":{},"end":{}}],"line":231},"24":{"loc":{"start":{"line":231,"column":6},"end":{"line":231,"column":45}},"type":"binary-expr","locations":[{"start":{"line":231,"column":6},"end":{"line":231,"column":26}},{"start":{"line":231,"column":30},"end":{"line":231,"column":45}}],"line":231},"25":{"loc":{"start":{"line":237,"column":4},"end":{"line":239,"column":5}},"type":"if","locations":[{"start":{"line":237,"column":4},"end":{"line":239,"column":5}},{"start":{},"end":{}}],"line":237},"26":{"loc":{"start":{"line":251,"column":2},"end":{"line":253,"column":3}},"type":"if","locations":[{"start":{"line":251,"column":2},"end":{"line":253,"column":3}},{"start":{},"end":{}}],"line":251},"27":{"loc":{"start":{"line":251,"column":6},"end":{"line":251,"column":61}},"type":"binary-expr","locations":[{"start":{"line":251,"column":6},"end":{"line":251,"column":33}},{"start":{"line":251,"column":37},"end":{"line":251,"column":61}}],"line":251},"28":{"loc":{"start":{"line":257,"column":4},"end":{"line":259,"column":5}},"type":"if","locations":[{"start":{"line":257,"column":4},"end":{"line":259,"column":5}},{"start":{},"end":{}}],"line":257},"29":{"loc":{"start":{"line":271,"column":2},"end":{"line":273,"column":3}},"type":"if","locations":[{"start":{"line":271,"column":2},"end":{"line":273,"column":3}},{"start":{},"end":{}}],"line":271},"30":{"loc":{"start":{"line":271,"column":6},"end":{"line":271,"column":61}},"type":"binary-expr","locations":[{"start":{"line":271,"column":6},"end":{"line":271,"column":33}},{"start":{"line":271,"column":37},"end":{"line":271,"column":61}}],"line":271},"31":{"loc":{"start":{"line":281,"column":4},"end":{"line":294,"column":5}},"type":"if","locations":[{"start":{"line":281,"column":4},"end":{"line":294,"column":5}},{"start":{},"end":{}}],"line":281},"32":{"loc":{"start":{"line":281,"column":8},"end":{"line":281,"column":104}},"type":"binary-expr","locations":[{"start":{"line":281,"column":8},"end":{"line":281,"column":37}},{"start":{"line":281,"column":41},"end":{"line":281,"column":68}},{"start":{"line":281,"column":72},"end":{"line":281,"column":104}}],"line":281},"33":{"loc":{"start":{"line":284,"column":6},"end":{"line":293,"column":7}},"type":"if","locations":[{"start":{"line":284,"column":6},"end":{"line":293,"column":7}},{"start":{},"end":{}}],"line":284},"34":{"loc":{"start":{"line":284,"column":10},"end":{"line":284,"column":98}},"type":"binary-expr","locations":[{"start":{"line":284,"column":10},"end":{"line":284,"column":37}},{"start":{"line":284,"column":41},"end":{"line":284,"column":64}},{"start":{"line":284,"column":68},"end":{"line":284,"column":98}}],"line":284},"35":{"loc":{"start":{"line":287,"column":8},"end":{"line":292,"column":9}},"type":"if","locations":[{"start":{"line":287,"column":8},"end":{"line":292,"column":9}},{"start":{"line":289,"column":15},"end":{"line":292,"column":9}}],"line":287},"36":{"loc":{"start":{"line":287,"column":12},"end":{"line":287,"column":115}},"type":"binary-expr","locations":[{"start":{"line":287,"column":12},"end":{"line":287,"column":42}},{"start":{"line":287,"column":46},"end":{"line":287,"column":73}},{"start":{"line":287,"column":77},"end":{"line":287,"column":115}}],"line":287},"37":{"loc":{"start":{"line":296,"column":4},"end":{"line":298,"column":5}},"type":"if","locations":[{"start":{"line":296,"column":4},"end":{"line":298,"column":5}},{"start":{},"end":{}}],"line":296},"38":{"loc":{"start":{"line":323,"column":4},"end":{"line":325,"column":5}},"type":"if","locations":[{"start":{"line":323,"column":4},"end":{"line":325,"column":5}},{"start":{},"end":{}}],"line":323},"39":{"loc":{"start":{"line":323,"column":8},"end":{"line":323,"column":47}},"type":"binary-expr","locations":[{"start":{"line":323,"column":8},"end":{"line":323,"column":16}},{"start":{"line":323,"column":20},"end":{"line":323,"column":47}}],"line":323},"40":{"loc":{"start":{"line":328,"column":21},"end":{"line":328,"column":76}},"type":"cond-expr","locations":[{"start":{"line":328,"column":50},"end":{"line":328,"column":66}},{"start":{"line":328,"column":69},"end":{"line":328,"column":76}}],"line":328},"41":{"loc":{"start":{"line":330,"column":4},"end":{"line":332,"column":5}},"type":"if","locations":[{"start":{"line":330,"column":4},"end":{"line":332,"column":5}},{"start":{},"end":{}}],"line":330},"42":{"loc":{"start":{"line":330,"column":8},"end":{"line":330,"column":35}},"type":"binary-expr","locations":[{"start":{"line":330,"column":8},"end":{"line":330,"column":17}},{"start":{"line":330,"column":21},"end":{"line":330,"column":35}}],"line":330},"43":{"loc":{"start":{"line":335,"column":4},"end":{"line":337,"column":5}},"type":"if","locations":[{"start":{"line":335,"column":4},"end":{"line":337,"column":5}},{"start":{},"end":{}}],"line":335},"44":{"loc":{"start":{"line":335,"column":8},"end":{"line":335,"column":71}},"type":"binary-expr","locations":[{"start":{"line":335,"column":8},"end":{"line":335,"column":35}},{"start":{"line":335,"column":39},"end":{"line":335,"column":71}}],"line":335},"45":{"loc":{"start":{"line":340,"column":4},"end":{"line":342,"column":5}},"type":"if","locations":[{"start":{"line":340,"column":4},"end":{"line":342,"column":5}},{"start":{},"end":{}}],"line":340},"46":{"loc":{"start":{"line":340,"column":8},"end":{"line":340,"column":69}},"type":"binary-expr","locations":[{"start":{"line":340,"column":8},"end":{"line":340,"column":29}},{"start":{"line":340,"column":33},"end":{"line":340,"column":69}}],"line":340},"47":{"loc":{"start":{"line":345,"column":4},"end":{"line":347,"column":5}},"type":"if","locations":[{"start":{"line":345,"column":4},"end":{"line":347,"column":5}},{"start":{},"end":{}}],"line":345},"48":{"loc":{"start":{"line":350,"column":4},"end":{"line":352,"column":5}},"type":"if","locations":[{"start":{"line":350,"column":4},"end":{"line":352,"column":5}},{"start":{},"end":{}}],"line":350},"49":{"loc":{"start":{"line":369,"column":4},"end":{"line":371,"column":5}},"type":"if","locations":[{"start":{"line":369,"column":4},"end":{"line":371,"column":5}},{"start":{},"end":{}}],"line":369},"50":{"loc":{"start":{"line":375,"column":4},"end":{"line":379,"column":5}},"type":"if","locations":[{"start":{"line":375,"column":4},"end":{"line":379,"column":5}},{"start":{"line":377,"column":11},"end":{"line":379,"column":5}}],"line":375}},"s":{"0":4,"1":4,"2":180,"3":180,"4":4,"5":4,"6":176,"7":176,"8":176,"9":176,"10":20201,"11":20201,"12":20194,"13":6,"14":6,"15":20188,"16":10002,"17":10186,"18":10183,"19":3,"20":3,"21":20185,"22":0,"23":0,"24":20185,"25":20185,"26":20185,"27":20185,"28":20185,"29":7,"30":7,"31":176,"32":176,"33":0,"34":0,"35":4,"36":11,"37":11,"38":11,"39":11,"40":11,"41":11,"42":11,"43":0,"44":0,"45":4,"46":31,"47":1,"48":30,"49":1,"50":29,"51":1,"52":28,"53":4,"54":24,"55":11,"56":11,"57":6,"58":6,"59":5,"60":5,"61":2,"62":24,"63":24,"64":24,"65":1,"66":23,"67":4,"68":121,"69":4,"70":27,"71":2,"72":25,"73":121,"74":1,"75":24,"76":4,"77":26,"78":2,"79":24,"80":27,"81":3,"82":21,"83":4,"84":3,"85":0,"86":3,"87":6,"88":6,"89":6,"90":6,"91":6,"92":4,"93":2,"94":6,"95":0,"96":3,"97":4,"98":33,"99":33,"100":3,"101":30,"102":30,"103":2,"104":28,"105":4,"106":24,"107":1,"108":23,"109":20,"110":3,"111":3,"112":0,"113":0,"114":0,"115":4,"116":15,"117":15,"118":3,"119":12,"120":2,"121":10,"122":12,"123":12,"124":0,"125":0,"126":4,"127":1},"f":{"0":180,"1":11,"2":31,"3":121,"4":27,"5":26,"6":3,"7":33,"8":15,"9":1},"b":{"0":[4,176],"1":[180,178,178],"2":[20195,6],"3":[6,20188],"4":[20194,20190],"5":[10002,10186],"6":[10183,3],"7":[10186,5],"8":[0,20185],"9":[20185,20185,2],"10":[7,0],"11":[0,0],"12":[0,0],"13":[2],"14":[1,30],"15":[1,29],"16":[1,28],"17":[4,24],"18":[1,3],"19":[11,6,3,5,2],"20":[1,23],"21":[24,1],"22":[121,120,120,120,120,120],"23":[2,25],"24":[27,27],"25":[1,120],"26":[2,24],"27":[26,26],"28":[3,24],"29":[0,3],"30":[3,3],"31":[6,0],"32":[6,6,6],"33":[6,0],"34":[6,6,6],"35":[4,2],"36":[6,6,6],"37":[0,6],"38":[3,30],"39":[33,30],"40":[4,26],"41":[2,28],"42":[30,30],"43":[4,24],"44":[28,7],"45":[1,23],"46":[24,23],"47":[20,3],"48":[3,0],"49":[3,12],"50":[2,10]},"_coverageSchema":"1a1c01bbd47fc00a2c39e90264f33305004495a9","hash":"67aef9c03259d6057b181c1e91351389387f8be8"}
}
