TN:
SF:app/+not-found.tsx
FN:7,NotFoundScreen
FNF:1
FNH:0
FNDA:0,NotFoundScreen
DA:8,0
DA:21,0
LF:2
LH:0
BRF:0
BRH:0
end_of_record
TN:
SF:app/_layout.tsx
FN:11,RootLayout
FN:21,(anonymous_1)
FNF:2
FNH:0
FNDA:0,RootLayout
FNDA:0,(anonymous_1)
DA:12,0
DA:14,0
DA:15,0
DA:17,0
DA:21,0
DA:22,0
DA:23,0
DA:25,0
DA:26,0
DA:31,0
DA:32,0
DA:33,0
DA:36,0
DA:38,0
LF:14
LH:0
BRDA:22,0,0,0
BRDA:22,0,1,0
BRDA:25,1,0,0
BRDA:25,1,1,0
BRDA:31,2,0,0
BRDA:31,2,1,0
BRDA:39,3,0,0
BRDA:39,3,1,0
BRF:8
BRH:0
end_of_record
TN:
SF:app/(tabs)/_layout.tsx
FN:10,TabLayout
FN:37,(anonymous_1)
FN:44,(anonymous_2)
FN:51,(anonymous_3)
FN:58,(anonymous_4)
FNF:5
FNH:0
FNDA:0,TabLayout
FNDA:0,(anonymous_1)
FNDA:0,(anonymous_2)
FNDA:0,(anonymous_3)
FNDA:0,(anonymous_4)
DA:11,0
DA:13,0
DA:14,0
DA:16,0
DA:18,0
DA:37,0
DA:44,0
DA:51,0
DA:58,0
LF:9
LH:0
BRDA:21,0,0,0
BRDA:21,0,1,0
BRF:2
BRH:0
end_of_record
TN:
SF:app/(tabs)/explore.tsx
FN:11,TabTwoScreen
FNF:1
FNH:0
FNDA:0,TabTwoScreen
DA:12,0
DA:99,0
LF:2
LH:0
BRF:0
BRH:0
end_of_record
TN:
SF:app/(tabs)/index.tsx
FN:9,HomeScreen
FNF:1
FNH:0
FNDA:0,HomeScreen
DA:10,0
DA:12,0
DA:60,0
LF:3
LH:0
BRF:0
BRH:0
end_of_record
TN:
SF:app/(tabs)/map.tsx
FN:21,(anonymous_0)
FN:53,(anonymous_1)
FN:71,(anonymous_2)
FN:81,(anonymous_3)
FN:113,(anonymous_4)
FN:128,(anonymous_5)
FN:131,(anonymous_6)
FN:144,(anonymous_7)
FN:150,(anonymous_8)
FN:170,(anonymous_9)
FN:196,(anonymous_10)
FN:201,(anonymous_11)
FN:207,(anonymous_12)
FNF:13
FNH:0
FNDA:0,(anonymous_0)
FNDA:0,(anonymous_1)
FNDA:0,(anonymous_2)
FNDA:0,(anonymous_3)
FNDA:0,(anonymous_4)
FNDA:0,(anonymous_5)
FNDA:0,(anonymous_6)
FNDA:0,(anonymous_7)
FNDA:0,(anonymous_8)
FNDA:0,(anonymous_9)
FNDA:0,(anonymous_10)
FNDA:0,(anonymous_11)
FNDA:0,(anonymous_12)
DA:19,0
DA:21,0
DA:22,0
DA:25,0
DA:32,0
DA:36,0
DA:41,0
DA:44,0
DA:45,0
DA:46,0
DA:47,0
DA:48,0
DA:53,0
DA:54,0
DA:55,0
DA:64,0
DA:65,0
DA:71,0
DA:72,0
DA:73,0
DA:81,0
DA:82,0
DA:83,0
DA:84,0
DA:87,0
DA:88,0
DA:89,0
DA:91,0
DA:94,0
DA:95,0
DA:96,0
DA:97,0
DA:99,0
DA:100,0
DA:101,0
DA:104,0
DA:107,0
DA:113,0
DA:114,0
DA:115,0
DA:117,0
DA:118,0
DA:119,0
DA:122,0
DA:128,0
DA:129,0
DA:131,0
DA:132,0
DA:133,0
DA:134,0
DA:135,0
DA:138,0
DA:140,0
DA:144,0
DA:145,0
DA:150,0
DA:151,0
DA:158,0
DA:164,0
DA:165,0
DA:170,0
DA:171,0
DA:173,0
DA:174,0
DA:175,0
DA:178,0
DA:179,0
DA:180,0
DA:183,0
DA:184,0
DA:187,0
DA:188,0
DA:191,0
DA:196,0
DA:197,0
DA:198,0
DA:201,0
DA:202,0
DA:203,0
DA:204,0
DA:207,0
DA:208,0
DA:209,0
DA:212,0
DA:249,0
LF:85
LH:0
BRDA:73,0,0,0
BRDA:73,0,1,0
BRDA:73,0,2,0
BRDA:82,1,0,0
BRDA:82,1,1,0
BRDA:89,2,0,0
BRDA:89,2,1,0
BRDA:89,3,0,0
BRDA:89,3,1,0
BRDA:115,4,0,0
BRDA:115,4,1,0
BRDA:117,5,0,0
BRDA:117,5,1,0
BRDA:151,6,0,0
BRDA:151,6,1,0
BRDA:152,7,0,0
BRDA:152,7,1,0
BRDA:152,7,2,0
BRDA:152,7,3,0
BRDA:152,7,4,0
BRDA:173,8,0,0
BRDA:173,8,1,0
BRDA:173,9,0,0
BRDA:173,9,1,0
BRDA:178,10,0,0
BRDA:178,10,1,0
BRF:26
BRH:0
end_of_record
TN:
SF:app/(tabs)/statistics.tsx
FN:43,StatisticsScreen
FN:65,(anonymous_1)
FN:66,(anonymous_2)
FN:83,(anonymous_3)
FN:87,(anonymous_4)
FN:119,(anonymous_5)
FN:123,(anonymous_6)
FN:127,(anonymous_7)
FN:160,(anonymous_8)
FN:209,(anonymous_9)
FN:226,(anonymous_10)
FN:242,(anonymous_11)
FN:264,(anonymous_12)
FN:270,(anonymous_13)
FN:337,(anonymous_14)
FN:486,(anonymous_15)
FN:495,(anonymous_16)
FNF:17
FNH:16
FNDA:52,StatisticsScreen
FNDA:40,(anonymous_1)
FNDA:40,(anonymous_2)
FNDA:40,(anonymous_3)
FNDA:42,(anonymous_4)
FNDA:3,(anonymous_5)
FNDA:0,(anonymous_6)
FNDA:2,(anonymous_7)
FNDA:5,(anonymous_8)
FNDA:5,(anonymous_9)
FNDA:30,(anonymous_10)
FNDA:45,(anonymous_11)
FNDA:123,(anonymous_12)
FNDA:120,(anonymous_13)
FNDA:240,(anonymous_14)
FNDA:39,(anonymous_15)
FNDA:39,(anonymous_16)
DA:22,2
DA:25,2
DA:26,2
DA:27,2
DA:54,52
DA:56,52
DA:57,52
DA:60,52
DA:61,52
DA:62,52
DA:65,52
DA:66,40
DA:67,40
DA:68,40
DA:69,40
DA:72,0
DA:76,40
DA:78,40
DA:83,40
DA:87,52
DA:88,42
DA:90,42
DA:91,6
DA:104,36
DA:119,52
DA:120,3
DA:123,52
DA:124,0
DA:127,52
DA:128,2
DA:160,52
DA:161,5
DA:209,52
DA:210,5
DA:219,5
DA:227,30
DA:242,52
DA:243,45
DA:246,40
DA:252,40
DA:256,40
DA:260,40
DA:264,40
DA:265,123
DA:266,5
DA:267,0
DA:270,40
DA:271,120
DA:273,120
DA:274,3
DA:277,40
DA:278,40
DA:279,40
DA:280,40
DA:285,40
DA:331,40
DA:338,240
DA:346,52
DA:487,39
DA:488,39
DA:489,39
DA:496,39
DA:497,39
DA:498,39
DA:513,2
LF:65
LH:62
BRDA:60,0,0,6
BRDA:60,0,1,46
BRDA:61,1,0,6
BRDA:61,1,1,46
BRDA:88,2,0,0
BRDA:88,2,1,42
BRDA:88,3,0,6
BRDA:88,3,1,36
BRDA:90,4,0,6
BRDA:90,4,1,36
BRDA:98,5,0,0
BRDA:98,5,1,6
BRDA:181,6,0,5
BRDA:181,6,1,0
BRDA:183,7,0,5
BRDA:183,7,1,0
BRDA:243,8,0,5
BRDA:243,8,1,40
BRDA:246,9,0,4
BRDA:246,9,1,36
BRDA:248,10,0,1
BRDA:248,10,1,35
BRDA:252,11,0,4
BRDA:252,11,1,36
BRDA:256,12,0,3
BRDA:256,12,1,37
BRDA:260,13,0,3
BRDA:260,13,1,37
BRDA:265,14,0,118
BRDA:265,14,1,5
BRDA:266,15,0,5
BRDA:266,15,1,0
BRDA:271,16,0,0
BRDA:271,16,1,120
BRDA:273,17,0,117
BRDA:273,17,1,3
BRDA:280,18,0,38
BRDA:280,18,1,2
BRDA:281,19,0,0
BRDA:281,19,1,2
BRDA:282,20,0,0
BRDA:282,20,1,2
BRDA:298,21,0,37
BRDA:298,21,1,3
BRDA:400,22,0,5
BRDA:400,22,1,47
BRDA:400,23,0,52
BRDA:400,23,1,5
BRDA:401,24,0,5
BRDA:401,24,1,47
BRDA:401,25,0,52
BRDA:401,25,1,6
BRDA:402,26,0,2
BRDA:402,26,1,45
BRDA:402,27,0,47
BRDA:402,27,1,7
BRDA:402,27,2,7
BRDA:406,28,0,52
BRDA:406,28,1,40
BRDA:406,28,2,40
BRDA:426,29,0,1
BRDA:426,29,1,39
BRDA:432,30,0,32
BRDA:432,30,1,7
BRDA:432,31,0,39
BRDA:432,31,1,39
BRDA:478,32,0,52
BRDA:478,32,1,40
BRDA:478,32,2,39
BRDA:478,32,3,39
BRDA:489,33,0,37
BRDA:489,33,1,2
BRDA:490,34,0,0
BRDA:490,34,1,2
BRDA:491,35,0,0
BRDA:491,35,1,2
BRDA:498,36,0,37
BRDA:498,36,1,2
BRDA:499,37,0,0
BRDA:499,37,1,2
BRDA:500,38,0,0
BRDA:500,38,1,2
BRDA:518,39,0,0
BRDA:518,39,1,2
BRDA:519,40,0,0
BRDA:519,40,1,2
BRDA:541,41,0,0
BRDA:541,41,1,2
BRDA:544,42,0,0
BRDA:544,42,1,2
BRDA:545,43,0,0
BRDA:545,43,1,0
BRDA:546,44,0,0
BRDA:546,44,1,2
BRDA:547,45,0,0
BRDA:547,45,1,2
BRDA:590,46,0,0
BRDA:590,46,1,2
BRDA:591,47,0,0
BRDA:591,47,1,2
BRDA:608,48,0,0
BRDA:608,48,1,2
BRDA:609,49,0,0
BRDA:609,49,1,2
BRDA:609,50,0,0
BRDA:609,50,1,2
BRF:106
BRH:81
end_of_record
TN:
SF:components/Collapsible.tsx
FN:10,Collapsible
FN:18,(anonymous_1)
FN:18,(anonymous_2)
FNF:3
FNH:3
FNDA:4,Collapsible
FNDA:2,(anonymous_1)
FNDA:2,(anonymous_2)
DA:11,4
DA:12,4
DA:14,4
DA:18,2
DA:35,1
LF:5
LH:5
BRDA:12,0,0,4
BRDA:12,0,1,0
BRDA:24,1,0,4
BRDA:24,1,1,0
BRDA:25,2,0,2
BRDA:25,2,1,2
BRDA:30,3,0,4
BRDA:30,3,1,2
BRF:8
BRH:6
end_of_record
TN:
SF:components/ExternalLink.tsx
FN:8,ExternalLink
FN:14,(anonymous_1)
FNF:2
FNH:1
FNDA:2,ExternalLink
FNDA:0,(anonymous_1)
DA:9,2
DA:15,0
DA:17,0
DA:19,0
LF:4
LH:1
BRDA:15,0,0,0
BRDA:15,0,1,0
BRF:2
BRH:0
end_of_record
TN:
SF:components/FogOverlay.tsx
FN:20,(anonymous_0)
FN:51,(anonymous_1)
FNF:2
FNH:2
FNDA:13,(anonymous_0)
FNDA:9,(anonymous_1)
DA:20,1
DA:28,13
DA:29,1
DA:30,1
DA:33,12
DA:34,1
DA:37,1
DA:40,11
DA:41,1
DA:42,1
DA:45,10
DA:46,1
DA:47,1
DA:51,9
DA:52,9
DA:53,1
DA:54,1
DA:57,8
DA:58,0
DA:59,0
DA:62,8
DA:63,1
DA:66,1
DA:69,7
DA:70,0
DA:71,0
DA:74,7
DA:77,9
DA:78,2
DA:79,2
DA:83,7
DA:84,1
DA:85,1
DA:88,6
DA:89,1
DA:90,1
DA:93,5
DA:94,5
DA:109,0
DA:110,0
LF:40
LH:34
BRDA:23,0,0,12
BRDA:24,1,0,12
BRDA:25,2,0,12
BRDA:28,3,0,1
BRDA:28,3,1,12
BRDA:33,4,0,1
BRDA:33,4,1,11
BRDA:40,5,0,1
BRDA:40,5,1,10
BRDA:40,6,0,11
BRDA:40,6,1,10
BRDA:45,7,0,1
BRDA:45,7,1,9
BRDA:52,8,0,1
BRDA:52,8,1,8
BRDA:52,9,0,9
BRDA:52,9,1,9
BRDA:57,10,0,0
BRDA:57,10,1,8
BRDA:62,11,0,1
BRDA:62,11,1,7
BRDA:62,12,0,8
BRDA:62,12,1,2
BRDA:69,13,0,0
BRDA:69,13,1,7
BRDA:69,14,0,7
BRDA:69,14,1,7
BRDA:77,15,0,2
BRDA:77,15,1,7
BRDA:83,16,0,1
BRDA:83,16,1,6
BRDA:83,17,0,7
BRDA:83,17,1,6
BRDA:88,18,0,1
BRDA:88,18,1,5
BRDA:88,19,0,6
BRDA:88,19,1,6
BRF:37
BRH:35
end_of_record
TN:
SF:components/HapticTab.tsx
FN:5,HapticTab
FN:9,(anonymous_1)
FNF:2
FNH:2
FNDA:2,HapticTab
FNDA:1,(anonymous_1)
DA:6,2
DA:10,1
DA:12,0
DA:14,1
LF:4
LH:3
BRDA:10,0,0,0
BRDA:10,0,1,1
BRF:2
BRH:1
end_of_record
TN:
SF:components/HelloWave.tsx
FN:13,HelloWave
FN:16,(anonymous_1)
FN:23,(anonymous_2)
FNF:3
FNH:2
FNDA:1,HelloWave
FNDA:1,(anonymous_1)
FNDA:0,(anonymous_2)
DA:14,1
DA:16,1
DA:17,1
DA:23,1
DA:27,1
DA:34,1
LF:6
LH:6
BRF:0
BRH:0
end_of_record
TN:
SF:components/HierarchicalView.tsx
FN:33,HierarchicalView
FN:45,(anonymous_1)
FN:50,(anonymous_2)
FN:70,(anonymous_3)
FN:74,(anonymous_4)
FN:81,(anonymous_5)
FN:94,(anonymous_6)
FN:104,(anonymous_7)
FN:112,(anonymous_8)
FN:177,(anonymous_9)
FN:179,(anonymous_10)
FNF:11
FNH:10
FNDA:57,HierarchicalView
FNDA:66,(anonymous_1)
FNDA:173,(anonymous_2)
FNDA:328,(anonymous_3)
FNDA:165,(anonymous_4)
FNDA:165,(anonymous_5)
FNDA:495,(anonymous_6)
FNDA:165,(anonymous_7)
FNDA:5,(anonymous_8)
FNDA:165,(anonymous_9)
FNDA:0,(anonymous_10)
DA:40,57
DA:41,57
DA:42,57
DA:45,57
DA:46,66
DA:48,59
DA:50,59
DA:52,173
DA:54,169
DA:60,169
DA:61,9
DA:65,59
DA:68,57
DA:70,328
DA:74,57
DA:75,165
DA:76,114
DA:78,51
DA:81,57
DA:82,165
DA:84,150
DA:86,7
DA:88,7
DA:90,1
DA:94,57
DA:95,495
DA:96,3
DA:97,492
DA:98,57
DA:100,435
DA:104,57
DA:105,165
DA:106,165
DA:108,165
DA:112,5
DA:177,165
DA:179,57
DA:185,57
DA:186,20
DA:198,37
DA:222,8
LF:41
LH:41
BRDA:36,0,0,52
BRDA:37,1,0,52
BRDA:45,2,0,57
BRDA:46,3,0,7
BRDA:46,3,1,59
BRDA:46,4,0,66
BRDA:46,4,1,65
BRDA:52,5,0,4
BRDA:52,5,1,169
BRDA:60,6,0,9
BRDA:60,6,1,160
BRDA:60,7,0,169
BRDA:60,7,1,9
BRDA:60,7,2,9
BRDA:75,8,0,114
BRDA:75,8,1,51
BRDA:75,9,0,165
BRDA:75,9,1,158
BRDA:78,10,0,9
BRDA:78,10,1,42
BRDA:82,11,0,150
BRDA:82,11,1,7
BRDA:82,11,2,7
BRDA:82,11,3,1
BRDA:95,12,0,3
BRDA:95,12,1,492
BRDA:97,13,0,57
BRDA:97,13,1,435
BRDA:105,14,0,165
BRDA:105,14,1,158
BRDA:106,15,0,165
BRDA:106,15,1,51
BRDA:112,16,0,4
BRDA:112,16,1,1
BRDA:115,17,0,49
BRDA:115,17,1,116
BRDA:117,18,0,49
BRDA:117,18,1,116
BRDA:117,19,0,9
BRDA:117,19,1,40
BRDA:124,20,0,49
BRDA:124,20,1,116
BRDA:126,21,0,9
BRDA:126,21,1,156
BRDA:139,22,0,165
BRDA:139,22,1,151
BRDA:140,23,0,165
BRDA:140,23,1,7
BRDA:145,24,0,165
BRDA:145,24,1,49
BRDA:161,25,0,165
BRDA:161,25,1,163
BRDA:180,26,0,0
BRDA:180,26,1,0
BRDA:181,27,0,0
BRDA:181,27,1,0
BRDA:185,28,0,20
BRDA:185,28,1,37
BRDA:185,29,0,57
BRDA:185,29,1,51
BRF:60
BRH:56
end_of_record
TN:
SF:components/MapLocationMarker.tsx
FN:18,(anonymous_0)
FNF:1
FNH:1
FNDA:10,(anonymous_0)
DA:18,1
DA:22,10
DA:23,10
DA:26,10
DA:27,2
DA:30,8
DA:31,8
DA:33,8
DA:43,8
DA:50,8
LF:10
LH:10
BRDA:23,0,0,10
BRDA:23,0,1,7
BRDA:26,1,0,2
BRDA:26,1,1,8
BRDA:26,2,0,10
BRDA:26,2,1,9
BRDA:31,3,0,8
BRDA:31,3,1,1
BRF:8
BRH:8
end_of_record
TN:
SF:components/MapStatusDisplay.tsx
FN:22,(anonymous_0)
FN:36,(anonymous_1)
FNF:2
FNH:2
FNDA:12,(anonymous_0)
FNDA:12,(anonymous_1)
DA:22,1
DA:28,12
DA:29,12
DA:30,12
DA:31,12
DA:36,12
DA:37,12
DA:38,2
DA:39,10
DA:40,8
DA:42,2
DA:45,12
DA:47,12
DA:70,1
LF:14
LH:14
BRDA:31,0,0,1
BRDA:31,0,1,11
BRDA:37,1,0,2
BRDA:37,1,1,10
BRDA:39,2,0,8
BRDA:39,2,1,2
BRDA:39,3,0,10
BRDA:39,3,1,9
BRF:8
BRH:8
end_of_record
TN:
SF:components/OfflineIndicator.tsx
FN:26,(anonymous_0)
FN:62,(anonymous_1)
FN:79,(anonymous_2)
FN:83,(anonymous_3)
FN:89,(anonymous_4)
FN:106,(anonymous_5)
FN:112,(anonymous_6)
FN:127,(anonymous_7)
FNF:8
FNH:6
FNDA:87,(anonymous_0)
FNDA:87,(anonymous_1)
FNDA:0,(anonymous_2)
FNDA:0,(anonymous_3)
FNDA:9,(anonymous_4)
FNDA:4,(anonymous_5)
FNDA:34,(anonymous_6)
FNDA:40,(anonymous_7)
DA:26,2
DA:36,87
DA:37,87
DA:40,87
DA:44,87
DA:48,87
DA:52,87
DA:58,87
DA:59,87
DA:62,87
DA:63,87
DA:64,35
DA:72,35
DA:74,52
DA:79,87
DA:83,87
DA:89,87
DA:90,9
DA:92,7
DA:93,7
DA:94,7
DA:95,5
DA:96,4
DA:99,1
DA:101,6
DA:106,87
DA:107,4
DA:108,4
DA:112,87
DA:113,34
DA:115,5
DA:116,5
DA:118,5
DA:119,4
DA:120,2
DA:122,1
DA:123,1
DA:127,87
DA:128,40
DA:129,5
DA:136,35
DA:137,35
DA:144,0
DA:152,87
DA:153,47
DA:156,40
DA:158,40
DA:233,2
LF:48
LH:47
BRDA:34,0,0,86
BRDA:63,1,0,35
BRDA:63,1,1,52
BRDA:63,2,0,87
BRDA:63,2,1,43
BRDA:90,3,0,2
BRDA:90,3,1,7
BRDA:90,4,0,9
BRDA:90,4,1,9
BRDA:95,5,0,4
BRDA:95,5,1,1
BRDA:113,6,0,29
BRDA:113,6,1,5
BRDA:118,7,0,1
BRDA:118,7,1,4
BRDA:119,8,0,2
BRDA:119,8,1,2
BRDA:120,9,0,1
BRDA:120,9,1,1
BRDA:128,10,0,5
BRDA:128,10,1,35
BRDA:131,11,0,5
BRDA:131,11,1,4
BRDA:136,12,0,35
BRDA:136,12,1,0
BRDA:139,13,0,35
BRDA:139,13,1,34
BRDA:152,14,0,47
BRDA:152,14,1,40
BRDA:152,15,0,87
BRDA:152,15,1,44
BRDA:152,15,2,48
BRDA:193,16,0,40
BRDA:193,16,1,39
BRDA:193,16,2,34
BRDA:204,17,0,34
BRDA:204,17,1,7
BRDA:207,18,0,7
BRDA:207,18,1,27
BRDA:212,19,0,40
BRDA:212,19,1,39
BRF:41
BRH:40
end_of_record
TN:
SF:components/ParallaxScrollView.tsx
FN:21,ParallaxScrollView
FN:30,(anonymous_1)
FNF:2
FNH:1
FNDA:1,ParallaxScrollView
FNDA:0,(anonymous_1)
DA:14,1
DA:26,1
DA:27,1
DA:28,1
DA:29,1
DA:30,1
DA:31,0
DA:47,1
DA:68,1
LF:9
LH:8
BRDA:26,0,0,1
BRDA:26,0,1,0
BRF:2
BRH:1
end_of_record
TN:
SF:components/PartialDataIndicator.tsx
FN:16,(anonymous_0)
FN:40,(anonymous_1)
FN:45,(anonymous_2)
FN:55,(anonymous_3)
FNF:4
FNH:0
FNDA:0,(anonymous_0)
FNDA:0,(anonymous_1)
FNDA:0,(anonymous_2)
FNDA:0,(anonymous_3)
DA:16,0
DA:23,0
DA:26,0
DA:30,0
DA:34,0
DA:40,0
DA:41,0
DA:45,0
DA:46,0
DA:47,0
DA:51,0
DA:52,0
DA:55,0
DA:56,0
DA:57,0
DA:59,0
DA:60,0
DA:66,0
DA:72,0
DA:74,0
DA:142,0
LF:21
LH:0
BRDA:21,0,0,0
BRDA:51,1,0,0
BRDA:51,1,1,0
BRDA:51,2,0,0
BRDA:51,2,1,0
BRDA:59,3,0,0
BRDA:59,3,1,0
BRDA:109,4,0,0
BRDA:109,4,1,0
BRDA:123,5,0,0
BRDA:123,5,1,0
BRF:11
BRH:0
end_of_record
TN:
SF:components/ProgressIndicator.tsx
FN:18,ProgressIndicator
FN:40,(anonymous_1)
FN:66,(anonymous_2)
FN:83,(anonymous_3)
FN:132,(anonymous_4)
FNF:5
FNH:5
FNDA:21,ProgressIndicator
FNDA:18,(anonymous_1)
FNDA:21,(anonymous_2)
FNDA:16,(anonymous_3)
FNDA:5,(anonymous_4)
DA:29,21
DA:30,21
DA:32,21
DA:33,21
DA:34,21
DA:36,21
DA:37,21
DA:38,21
DA:40,21
DA:41,18
DA:42,0
DA:44,0
DA:52,0
DA:53,0
DA:61,18
DA:62,18
DA:66,21
DA:67,21
DA:69,2
DA:73,2
DA:77,17
DA:83,21
DA:84,16
DA:86,16
DA:132,21
DA:133,5
DA:134,5
DA:135,5
DA:136,5
DA:138,5
DA:208,21
DA:211,1
LF:32
LH:28
BRDA:20,0,0,16
BRDA:21,1,0,16
BRDA:24,2,0,16
BRDA:25,3,0,0
BRDA:26,4,0,20
BRDA:36,5,0,21
BRDA:36,5,1,20
BRDA:37,6,0,21
BRDA:37,6,1,20
BRDA:41,7,0,0
BRDA:41,7,1,18
BRDA:42,8,0,0
BRDA:42,8,1,0
BRDA:52,9,0,0
BRDA:52,9,1,0
BRDA:67,10,0,2
BRDA:67,10,1,2
BRDA:67,10,2,17
BRDA:69,11,0,1
BRDA:69,11,1,1
BRDA:73,12,0,1
BRDA:73,12,1,1
BRDA:77,13,0,3
BRDA:77,13,1,14
BRDA:120,14,0,16
BRDA:120,14,1,3
BRDA:136,15,0,1
BRDA:136,15,1,4
BRDA:136,16,0,1
BRDA:136,16,1,3
BRDA:188,17,0,5
BRDA:188,17,1,2
BRDA:195,18,0,0
BRDA:195,18,1,2
BRDA:195,19,0,0
BRDA:195,19,1,2
BRDA:208,20,0,5
BRDA:208,20,1,16
BRF:38
BRH:30
end_of_record
TN:
SF:components/StatisticsCard.tsx
FN:16,StatisticsCard
FN:36,(anonymous_1)
FNF:2
FNH:2
FNDA:58,StatisticsCard
FNDA:58,(anonymous_1)
DA:26,58
DA:27,58
DA:28,58
DA:29,58
DA:30,58
DA:31,58
DA:32,58
DA:34,58
DA:36,58
DA:37,58
DA:38,4
DA:51,54
DA:121,58
DA:142,2
LF:14
LH:14
BRDA:22,0,0,52
BRDA:34,1,0,7
BRDA:34,1,1,51
BRDA:37,2,0,4
BRDA:37,2,1,54
BRDA:54,3,0,54
BRDA:54,3,1,2
BRDA:79,4,0,54
BRDA:79,4,1,4
BRDA:88,5,0,54
BRDA:88,5,1,10
BRDA:132,6,0,7
BRDA:132,6,1,51
BRDA:134,7,0,7
BRDA:134,7,1,51
BRF:15
BRH:15
end_of_record
TN:
SF:components/StatisticsErrorBoundary.tsx
FN:31,(anonymous_0)
FN:41,(anonymous_1)
FN:49,(anonymous_2)
FN:70,(anonymous_3)
FN:72,(anonymous_4)
FN:78,(anonymous_5)
FN:87,(anonymous_6)
FN:98,(anonymous_7)
FN:108,(anonymous_8)
FN:116,(anonymous_9)
FN:135,(anonymous_10)
FN:146,(anonymous_11)
FN:153,(anonymous_12)
FN:175,(anonymous_13)
FN:212,(anonymous_14)
FN:232,(anonymous_15)
FNF:16
FNH:15
FNDA:71,(anonymous_0)
FNDA:54,(anonymous_1)
FNDA:27,(anonymous_2)
FNDA:50,(anonymous_3)
FNDA:13,(anonymous_4)
FNDA:27,(anonymous_5)
FNDA:1,(anonymous_6)
FNDA:108,(anonymous_7)
FNDA:353,(anonymous_8)
FNDA:6,(anonymous_9)
FNDA:1,(anonymous_10)
FNDA:0,(anonymous_11)
FNDA:82,(anonymous_12)
FNDA:82,(anonymous_13)
FNDA:82,(anonymous_14)
FNDA:181,(anonymous_15)
DA:28,71
DA:29,71
DA:32,71
DA:33,71
DA:43,54
DA:51,27
DA:59,27
DA:64,27
DA:67,27
DA:72,50
DA:78,71
DA:79,27
DA:82,27
DA:83,13
DA:85,13
DA:87,13
DA:88,1
DA:91,13
DA:98,71
DA:99,108
DA:108,108
DA:109,353
DA:116,71
DA:117,6
DA:119,6
DA:121,6
DA:129,6
DA:135,71
DA:136,1
DA:138,1
DA:146,1
DA:147,1
DA:153,71
DA:154,82
DA:155,82
DA:157,82
DA:158,46
DA:161,36
DA:162,6
DA:165,30
DA:166,30
DA:169,0
DA:175,71
DA:176,82
DA:178,82
DA:180,46
DA:187,6
DA:194,30
DA:201,0
DA:212,71
DA:213,82
DA:215,82
DA:217,79
DA:233,181
DA:234,181
DA:236,181
DA:238,85
DA:239,3
DA:242,82
DA:243,82
DA:244,82
DA:246,82
DA:296,96
DA:300,2
LF:64
LH:62
BRDA:82,0,0,13
BRDA:82,0,1,14
BRDA:82,1,0,27
BRDA:82,1,1,26
BRDA:109,2,0,353
BRDA:109,2,1,294
BRDA:155,3,0,82
BRDA:155,3,1,0
BRDA:157,4,0,46
BRDA:157,4,1,36
BRDA:157,5,0,82
BRDA:157,5,1,36
BRDA:157,5,2,36
BRDA:161,6,0,6
BRDA:161,6,1,30
BRDA:161,7,0,36
BRDA:161,7,1,30
BRDA:161,7,2,30
BRDA:165,8,0,30
BRDA:165,8,1,0
BRDA:165,9,0,30
BRDA:165,9,1,27
BRDA:165,9,2,0
BRDA:178,10,0,46
BRDA:178,10,1,6
BRDA:178,10,2,30
BRDA:178,10,3,0
BRDA:215,11,0,3
BRDA:215,11,1,79
BRDA:215,12,0,82
BRDA:215,12,1,82
BRDA:223,13,0,79
BRDA:223,13,1,79
BRDA:234,14,0,181
BRDA:236,15,0,85
BRDA:236,15,1,96
BRDA:236,16,0,181
BRDA:236,16,1,85
BRDA:238,17,0,3
BRDA:238,17,1,82
BRDA:262,18,0,82
BRDA:262,18,1,19
BRDA:270,19,0,82
BRDA:270,19,1,78
BRDA:270,19,2,42
BRF:45
BRH:41
end_of_record
TN:
SF:components/ThemedText.tsx
FN:11,ThemedText
FNF:1
FNH:1
FNDA:908,ThemedText
DA:18,908
DA:20,908
DA:36,5
LF:3
LH:3
BRDA:15,0,0,904
BRDA:24,1,0,904
BRDA:24,1,1,4
BRDA:25,2,0,0
BRDA:25,2,1,908
BRDA:26,3,0,4
BRDA:26,3,1,904
BRDA:27,4,0,0
BRDA:27,4,1,908
BRDA:28,5,0,0
BRDA:28,5,1,908
BRF:11
BRH:8
end_of_record
TN:
SF:components/ThemedView.tsx
FN:10,ThemedView
FNF:1
FNH:1
FNDA:132,ThemedView
DA:11,132
DA:13,132
LF:2
LH:2
BRF:0
BRH:0
end_of_record
TN:
SF:components/ui/IconSymbol.ios.tsx
FN:4,IconSymbol
FNF:1
FNH:1
FNDA:4,IconSymbol
DA:17,4
LF:1
LH:1
BRDA:6,0,0,0
BRDA:9,1,0,0
BRF:2
BRH:0
end_of_record
TN:
SF:components/ui/IconSymbol.tsx
FN:30,IconSymbol
FNF:1
FNH:0
FNDA:0,IconSymbol
DA:16,0
DA:42,0
LF:2
LH:0
BRDA:32,0,0,0
BRF:1
BRH:0
end_of_record
TN:
SF:components/ui/TabBarBackground.ios.tsx
FN:5,BlurTabBarBackground
FN:17,useBottomTabOverflow
FNF:2
FNH:0
FNDA:0,BlurTabBarBackground
FNDA:0,useBottomTabOverflow
DA:6,0
DA:18,0
LF:2
LH:0
BRF:0
BRH:0
end_of_record
TN:
SF:components/ui/TabBarBackground.tsx
FN:4,useBottomTabOverflow
FNF:1
FNH:0
FNDA:0,useBottomTabOverflow
DA:5,0
LF:1
LH:0
BRF:0
BRH:0
end_of_record
TN:
SF:hooks/useColorScheme.ts
FNF:0
FNH:0
LF:0
LH:0
BRF:0
BRH:0
end_of_record
TN:
SF:hooks/useColorScheme.web.ts
FN:7,useColorScheme
FN:10,(anonymous_1)
FNF:2
FNH:0
FNDA:0,useColorScheme
FNDA:0,(anonymous_1)
DA:8,0
DA:10,0
DA:11,0
DA:14,0
DA:16,0
DA:17,0
DA:20,0
LF:7
LH:0
BRDA:16,0,0,0
BRDA:16,0,1,0
BRF:2
BRH:0
end_of_record
TN:
SF:hooks/useFogCalculation.ts
FN:76,(anonymous_0)
FN:99,(anonymous_1)
FN:113,(anonymous_2)
FN:114,(anonymous_3)
FN:115,(anonymous_4)
FN:151,(anonymous_5)
FN:160,(anonymous_6)
FN:189,(anonymous_7)
FN:214,(anonymous_8)
FN:226,(anonymous_9)
FN:236,(anonymous_10)
FN:244,(anonymous_11)
FN:261,(anonymous_12)
FN:281,(anonymous_13)
FN:296,(anonymous_14)
FN:298,(anonymous_15)
FN:309,(anonymous_16)
FN:311,(anonymous_17)
FN:318,(anonymous_18)
FN:321,(anonymous_19)
FN:330,(anonymous_20)
FN:335,(anonymous_21)
FNF:22
FNH:19
FNDA:156,(anonymous_0)
FNDA:132,(anonymous_1)
FNDA:4,(anonymous_2)
FNDA:4,(anonymous_3)
FNDA:4,(anonymous_4)
FNDA:132,(anonymous_5)
FNDA:132,(anonymous_6)
FNDA:91,(anonymous_7)
FNDA:40,(anonymous_8)
FNDA:14,(anonymous_9)
FNDA:3,(anonymous_10)
FNDA:81,(anonymous_11)
FNDA:14,(anonymous_12)
FNDA:8,(anonymous_13)
FNDA:0,(anonymous_14)
FNDA:0,(anonymous_15)
FNDA:3,(anonymous_16)
FNDA:3,(anonymous_17)
FNDA:48,(anonymous_18)
FNDA:40,(anonymous_19)
FNDA:0,(anonymous_20)
FNDA:38,(anonymous_21)
DA:66,5
DA:76,5
DA:79,156
DA:82,156
DA:92,156
DA:93,156
DA:94,156
DA:99,156
DA:100,132
DA:101,132
DA:102,132
DA:104,91
DA:105,88
DA:106,88
DA:109,3
DA:112,3
DA:113,4
DA:114,4
DA:115,4
DA:117,3
DA:118,0
DA:119,0
DA:122,3
DA:123,3
DA:124,3
DA:128,0
DA:129,0
DA:131,0
DA:132,0
DA:135,0
DA:136,0
DA:139,0
DA:142,41
DA:144,41
DA:151,156
DA:155,132
DA:156,0
DA:157,0
DA:160,132
DA:167,132
DA:168,132
DA:175,132
DA:178,91
DA:183,91
DA:184,0
DA:185,0
DA:189,91
DA:199,91
DA:207,41
DA:208,1
DA:211,40
DA:212,40
DA:214,40
DA:226,156
DA:231,14
DA:232,2
DA:236,14
DA:237,3
DA:244,156
DA:247,81
DA:249,81
DA:250,81
DA:251,81
DA:252,81
DA:255,81
DA:261,156
DA:264,14
DA:267,14
DA:269,14
DA:270,14
DA:271,14
DA:272,14
DA:275,14
DA:281,156
DA:282,8
DA:284,8
DA:285,8
DA:286,8
DA:287,8
DA:290,8
DA:296,156
DA:297,0
DA:298,0
DA:309,156
DA:310,3
DA:311,3
DA:318,156
DA:319,48
DA:321,40
DA:322,40
DA:323,40
DA:324,40
DA:325,40
DA:327,40
DA:330,40
DA:331,0
DA:335,40
DA:336,38
DA:338,38
DA:339,12
DA:340,12
DA:343,38
DA:347,156
LF:103
LH:87
BRDA:77,0,0,59
BRDA:104,1,0,88
BRDA:104,1,1,3
BRDA:113,2,0,4
BRDA:113,2,1,4
BRDA:115,3,0,4
BRDA:115,3,1,3
BRDA:117,4,0,0
BRDA:117,4,1,3
BRDA:122,5,0,3
BRDA:122,5,1,0
BRDA:131,6,0,0
BRDA:131,6,1,0
BRDA:135,7,0,0
BRDA:135,7,1,0
BRDA:153,8,0,0
BRDA:155,9,0,0
BRDA:155,9,1,132
BRDA:183,10,0,0
BRDA:183,10,1,91
BRDA:194,11,0,0
BRDA:194,11,1,91
BRDA:207,12,0,1
BRDA:207,12,1,40
BRDA:211,13,0,40
BRDA:211,13,1,0
BRDA:228,14,0,0
BRDA:231,15,0,2
BRDA:231,15,1,12
BRDA:249,16,0,81
BRDA:249,16,1,81
BRDA:284,17,0,8
BRDA:284,17,1,8
BRDA:338,18,0,12
BRDA:338,18,1,26
BRF:35
BRH:23
end_of_record
TN:
SF:hooks/useLocationTracking.ts
FN:10,(anonymous_0)
FN:37,(anonymous_1)
FN:70,(anonymous_2)
FN:88,(anonymous_3)
FN:98,(anonymous_4)
FN:105,(anonymous_5)
FN:115,(anonymous_6)
FN:130,useLocationTracking
FN:136,(anonymous_8)
FN:139,(anonymous_9)
FN:162,(anonymous_10)
FN:166,(anonymous_11)
FNF:12
FNH:0
FNDA:0,(anonymous_0)
FNDA:0,(anonymous_1)
FNDA:0,(anonymous_2)
FNDA:0,(anonymous_3)
FNDA:0,(anonymous_4)
FNDA:0,(anonymous_5)
FNDA:0,(anonymous_6)
FNDA:0,useLocationTracking
FNDA:0,(anonymous_8)
FNDA:0,(anonymous_9)
FNDA:0,(anonymous_10)
FNDA:0,(anonymous_11)
DA:7,0
DA:10,0
DA:11,0
DA:12,0
DA:13,0
DA:15,0
DA:16,0
DA:17,0
DA:18,0
DA:19,0
DA:21,0
DA:22,0
DA:26,0
DA:28,0
DA:37,0
DA:38,0
DA:39,0
DA:40,0
DA:41,0
DA:43,0
DA:44,0
DA:45,0
DA:46,0
DA:49,0
DA:50,0
DA:51,0
DA:53,0
DA:54,0
DA:55,0
DA:56,0
DA:59,0
DA:61,0
DA:62,0
DA:63,0
DA:70,0
DA:71,0
DA:72,0
DA:82,0
DA:88,0
DA:89,0
DA:90,0
DA:91,0
DA:92,0
DA:98,0
DA:99,0
DA:100,0
DA:106,0
DA:107,0
DA:115,0
DA:116,0
DA:117,0
DA:118,0
DA:119,0
DA:120,0
DA:121,0
DA:123,0
DA:124,0
DA:126,0
DA:131,0
DA:133,0
DA:134,0
DA:136,0
DA:137,0
DA:139,0
DA:141,0
DA:142,0
DA:143,0
DA:146,0
DA:148,0
DA:151,0
DA:153,0
DA:154,0
DA:159,0
DA:162,0
DA:163,0
DA:166,0
DA:167,0
DA:171,0
DA:172,0
LF:79
LH:0
BRDA:11,0,0,0
BRDA:11,0,1,0
BRDA:15,1,0,0
BRDA:15,1,1,0
BRDA:18,2,0,0
BRDA:18,2,1,0
BRDA:43,3,0,0
BRDA:43,3,1,0
BRDA:53,4,0,0
BRDA:53,4,1,0
BRDA:120,5,0,0
BRDA:120,5,1,0
BRDA:142,6,0,0
BRDA:142,6,1,0
BRF:14
BRH:0
end_of_record
TN:
SF:hooks/useMapStyling.ts
FN:93,(anonymous_0)
FN:113,(anonymous_1)
FN:114,(anonymous_2)
FN:131,(anonymous_3)
FN:147,(anonymous_4)
FN:166,(anonymous_5)
FN:173,(anonymous_6)
FN:194,(anonymous_7)
FN:203,(anonymous_8)
FN:212,(anonymous_9)
FN:223,(anonymous_10)
FN:233,(anonymous_11)
FN:236,(anonymous_12)
FN:242,(anonymous_13)
FN:249,(anonymous_14)
FN:261,(anonymous_15)
FN:270,(anonymous_16)
FNF:17
FNH:17
FNDA:32,(anonymous_0)
FNDA:37,(anonymous_1)
FNDA:58,(anonymous_2)
FNDA:39,(anonymous_3)
FNDA:39,(anonymous_4)
FNDA:37,(anonymous_5)
FNDA:27,(anonymous_6)
FNDA:2,(anonymous_7)
FNDA:5,(anonymous_8)
FNDA:2,(anonymous_9)
FNDA:2,(anonymous_10)
FNDA:1,(anonymous_11)
FNDA:1,(anonymous_12)
FNDA:1,(anonymous_13)
FNDA:37,(anonymous_14)
FNDA:37,(anonymous_15)
FNDA:35,(anonymous_16)
DA:76,1
DA:93,1
DA:95,32
DA:96,29
DA:100,3
DA:101,3
DA:102,3
DA:106,0
DA:107,0
DA:113,1
DA:114,58
DA:116,37
DA:117,34
DA:121,3
DA:131,1
DA:132,39
DA:147,1
DA:151,39
DA:166,1
DA:169,37
DA:170,37
DA:173,37
DA:174,27
DA:175,27
DA:176,27
DA:180,37
DA:181,37
DA:182,37
DA:185,37
DA:186,37
DA:188,37
DA:189,37
DA:194,37
DA:195,2
DA:196,2
DA:197,2
DA:203,37
DA:204,5
DA:205,5
DA:206,5
DA:212,37
DA:216,2
DA:217,2
DA:223,37
DA:226,2
DA:227,2
DA:233,37
DA:234,1
DA:236,1
DA:242,37
DA:243,1
DA:244,1
DA:245,1
DA:249,37
DA:250,37
DA:261,37
DA:262,37
DA:263,37
DA:270,37
DA:271,35
DA:272,1
DA:278,37
LF:62
LH:60
BRDA:95,0,0,29
BRDA:95,0,1,3
BRDA:101,1,0,3
BRDA:101,1,1,0
BRDA:116,2,0,34
BRDA:116,2,1,3
BRDA:167,3,0,23
BRDA:262,4,0,37
BRDA:262,4,1,0
BRDA:271,5,0,1
BRDA:271,5,1,34
BRF:11
BRH:9
end_of_record
TN:
SF:hooks/useMapViewport.ts
FN:84,(anonymous_0)
FN:88,(anonymous_1)
FN:117,(anonymous_2)
FN:135,(anonymous_3)
FN:158,(anonymous_4)
FN:188,(anonymous_5)
FN:211,(anonymous_6)
FN:223,(anonymous_7)
FN:230,(anonymous_8)
FN:235,(anonymous_9)
FN:246,(anonymous_10)
FN:260,(anonymous_11)
FN:263,(anonymous_12)
FN:278,(anonymous_13)
FN:285,(anonymous_14)
FN:305,(anonymous_15)
FN:327,(anonymous_16)
FN:330,(anonymous_17)
FN:344,(anonymous_18)
FN:347,(anonymous_19)
FN:350,(anonymous_20)
FN:357,(anonymous_21)
FNF:22
FNH:22
FNDA:29,(anonymous_0)
FNDA:112,(anonymous_1)
FNDA:3,(anonymous_2)
FNDA:126,(anonymous_3)
FNDA:29,(anonymous_4)
FNDA:20,(anonymous_5)
FNDA:57,(anonymous_6)
FNDA:57,(anonymous_7)
FNDA:29,(anonymous_8)
FNDA:29,(anonymous_9)
FNDA:57,(anonymous_10)
FNDA:5,(anonymous_11)
FNDA:5,(anonymous_12)
FNDA:2,(anonymous_13)
FNDA:4,(anonymous_14)
FNDA:2,(anonymous_15)
FNDA:34,(anonymous_16)
FNDA:33,(anonymous_17)
FNDA:100,(anonymous_18)
FNDA:2,(anonymous_19)
FNDA:2,(anonymous_20)
FNDA:34,(anonymous_21)
DA:73,5
DA:84,5
DA:85,29
DA:88,112
DA:89,2
DA:90,2
DA:94,27
DA:95,3
DA:96,3
DA:100,24
DA:101,1
DA:102,1
DA:106,23
DA:107,3
DA:108,3
DA:111,20
DA:117,5
DA:118,3
DA:119,3
DA:121,3
DA:122,3
DA:123,3
DA:124,3
DA:126,3
DA:127,3
DA:129,3
DA:135,5
DA:138,126
DA:141,126
DA:151,126
DA:152,126
DA:153,126
DA:158,126
DA:163,29
DA:164,0
DA:165,0
DA:169,29
DA:170,9
DA:171,9
DA:175,20
DA:176,3
DA:177,3
DA:181,20
DA:182,15
DA:183,15
DA:186,20
DA:188,20
DA:198,20
DA:200,20
DA:211,126
DA:217,57
DA:218,30
DA:222,57
DA:223,57
DA:230,57
DA:231,29
DA:234,29
DA:235,29
DA:246,126
DA:251,57
DA:254,57
DA:260,126
DA:261,5
DA:263,5
DA:269,5
DA:271,1
DA:278,126
DA:279,2
DA:285,126
DA:286,4
DA:287,1
DA:290,3
DA:291,3
DA:293,3
DA:299,3
DA:305,126
DA:306,2
DA:309,2
DA:310,2
DA:311,2
DA:314,2
DA:323,2
DA:327,126
DA:328,34
DA:330,33
DA:331,33
DA:334,33
DA:335,25
DA:336,25
DA:339,33
DA:344,126
DA:345,100
DA:347,34
DA:348,2
DA:349,2
DA:350,2
DA:357,34
DA:358,34
DA:363,126
LF:99
LH:97
BRDA:88,0,0,2
BRDA:88,0,1,27
BRDA:88,1,0,112
BRDA:88,1,1,112
BRDA:94,2,0,3
BRDA:94,2,1,24
BRDA:94,3,0,27
BRDA:94,3,1,24
BRDA:94,3,2,24
BRDA:94,3,3,24
BRDA:100,4,0,1
BRDA:100,4,1,23
BRDA:100,5,0,24
BRDA:100,5,1,23
BRDA:100,5,2,23
BRDA:100,5,3,23
BRDA:106,6,0,3
BRDA:106,6,1,20
BRDA:106,7,0,23
BRDA:106,7,1,21
BRDA:136,8,0,7
BRDA:160,9,0,15
BRDA:161,10,0,24
BRDA:163,11,0,0
BRDA:163,11,1,29
BRDA:169,12,0,9
BRDA:169,12,1,20
BRDA:175,13,0,3
BRDA:175,13,1,17
BRDA:175,14,0,20
BRDA:175,14,1,19
BRDA:181,15,0,15
BRDA:181,15,1,5
BRDA:217,16,0,30
BRDA:217,16,1,27
BRDA:222,17,0,57
BRDA:222,17,1,0
BRDA:234,18,0,29
BRDA:234,18,1,0
BRDA:269,19,0,1
BRDA:269,19,1,4
BRDA:269,20,0,5
BRDA:269,20,1,2
BRDA:286,21,0,1
BRDA:286,21,1,3
BRDA:309,22,0,2
BRDA:309,22,1,0
BRDA:334,23,0,25
BRDA:334,23,1,8
BRDA:345,24,0,34
BRDA:345,24,1,66
BRDA:345,25,0,100
BRDA:345,25,1,35
BRDA:348,26,0,2
BRDA:348,26,1,0
BRF:55
BRH:50
end_of_record
TN:
SF:hooks/useOfflineStatistics.ts
FN:102,(anonymous_0)
FN:142,(anonymous_1)
FN:152,(anonymous_2)
FN:174,(anonymous_3)
FN:214,(anonymous_4)
FN:225,(anonymous_5)
FN:254,(anonymous_6)
FN:284,(anonymous_7)
FN:296,(anonymous_8)
FN:304,(anonymous_9)
FN:306,(anonymous_10)
FN:317,(anonymous_11)
FN:327,(anonymous_12)
FN:344,(anonymous_13)
FN:352,(anonymous_14)
FN:364,(anonymous_15)
FN:369,(anonymous_16)
FN:370,(anonymous_17)
FN:371,(anonymous_18)
FN:416,(anonymous_19)
FN:433,(anonymous_20)
FN:434,(anonymous_21)
FN:436,(anonymous_22)
FN:438,(anonymous_23)
FN:439,(anonymous_24)
FN:441,(anonymous_25)
FN:476,(anonymous_26)
FN:494,(anonymous_27)
FN:516,(anonymous_28)
FN:532,(anonymous_29)
FN:548,(anonymous_30)
FN:570,(anonymous_31)
FN:595,(anonymous_32)
FN:614,(anonymous_33)
FN:628,(anonymous_34)
FN:635,(anonymous_35)
FN:648,(anonymous_36)
FN:649,(anonymous_37)
FN:652,(anonymous_38)
FN:653,(anonymous_39)
FN:685,(anonymous_40)
FN:694,(anonymous_41)
FN:703,(anonymous_42)
FN:724,(anonymous_43)
FN:745,(anonymous_44)
FN:748,(anonymous_45)
FN:774,(anonymous_46)
FN:776,(anonymous_47)
FN:787,(anonymous_48)
FN:800,(anonymous_49)
FN:810,(anonymous_50)
FN:817,(anonymous_51)
FNF:52
FNH:38
FNDA:51,(anonymous_0)
FNDA:31,(anonymous_1)
FNDA:58,(anonymous_2)
FNDA:60,(anonymous_3)
FNDA:60,(anonymous_4)
FNDA:2,(anonymous_5)
FNDA:31,(anonymous_6)
FNDA:27,(anonymous_7)
FNDA:29,(anonymous_8)
FNDA:27,(anonymous_9)
FNDA:26,(anonymous_10)
FNDA:27,(anonymous_11)
FNDA:0,(anonymous_12)
FNDA:1,(anonymous_13)
FNDA:1,(anonymous_14)
FNDA:27,(anonymous_15)
FNDA:0,(anonymous_16)
FNDA:0,(anonymous_17)
FNDA:0,(anonymous_18)
FNDA:29,(anonymous_19)
FNDA:27,(anonymous_20)
FNDA:0,(anonymous_21)
FNDA:27,(anonymous_22)
FNDA:27,(anonymous_23)
FNDA:0,(anonymous_24)
FNDA:27,(anonymous_25)
FNDA:33,(anonymous_26)
FNDA:31,(anonymous_27)
FNDA:2,(anonymous_28)
FNDA:29,(anonymous_29)
FNDA:1,(anonymous_30)
FNDA:27,(anonymous_31)
FNDA:0,(anonymous_32)
FNDA:1,(anonymous_33)
FNDA:0,(anonymous_34)
FNDA:2,(anonymous_35)
FNDA:0,(anonymous_36)
FNDA:0,(anonymous_37)
FNDA:0,(anonymous_38)
FNDA:0,(anonymous_39)
FNDA:1,(anonymous_40)
FNDA:1,(anonymous_41)
FNDA:2,(anonymous_42)
FNDA:0,(anonymous_43)
FNDA:3,(anonymous_44)
FNDA:3,(anonymous_45)
FNDA:30,(anonymous_46)
FNDA:0,(anonymous_47)
FNDA:48,(anonymous_48)
FNDA:30,(anonymous_49)
FNDA:30,(anonymous_50)
FNDA:18,(anonymous_51)
DA:79,1
DA:92,1
DA:102,1
DA:110,51
DA:113,51
DA:133,51
DA:134,51
DA:135,51
DA:136,51
DA:137,51
DA:142,51
DA:143,31
DA:144,31
DA:149,29
DA:152,58
DA:156,29
DA:157,29
DA:158,2146
DA:159,2146
DA:160,2146
DA:163,29
DA:165,2
DA:167,2
DA:174,51
DA:175,60
DA:176,60
DA:177,56
DA:179,56
DA:186,56
DA:187,34
DA:190,56
DA:192,4
DA:193,4
DA:214,51
DA:215,60
DA:216,60
DA:222,56
DA:223,56
DA:224,56
DA:225,56
DA:227,0
DA:228,0
DA:231,56
DA:238,56
DA:239,56
DA:241,4
DA:242,4
DA:254,51
DA:255,31
DA:256,31
DA:258,31
DA:259,25
DA:262,6
DA:265,6
DA:267,6
DA:268,2
DA:269,2
DA:272,4
DA:273,4
DA:274,4
DA:276,0
DA:277,0
DA:284,51
DA:285,27
DA:286,27
DA:287,27
DA:289,0
DA:296,51
DA:297,29
DA:298,27
DA:304,51
DA:305,27
DA:306,27
DA:311,27
DA:317,51
DA:318,27
DA:319,27
DA:321,27
DA:322,26
DA:326,1
DA:327,0
DA:330,1
DA:331,0
DA:332,0
DA:335,1
DA:342,1
DA:343,1
DA:345,1
DA:346,1
DA:347,1
DA:349,0
DA:352,1
DA:354,1
DA:356,0
DA:357,0
DA:364,51
DA:365,27
DA:366,27
DA:368,0
DA:369,0
DA:370,0
DA:371,0
DA:373,0
DA:380,0
DA:386,0
DA:392,0
DA:398,0
DA:401,27
DA:403,0
DA:404,0
DA:416,51
DA:417,29
DA:419,29
DA:420,29
DA:423,29
DA:425,29
DA:427,29
DA:428,27
DA:431,27
DA:433,27
DA:434,0
DA:436,27
DA:438,27
DA:439,0
DA:441,27
DA:444,27
DA:457,27
DA:466,27
DA:468,2
DA:469,2
DA:476,51
DA:478,33
DA:479,2
DA:480,2
DA:483,31
DA:484,31
DA:486,31
DA:487,31
DA:491,31
DA:494,31
DA:503,31
DA:504,31
DA:505,31
DA:506,29
DA:509,2
DA:513,31
DA:514,28
DA:515,28
DA:516,2
DA:527,2
DA:532,29
DA:541,29
DA:542,29
DA:545,2
DA:546,2
DA:547,2
DA:548,1
DA:560,1
DA:563,1
DA:567,27
DA:570,27
DA:582,27
DA:583,27
DA:587,1
DA:588,1
DA:591,1
DA:592,1
DA:593,1
DA:594,1
DA:595,0
DA:607,0
DA:610,0
DA:614,1
DA:621,31
DA:628,51
DA:629,0
DA:635,51
DA:636,2
DA:637,2
DA:638,1
DA:639,1
DA:641,1
DA:648,51
DA:649,0
DA:650,0
DA:652,0
DA:653,0
DA:654,0
DA:655,0
DA:661,0
DA:662,0
DA:668,0
DA:672,0
DA:685,51
DA:686,1
DA:687,1
DA:688,1
DA:694,51
DA:695,1
DA:696,1
DA:697,1
DA:703,51
DA:704,2
DA:705,2
DA:706,2
DA:708,2
DA:709,1
DA:710,1
DA:711,1
DA:714,1
DA:716,0
DA:717,0
DA:724,51
DA:725,0
DA:727,0
DA:745,51
DA:746,3
DA:748,3
DA:749,3
DA:751,3
DA:762,3
DA:763,0
DA:764,0
DA:767,3
DA:774,51
DA:775,30
DA:776,30
DA:777,0
DA:780,30
DA:787,51
DA:788,48
DA:789,30
DA:790,30
DA:793,48
DA:794,30
DA:795,30
DA:800,51
DA:801,30
DA:802,30
DA:805,30
DA:808,30
DA:810,30
DA:811,30
DA:812,30
DA:817,51
DA:818,18
DA:821,51
LF:247
LH:202
BRDA:102,0,0,49
BRDA:152,1,0,29
BRDA:152,1,1,0
BRDA:177,2,0,56
BRDA:177,2,1,34
BRDA:182,3,0,34
BRDA:182,3,1,22
BRDA:186,4,0,34
BRDA:186,4,1,22
BRDA:225,5,0,2
BRDA:225,5,1,0
BRDA:225,5,2,0
BRDA:258,6,0,25
BRDA:258,6,1,6
BRDA:265,7,0,2
BRDA:265,7,1,4
BRDA:267,8,0,2
BRDA:267,8,1,4
BRDA:308,9,0,26
BRDA:308,9,1,0
BRDA:321,10,0,26
BRDA:321,10,1,1
BRDA:326,11,0,0
BRDA:326,11,1,1
BRDA:327,12,0,0
BRDA:327,12,1,0
BRDA:327,12,2,0
BRDA:330,13,0,0
BRDA:330,13,1,1
BRDA:338,14,0,0
BRDA:338,14,1,1
BRDA:346,15,0,1
BRDA:346,15,1,0
BRDA:347,16,0,1
BRDA:347,16,1,0
BRDA:366,17,0,0
BRDA:366,17,1,27
BRDA:393,18,0,0
BRDA:393,18,1,0
BRDA:394,19,0,0
BRDA:394,19,1,0
BRDA:395,20,0,0
BRDA:395,20,1,0
BRDA:416,21,0,0
BRDA:420,22,0,29
BRDA:420,22,1,17
BRDA:420,22,2,2
BRDA:420,22,3,17
BRDA:452,23,0,12
BRDA:452,23,1,15
BRDA:452,24,0,12
BRDA:452,24,1,0
BRDA:453,25,0,12
BRDA:453,25,1,15
BRDA:476,26,0,0
BRDA:478,27,0,2
BRDA:478,27,1,31
BRDA:487,28,0,31
BRDA:487,28,1,14
BRDA:487,28,2,19
BRDA:513,29,0,28
BRDA:513,29,1,3
BRDA:515,30,0,2
BRDA:515,30,1,26
BRDA:515,31,0,28
BRDA:515,31,1,3
BRDA:515,31,2,3
BRDA:545,32,0,2
BRDA:545,32,1,0
BRDA:547,33,0,1
BRDA:547,33,1,1
BRDA:558,34,0,1
BRDA:558,34,1,0
BRDA:582,35,0,27
BRDA:582,35,1,0
BRDA:587,36,0,1
BRDA:587,36,1,0
BRDA:591,37,0,1
BRDA:591,37,1,0
BRDA:594,38,0,0
BRDA:594,38,1,1
BRDA:650,39,0,0
BRDA:650,39,1,0
BRDA:654,40,0,0
BRDA:654,40,1,0
BRDA:661,41,0,0
BRDA:661,41,1,0
BRDA:708,42,0,1
BRDA:708,42,1,1
BRDA:725,43,0,0
BRDA:725,43,1,0
BRDA:725,44,0,0
BRDA:725,44,1,0
BRDA:746,45,0,3
BRDA:746,45,1,1
BRDA:757,46,0,1
BRDA:757,46,1,2
BRDA:762,47,0,0
BRDA:762,47,1,3
BRDA:762,48,0,3
BRDA:762,48,1,1
BRDA:762,48,2,0
BRDA:775,49,0,30
BRDA:775,49,1,0
BRDA:775,50,0,30
BRDA:775,50,1,30
BRDA:788,51,0,30
BRDA:788,51,1,18
BRDA:793,52,0,30
BRDA:793,52,1,18
BRF:110
BRH:69
end_of_record
TN:
SF:hooks/useStatistics.ts
FN:74,(anonymous_0)
FN:99,(anonymous_1)
FN:109,(anonymous_2)
FN:123,(anonymous_3)
FN:138,(anonymous_4)
FN:152,(anonymous_5)
FN:157,(anonymous_6)
FN:177,(anonymous_7)
FN:182,(anonymous_8)
FN:184,(anonymous_9)
FN:195,(anonymous_10)
FN:214,(anonymous_11)
FN:219,(anonymous_12)
FN:234,(anonymous_13)
FN:242,(anonymous_14)
FN:263,(anonymous_15)
FN:271,(anonymous_16)
FN:284,(anonymous_17)
FN:289,(anonymous_18)
FN:312,(anonymous_19)
FN:355,(anonymous_20)
FN:389,(anonymous_21)
FN:413,(anonymous_22)
FN:427,(anonymous_23)
FN:440,(anonymous_24)
FN:454,(anonymous_25)
FN:457,(anonymous_26)
FN:466,(anonymous_27)
FN:481,(anonymous_28)
FN:482,(anonymous_29)
FN:485,(anonymous_30)
FN:486,(anonymous_31)
FN:518,(anonymous_32)
FN:528,(anonymous_33)
FN:549,(anonymous_34)
FN:558,(anonymous_35)
FN:571,(anonymous_36)
FN:575,(anonymous_37)
FN:579,(anonymous_38)
FN:592,(anonymous_39)
FN:604,(anonymous_40)
FN:605,(anonymous_41)
FN:618,(anonymous_42)
FN:630,(anonymous_43)
FN:637,(anonymous_44)
FN:653,(anonymous_45)
FN:661,(anonymous_46)
FN:665,(anonymous_47)
FN:666,(anonymous_48)
FN:687,(anonymous_49)
FN:695,(anonymous_50)
FN:696,(anonymous_51)
FN:699,(anonymous_52)
FNF:53
FNH:40
FNDA:92,(anonymous_0)
FNDA:0,(anonymous_1)
FNDA:0,(anonymous_2)
FNDA:0,(anonymous_3)
FNDA:38,(anonymous_4)
FNDA:38,(anonymous_5)
FNDA:0,(anonymous_6)
FNDA:38,(anonymous_7)
FNDA:0,(anonymous_8)
FNDA:0,(anonymous_9)
FNDA:53,(anonymous_10)
FNDA:38,(anonymous_11)
FNDA:0,(anonymous_12)
FNDA:0,(anonymous_13)
FNDA:0,(anonymous_14)
FNDA:53,(anonymous_15)
FNDA:53,(anonymous_16)
FNDA:38,(anonymous_17)
FNDA:0,(anonymous_18)
FNDA:38,(anonymous_19)
FNDA:51,(anonymous_20)
FNDA:0,(anonymous_21)
FNDA:38,(anonymous_22)
FNDA:37,(anonymous_23)
FNDA:2,(anonymous_24)
FNDA:5,(anonymous_25)
FNDA:4,(anonymous_26)
FNDA:3,(anonymous_27)
FNDA:5,(anonymous_28)
FNDA:5,(anonymous_29)
FNDA:7,(anonymous_30)
FNDA:6,(anonymous_31)
FNDA:1,(anonymous_32)
FNDA:6,(anonymous_33)
FNDA:0,(anonymous_34)
FNDA:6,(anonymous_35)
FNDA:44,(anonymous_36)
FNDA:6,(anonymous_37)
FNDA:6,(anonymous_38)
FNDA:88,(anonymous_39)
FNDA:44,(anonymous_40)
FNDA:44,(anonymous_41)
FNDA:34,(anonymous_42)
FNDA:44,(anonymous_43)
FNDA:44,(anonymous_44)
FNDA:0,(anonymous_45)
FNDA:8,(anonymous_46)
FNDA:4,(anonymous_47)
FNDA:4,(anonymous_48)
FNDA:10,(anonymous_49)
FNDA:5,(anonymous_50)
FNDA:5,(anonymous_51)
FNDA:7,(anonymous_52)
DA:61,2
DA:74,2
DA:79,92
DA:82,92
DA:91,92
DA:92,92
DA:93,92
DA:99,92
DA:100,0
DA:101,0
DA:106,0
DA:109,0
DA:113,0
DA:115,0
DA:116,0
DA:123,92
DA:124,0
DA:125,0
DA:126,0
DA:128,0
DA:130,0
DA:131,0
DA:138,92
DA:139,38
DA:140,38
DA:141,0
DA:142,0
DA:145,0
DA:152,92
DA:153,38
DA:154,38
DA:155,0
DA:158,0
DA:159,0
DA:165,38
DA:166,38
DA:169,3
DA:170,3
DA:177,92
DA:178,38
DA:179,38
DA:180,0
DA:183,0
DA:184,0
DA:188,0
DA:194,38
DA:195,53
DA:199,38
DA:202,0
DA:203,0
DA:214,92
DA:215,38
DA:216,38
DA:217,0
DA:220,0
DA:222,0
DA:223,0
DA:226,0
DA:232,0
DA:233,0
DA:235,0
DA:236,0
DA:237,0
DA:239,0
DA:242,0
DA:244,0
DA:250,38
DA:252,38
DA:253,0
DA:256,38
DA:261,38
DA:262,38
DA:264,53
DA:265,53
DA:266,53
DA:268,0
DA:271,53
DA:273,38
DA:276,0
DA:277,0
DA:284,92
DA:285,38
DA:286,38
DA:287,0
DA:290,0
DA:296,38
DA:299,1
DA:300,1
DA:312,92
DA:313,38
DA:315,38
DA:322,38
DA:329,38
DA:338,38
DA:345,38
DA:347,0
DA:348,0
DA:355,92
DA:357,51
DA:358,11
DA:359,11
DA:362,40
DA:363,40
DA:366,40
DA:371,38
DA:373,38
DA:374,0
DA:378,0
DA:383,0
DA:385,0
DA:387,0
DA:388,0
DA:389,0
DA:397,0
DA:402,0
DA:403,0
DA:404,0
DA:406,0
DA:407,0
DA:413,38
DA:421,38
DA:424,38
DA:427,38
DA:437,2
DA:438,2
DA:440,2
DA:447,40
DA:454,92
DA:455,5
DA:457,4
DA:460,5
DA:466,92
DA:467,3
DA:468,3
DA:469,0
DA:471,3
DA:472,3
DA:474,0
DA:481,92
DA:482,5
DA:483,5
DA:485,5
DA:486,7
DA:487,6
DA:488,4
DA:494,2
DA:495,2
DA:501,0
DA:505,5
DA:518,92
DA:519,1
DA:521,1
DA:528,92
DA:529,6
DA:530,6
DA:531,0
DA:536,0
DA:540,0
DA:545,0
DA:546,0
DA:547,0
DA:549,0
DA:552,0
DA:556,6
DA:558,6
DA:561,6
DA:564,0
DA:571,92
DA:572,44
DA:573,42
DA:575,6
DA:579,42
DA:581,6
DA:582,6
DA:585,42
DA:592,92
DA:593,88
DA:594,42
DA:595,42
DA:599,88
DA:600,88
DA:604,92
DA:605,44
DA:606,44
DA:608,44
DA:609,0
DA:612,0
DA:616,44
DA:618,34
DA:621,44
DA:624,44
DA:625,44
DA:628,44
DA:630,44
DA:631,44
DA:632,44
DA:637,92
DA:638,44
DA:641,92
DA:653,2
DA:654,0
DA:655,0
DA:661,2
DA:662,8
DA:663,8
DA:665,8
DA:666,4
DA:667,4
DA:668,4
DA:669,4
DA:670,2
DA:672,2
DA:674,4
DA:678,4
DA:681,8
DA:687,2
DA:688,10
DA:693,10
DA:695,10
DA:696,5
DA:697,5
DA:698,5
DA:699,7
DA:704,5
DA:705,3
DA:707,2
DA:709,5
DA:713,5
DA:716,10
LF:229
LH:154
BRDA:74,0,0,77
BRDA:109,1,0,0
BRDA:109,1,1,0
BRDA:125,2,0,0
BRDA:125,2,1,0
BRDA:125,3,0,0
BRDA:125,3,1,0
BRDA:140,4,0,0
BRDA:140,4,1,38
BRDA:140,5,0,38
BRDA:140,5,1,0
BRDA:154,6,0,0
BRDA:154,6,1,38
BRDA:154,7,0,38
BRDA:154,7,1,0
BRDA:179,8,0,0
BRDA:179,8,1,38
BRDA:179,9,0,38
BRDA:179,9,1,0
BRDA:186,10,0,0
BRDA:186,10,1,0
BRDA:197,11,0,30
BRDA:197,11,1,23
BRDA:216,12,0,0
BRDA:216,12,1,38
BRDA:216,13,0,38
BRDA:216,13,1,0
BRDA:222,14,0,0
BRDA:222,14,1,0
BRDA:236,15,0,0
BRDA:236,15,1,0
BRDA:237,16,0,0
BRDA:237,16,1,0
BRDA:252,17,0,0
BRDA:252,17,1,38
BRDA:265,18,0,30
BRDA:265,18,1,23
BRDA:266,19,0,23
BRDA:266,19,1,30
BRDA:286,20,0,0
BRDA:286,20,1,38
BRDA:286,21,0,38
BRDA:286,21,1,0
BRDA:355,22,0,0
BRDA:357,23,0,11
BRDA:357,23,1,40
BRDA:373,24,0,0
BRDA:373,24,1,38
BRDA:373,25,0,38
BRDA:373,25,1,0
BRDA:383,26,0,0
BRDA:383,26,1,0
BRDA:385,27,0,0
BRDA:385,27,1,0
BRDA:385,28,0,0
BRDA:385,28,1,0
BRDA:388,29,0,0
BRDA:388,29,1,0
BRDA:402,30,0,0
BRDA:402,30,1,0
BRDA:403,31,0,0
BRDA:403,31,1,0
BRDA:403,32,0,0
BRDA:403,32,1,0
BRDA:406,33,0,0
BRDA:406,33,1,0
BRDA:406,34,0,0
BRDA:406,34,1,0
BRDA:437,35,0,2
BRDA:437,35,1,0
BRDA:468,36,0,0
BRDA:468,36,1,3
BRDA:468,37,0,3
BRDA:468,37,1,0
BRDA:483,38,0,0
BRDA:483,38,1,5
BRDA:487,39,0,4
BRDA:487,39,1,2
BRDA:494,40,0,2
BRDA:494,40,1,0
BRDA:519,41,0,1
BRDA:519,41,1,0
BRDA:519,42,0,1
BRDA:519,42,1,1
BRDA:530,43,0,0
BRDA:530,43,1,6
BRDA:530,44,0,6
BRDA:530,44,1,0
BRDA:545,45,0,0
BRDA:545,45,1,0
BRDA:545,46,0,0
BRDA:545,46,1,0
BRDA:572,47,0,42
BRDA:572,47,1,2
BRDA:572,48,0,44
BRDA:572,48,1,42
BRDA:593,49,0,42
BRDA:593,49,1,46
BRDA:608,50,0,0
BRDA:608,50,1,44
BRDA:608,51,0,44
BRDA:608,51,1,0
BRDA:701,52,0,5
BRDA:701,52,1,2
BRF:104
BRH:44
end_of_record
TN:
SF:hooks/useThemeColor.ts
FN:9,useThemeColor
FNF:1
FNH:0
FNDA:0,useThemeColor
DA:13,0
DA:14,0
DA:16,0
DA:17,0
DA:19,0
LF:5
LH:0
BRDA:13,0,0,0
BRDA:13,0,1,0
BRDA:16,1,0,0
BRDA:16,1,1,0
BRF:4
BRH:0
end_of_record
TN:
SF:utils/database.ts
FN:44,(anonymous_0)
FN:73,(anonymous_1)
FN:83,(anonymous_2)
FN:94,(anonymous_3)
FN:99,(anonymous_4)
FN:109,(anonymous_5)
FN:131,(anonymous_6)
FN:147,(anonymous_7)
FN:157,(anonymous_8)
FN:172,(anonymous_9)
FN:193,(anonymous_10)
FN:209,(anonymous_11)
FN:229,(anonymous_12)
FN:244,(anonymous_13)
FN:265,(anonymous_14)
FN:278,(anonymous_15)
FN:288,(anonymous_16)
FN:301,(anonymous_17)
FN:315,(anonymous_18)
FNF:19
FNH:19
FNDA:3,(anonymous_0)
FNDA:1,(anonymous_1)
FNDA:16,(anonymous_2)
FNDA:7,(anonymous_3)
FNDA:2,(anonymous_4)
FNDA:5,(anonymous_5)
FNDA:2,(anonymous_6)
FNDA:2,(anonymous_7)
FNDA:3,(anonymous_8)
FNDA:5,(anonymous_9)
FNDA:2,(anonymous_10)
FNDA:3,(anonymous_11)
FNDA:3,(anonymous_12)
FNDA:6,(anonymous_13)
FNDA:2,(anonymous_14)
FNDA:2,(anonymous_15)
FNDA:2,(anonymous_16)
FNDA:2,(anonymous_17)
FNDA:1,(anonymous_18)
DA:4,4
DA:44,4
DA:45,3
DA:46,3
DA:47,3
DA:48,3
DA:51,2
DA:52,2
DA:57,2
DA:58,2
DA:61,2
DA:62,2
DA:64,2
DA:66,1
DA:67,1
DA:73,4
DA:74,1
DA:75,1
DA:76,1
DA:78,0
DA:79,0
DA:83,4
DA:84,16
DA:85,16
DA:90,1
DA:94,4
DA:95,7
DA:96,7
DA:97,7
DA:98,7
DA:99,6
DA:100,5
DA:101,5
DA:103,2
DA:104,2
DA:109,4
DA:116,5
DA:117,5
DA:118,5
DA:124,4
DA:126,1
DA:127,1
DA:131,4
DA:135,2
DA:136,2
DA:140,1
DA:142,1
DA:143,1
DA:147,4
DA:148,2
DA:149,2
DA:150,1
DA:152,1
DA:153,1
DA:157,4
DA:158,3
DA:159,3
DA:160,3
DA:164,2
DA:166,1
DA:167,1
DA:172,4
DA:178,5
DA:179,5
DA:180,5
DA:186,4
DA:188,1
DA:189,1
DA:193,4
DA:197,2
DA:198,2
DA:202,1
DA:204,1
DA:205,1
DA:209,4
DA:212,3
DA:213,3
DA:214,3
DA:216,3
DA:217,1
DA:218,1
DA:221,3
DA:222,2
DA:224,1
DA:225,1
DA:229,4
DA:230,3
DA:231,3
DA:232,3
DA:236,2
DA:238,1
DA:239,1
DA:244,4
DA:248,6
DA:249,6
DA:250,6
DA:252,6
DA:258,5
DA:260,1
DA:261,1
DA:265,4
DA:266,2
DA:267,2
DA:271,1
DA:273,1
DA:274,1
DA:278,4
DA:279,2
DA:280,2
DA:281,1
DA:283,1
DA:284,1
DA:288,4
DA:289,2
DA:290,2
DA:294,1
DA:296,1
DA:297,1
DA:301,4
DA:302,2
DA:303,2
DA:304,2
DA:308,2
DA:310,0
DA:311,0
DA:315,4
DA:316,1
DA:317,1
DA:318,1
DA:320,0
DA:321,0
LF:131
LH:125
BRDA:122,0,0,5
BRDA:122,0,1,2
BRDA:122,1,0,5
BRDA:122,1,1,2
BRDA:122,2,0,5
BRDA:122,2,1,2
BRDA:157,3,0,1
BRDA:184,4,0,5
BRDA:184,4,1,3
BRDA:216,5,0,1
BRDA:216,5,1,2
BRDA:229,6,0,1
BRDA:250,7,0,2
BRDA:250,7,1,4
BRDA:301,8,0,0
BRF:15
BRH:14
end_of_record
TN:
SF:utils/databaseMigrations.ts
FN:14,(anonymous_0)
FN:51,(anonymous_1)
FN:69,(anonymous_2)
FN:115,(anonymous_3)
FN:151,(anonymous_4)
FN:162,(anonymous_5)
FN:171,(anonymous_6)
FNF:7
FNH:4
FNDA:1,(anonymous_0)
FNDA:1,(anonymous_1)
FNDA:1,(anonymous_2)
FNDA:1,(anonymous_3)
FNDA:0,(anonymous_4)
FNDA:0,(anonymous_5)
FNDA:0,(anonymous_6)
DA:10,1
DA:11,1
DA:14,1
DA:15,1
DA:17,1
DA:21,0
DA:23,0
DA:31,0
DA:35,0
DA:38,0
DA:43,0
DA:45,1
DA:46,1
DA:51,1
DA:52,1
DA:53,1
DA:57,1
DA:59,0
DA:60,0
DA:65,1
DA:70,1
DA:73,1
DA:87,1
DA:100,1
DA:109,1
DA:115,1
DA:116,1
DA:117,1
DA:119,1
DA:120,1
DA:122,1
DA:123,0
DA:124,0
DA:128,1
DA:129,1
DA:130,1
DA:132,1
DA:133,1
DA:134,1
DA:135,1
DA:137,0
DA:138,0
DA:143,1
DA:145,0
DA:146,0
DA:151,1
DA:152,0
DA:153,0
DA:154,0
DA:156,0
DA:157,0
DA:162,1
DA:168,0
DA:169,0
DA:170,0
DA:171,0
DA:173,0
DA:180,0
DA:181,0
LF:59
LH:33
BRDA:21,0,0,0
BRDA:21,0,1,0
BRDA:43,1,0,0
BRDA:43,1,1,0
BRDA:122,2,0,0
BRDA:122,2,1,1
BRDA:129,3,0,1
BRDA:129,3,1,0
BRF:8
BRH:2
end_of_record
TN:
SF:utils/distanceCalculator.ts
FN:34,(anonymous_0)
FN:76,(anonymous_1)
FN:86,(anonymous_2)
FN:95,(anonymous_3)
FN:105,(anonymous_4)
FN:114,(anonymous_5)
FN:124,(anonymous_6)
FN:169,(anonymous_7)
FN:216,(anonymous_8)
FN:253,(anonymous_9)
FN:271,(anonymous_10)
FNF:11
FNH:10
FNDA:111132,(anonymous_0)
FNDA:119,(anonymous_1)
FNDA:119,(anonymous_2)
FNDA:3,(anonymous_3)
FNDA:3,(anonymous_4)
FNDA:118,(anonymous_5)
FNDA:111125,(anonymous_6)
FNDA:107,(anonymous_7)
FNDA:22,(anonymous_8)
FNDA:222291,(anonymous_9)
FNDA:0,(anonymous_10)
DA:34,4
DA:41,111132
DA:43,13
DA:47,111119
DA:50,111119
DA:51,111119
DA:52,111119
DA:53,111119
DA:56,111119
DA:57,111119
DA:61,111119
DA:65,111119
DA:68,111119
DA:76,4
DA:77,119
DA:78,119
DA:86,4
DA:87,119
DA:95,4
DA:96,3
DA:97,3
DA:105,4
DA:106,3
DA:114,4
DA:115,118
DA:116,118
DA:118,118
DA:119,2
DA:120,2
DA:124,111125
DA:126,116
DA:127,116
DA:128,116
DA:131,116
DA:133,116
DA:134,223
DA:137,223
DA:138,111121
DA:139,111121
DA:142,111121
DA:147,3
DA:148,3
DA:151,111118
DA:159,111118
DA:160,111111
DA:161,111111
DA:163,7
DA:168,223
DA:169,107
DA:173,116
DA:178,116
DA:186,116
DA:188,0
DA:189,0
DA:216,4
DA:217,22
DA:218,2
DA:222,20
DA:223,19
DA:224,18
DA:227,17
DA:228,17
DA:229,17
DA:230,7
DA:231,10
DA:232,4
DA:239,17
DA:244,17
DA:253,4
DA:254,222291
DA:271,4
DA:272,0
LF:72
LH:69
BRDA:41,0,0,13
BRDA:41,0,1,111119
BRDA:41,1,0,111132
BRDA:41,1,1,111124
BRDA:118,2,0,2
BRDA:118,2,1,116
BRDA:118,3,0,118
BRDA:118,3,1,118
BRDA:142,4,0,3
BRDA:142,4,1,111118
BRDA:142,5,0,111121
BRDA:142,5,1,111121
BRDA:142,5,2,111121
BRDA:142,5,3,111120
BRDA:142,5,4,111119
BRDA:142,5,5,111118
BRDA:159,6,0,111111
BRDA:159,6,1,7
BRDA:168,7,0,107
BRDA:168,7,1,116
BRDA:189,8,0,0
BRDA:189,8,1,0
BRDA:217,9,0,2
BRDA:217,9,1,20
BRDA:218,10,0,1
BRDA:218,10,1,1
BRDA:222,11,0,1
BRDA:222,11,1,19
BRDA:222,12,0,1
BRDA:222,12,1,0
BRDA:223,13,0,1
BRDA:223,13,1,18
BRDA:223,14,0,0
BRDA:223,14,1,1
BRDA:224,15,0,1
BRDA:224,15,1,17
BRDA:224,16,0,1
BRDA:224,16,1,0
BRDA:229,17,0,7
BRDA:229,17,1,10
BRDA:231,18,0,4
BRDA:231,18,1,6
BRDA:244,19,0,9
BRDA:244,19,1,8
BRDA:255,20,0,222291
BRDA:255,20,1,222283
BRDA:255,20,2,222282
BRDA:255,20,3,222275
BRDA:255,20,4,222270
BRDA:255,20,5,222268
BRDA:255,20,6,222262
BRDA:255,20,7,222258
BRDA:273,21,0,0
BRDA:273,21,1,0
BRDA:273,21,2,0
BRDA:273,21,3,0
BRDA:273,21,4,0
BRF:57
BRH:47
end_of_record
TN:
SF:utils/fogCalculation.ts
FN:50,(anonymous_0)
FN:72,(anonymous_1)
FN:82,(anonymous_2)
FN:108,(anonymous_3)
FN:125,(anonymous_4)
FN:132,(anonymous_5)
FN:133,(anonymous_6)
FN:134,(anonymous_7)
FN:170,(anonymous_8)
FN:320,(anonymous_9)
FN:392,(anonymous_10)
FN:472,(anonymous_11)
FN:545,(anonymous_12)
FN:605,(anonymous_13)
FNF:14
FNH:14
FNDA:103,(anonymous_0)
FNDA:1,(anonymous_1)
FNDA:58,(anonymous_2)
FNDA:29,(anonymous_3)
FNDA:793,(anonymous_4)
FNDA:3,(anonymous_5)
FNDA:3,(anonymous_6)
FNDA:15,(anonymous_7)
FNDA:31,(anonymous_8)
FNDA:116,(anonymous_9)
FNDA:121,(anonymous_10)
FNDA:2,(anonymous_11)
FNDA:4,(anonymous_12)
FNDA:119,(anonymous_13)
DA:50,7
DA:51,103
DA:72,7
DA:73,1
DA:82,7
DA:83,58
DA:86,58
DA:87,5
DA:90,53
DA:91,1
DA:95,52
DA:97,52
DA:102,52
DA:108,7
DA:112,29
DA:113,1
DA:116,28
DA:118,28
DA:120,28
DA:121,28
DA:123,28
DA:124,26
DA:125,25
DA:126,793
DA:127,793
DA:128,793
DA:129,793
DA:131,2
DA:132,2
DA:133,3
DA:134,3
DA:135,15
DA:136,15
DA:137,15
DA:138,15
DA:145,27
DA:148,27
DA:154,27
DA:155,25
DA:156,25
DA:158,2
DA:159,2
DA:162,1
DA:163,1
DA:170,7
DA:174,31
DA:175,31
DA:176,31
DA:177,31
DA:179,31
DA:182,31
DA:183,1
DA:184,1
DA:187,30
DA:189,30
DA:190,29
DA:193,29
DA:194,5
DA:195,5
DA:197,5
DA:217,24
DA:219,24
DA:220,24
DA:221,24
DA:222,24
DA:224,24
DA:226,24
DA:227,1
DA:228,1
DA:230,1
DA:251,23
DA:254,23
DA:255,23
DA:257,23
DA:258,23
DA:259,23
DA:261,23
DA:263,23
DA:264,22
DA:265,22
DA:267,22
DA:285,1
DA:286,1
DA:289,1
DA:309,1
DA:310,1
DA:311,1
DA:313,1
DA:320,7
DA:323,116
DA:324,116
DA:325,116
DA:327,116
DA:329,116
DA:332,116
DA:333,21
DA:334,20
DA:336,95
DA:337,95
DA:340,115
DA:342,115
DA:361,1
DA:362,1
DA:363,1
DA:366,1
DA:367,1
DA:369,1
DA:392,7
DA:396,121
DA:398,121
DA:400,121
DA:401,25
DA:402,21
DA:405,21
DA:406,2
DA:407,2
DA:410,19
DA:414,115
DA:415,19
DA:417,19
DA:418,19
DA:419,19
DA:420,19
DA:422,0
DA:427,96
DA:428,95
DA:430,94
DA:431,94
DA:432,94
DA:434,94
DA:438,1
DA:439,1
DA:442,6
DA:443,6
DA:446,1
DA:447,1
DA:449,1
DA:472,7
DA:479,2
DA:481,2
DA:485,2
DA:486,0
DA:487,0
DA:488,0
DA:490,2
DA:491,2
DA:492,2
DA:495,2
DA:497,2
DA:516,0
DA:519,0
DA:520,0
DA:522,0
DA:545,7
DA:550,4
DA:552,4
DA:560,4
DA:561,3
DA:563,3
DA:564,2
DA:565,2
DA:566,1
DA:567,1
DA:568,1
DA:570,1
DA:571,1
DA:574,1
DA:579,1
DA:582,1
DA:583,1
DA:591,1
DA:592,0
DA:595,1
DA:596,0
DA:599,1
DA:605,7
DA:606,119
LF:177
LH:167
BRDA:86,0,0,5
BRDA:86,0,1,53
BRDA:86,1,0,58
BRDA:86,1,1,54
BRDA:90,2,0,1
BRDA:90,2,1,52
BRDA:90,3,0,53
BRDA:90,3,1,52
BRDA:90,3,2,52
BRDA:90,3,3,52
BRDA:112,4,0,1
BRDA:112,4,1,28
BRDA:123,5,0,26
BRDA:123,5,1,2
BRDA:131,6,0,2
BRDA:131,6,1,0
BRDA:145,7,0,27
BRDA:145,7,1,26
BRDA:145,7,2,25
BRDA:145,7,3,25
BRDA:154,8,0,25
BRDA:154,8,1,2
BRDA:182,9,0,1
BRDA:182,9,1,30
BRDA:193,10,0,5
BRDA:193,10,1,24
BRDA:209,11,0,0
BRDA:209,11,1,5
BRDA:209,12,0,0
BRDA:209,12,1,5
BRDA:219,13,0,24
BRDA:219,13,1,0
BRDA:226,14,0,1
BRDA:226,14,1,23
BRDA:242,15,0,0
BRDA:242,15,1,1
BRDA:242,16,0,0
BRDA:242,16,1,1
BRDA:263,17,0,22
BRDA:263,17,1,1
BRDA:274,18,0,22
BRDA:274,18,1,0
BRDA:279,19,0,0
BRDA:279,19,1,22
BRDA:279,20,0,0
BRDA:279,20,1,22
BRDA:301,21,0,0
BRDA:301,21,1,1
BRDA:301,22,0,0
BRDA:301,22,1,1
BRDA:309,23,0,1
BRDA:309,23,1,0
BRDA:332,24,0,21
BRDA:332,24,1,95
BRDA:350,25,0,20
BRDA:350,25,1,95
BRDA:361,26,0,1
BRDA:361,26,1,0
BRDA:400,27,0,25
BRDA:400,27,1,96
BRDA:400,28,0,121
BRDA:400,28,1,107
BRDA:405,29,0,2
BRDA:405,29,1,19
BRDA:405,30,0,21
BRDA:405,30,1,19
BRDA:414,31,0,19
BRDA:414,31,1,96
BRDA:414,32,0,115
BRDA:414,32,1,109
BRDA:427,33,0,95
BRDA:427,33,1,1
BRDA:427,34,0,96
BRDA:427,34,1,91
BRDA:442,35,0,6
BRDA:442,35,1,0
BRDA:485,36,0,0
BRDA:485,36,1,2
BRDA:485,37,0,2
BRDA:485,37,1,1
BRDA:548,38,0,0
BRDA:560,39,0,3
BRDA:560,39,1,1
BRDA:563,40,0,2
BRDA:563,40,1,1
BRDA:591,41,0,0
BRDA:591,41,1,1
BRDA:595,42,0,0
BRDA:595,42,1,1
BRF:89
BRH:71
end_of_record
TN:
SF:utils/geocodingService.ts
FN:48,(anonymous_0)
FN:144,(anonymous_1)
FN:149,(anonymous_2)
FN:150,(anonymous_3)
FN:212,(anonymous_4)
FN:274,(anonymous_5)
FN:318,(anonymous_6)
FN:354,(anonymous_7)
FN:388,(anonymous_8)
FN:440,(anonymous_9)
FN:458,(anonymous_10)
FN:472,(anonymous_11)
FN:495,(anonymous_12)
FN:501,(anonymous_13)
FN:513,(anonymous_14)
FN:530,(anonymous_15)
FNF:16
FNH:15
FNDA:18,(anonymous_0)
FNDA:14,(anonymous_1)
FNDA:14,(anonymous_2)
FNDA:1,(anonymous_3)
FNDA:14,(anonymous_4)
FNDA:14,(anonymous_5)
FNDA:4,(anonymous_6)
FNDA:6,(anonymous_7)
FNDA:6,(anonymous_8)
FNDA:3,(anonymous_9)
FNDA:3,(anonymous_10)
FNDA:4,(anonymous_11)
FNDA:0,(anonymous_12)
FNDA:4,(anonymous_13)
FNDA:32,(anonymous_14)
FNDA:3,(anonymous_15)
DA:34,1
DA:48,1
DA:53,18
DA:55,18
DA:56,18
DA:63,18
DA:64,3
DA:68,15
DA:69,14
DA:70,14
DA:71,1
DA:72,1
DA:83,14
DA:84,14
DA:87,5
DA:88,4
DA:91,5
DA:97,5
DA:106,9
DA:113,9
DA:114,6
DA:115,6
DA:116,6
DA:117,6
DA:128,3
DA:132,6
DA:133,6
DA:144,1
DA:149,14
DA:150,14
DA:151,1
DA:154,14
DA:156,14
DA:157,14
DA:158,14
DA:159,0
DA:160,0
DA:161,0
DA:164,0
DA:168,14
DA:169,14
DA:170,1
DA:171,1
DA:172,1
DA:176,13
DA:181,6
DA:183,6
DA:184,1
DA:185,1
DA:189,5
DA:191,5
DA:200,5
DA:203,6
DA:204,6
DA:212,1
DA:216,14
DA:218,14
DA:221,0
DA:222,0
DA:223,0
DA:224,0
DA:228,0
DA:230,0
DA:237,0
DA:238,0
DA:239,0
DA:242,0
DA:244,0
DA:245,0
DA:246,0
DA:249,0
DA:251,0
DA:262,14
DA:263,14
DA:274,1
DA:279,14
DA:281,14
DA:284,14
DA:285,14
DA:290,14
DA:291,13
DA:295,1
DA:296,1
DA:297,0
DA:300,1
DA:307,0
DA:308,0
DA:318,1
DA:323,4
DA:325,4
DA:326,4
DA:327,4
DA:329,4
DA:337,4
DA:343,0
DA:354,1
DA:358,6
DA:363,6
DA:364,6
DA:365,6
DA:370,6
DA:373,0
DA:376,0
DA:377,0
DA:388,1
DA:396,6
DA:398,4
DA:399,1
DA:400,3
DA:401,3
DA:402,0
DA:403,0
DA:408,2
DA:409,0
DA:413,2
DA:414,0
DA:418,2
DA:419,1
DA:423,1
DA:424,0
DA:428,1
DA:429,1
DA:432,0
DA:440,1
DA:445,3
DA:458,1
DA:462,3
DA:466,3
DA:467,3
DA:469,3
DA:470,2
DA:472,2
DA:473,4
DA:474,4
DA:476,0
DA:481,0
DA:490,2
DA:491,2
DA:494,2
DA:495,0
DA:499,3
DA:501,4
DA:504,3
DA:513,1
DA:514,32
DA:530,1
DA:531,3
DA:532,3
DA:533,2
DA:535,1
LF:150
LH:115
BRDA:51,0,0,8
BRDA:63,1,0,3
BRDA:63,1,1,15
BRDA:68,2,0,14
BRDA:68,2,1,1
BRDA:70,3,0,1
BRDA:70,3,1,13
BRDA:87,4,0,4
BRDA:87,4,1,1
BRDA:109,5,0,9
BRDA:109,5,1,0
BRDA:113,6,0,6
BRDA:113,6,1,3
BRDA:115,7,0,6
BRDA:115,7,1,0
BRDA:133,8,0,6
BRDA:133,8,1,0
BRDA:158,9,0,0
BRDA:158,9,1,14
BRDA:169,10,0,1
BRDA:169,10,1,13
BRDA:183,11,0,1
BRDA:183,11,1,5
BRDA:183,12,0,6
BRDA:183,12,1,6
BRDA:192,13,0,5
BRDA:192,13,1,0
BRDA:193,14,0,5
BRDA:193,14,1,0
BRDA:194,15,0,5
BRDA:194,15,1,0
BRDA:195,16,0,5
BRDA:195,16,1,0
BRDA:196,17,0,5
BRDA:196,17,1,5
BRDA:197,18,0,5
BRDA:197,18,1,5
BRDA:222,19,0,0
BRDA:222,19,1,0
BRDA:237,20,0,0
BRDA:237,20,1,0
BRDA:244,21,0,0
BRDA:244,21,1,0
BRDA:244,22,0,0
BRDA:244,22,1,0
BRDA:252,23,0,0
BRDA:252,23,1,0
BRDA:253,24,0,0
BRDA:253,24,1,0
BRDA:254,25,0,0
BRDA:254,25,1,0
BRDA:254,25,2,0
BRDA:254,25,3,0
BRDA:255,26,0,0
BRDA:255,26,1,0
BRDA:256,27,0,0
BRDA:256,27,1,0
BRDA:256,27,2,0
BRDA:256,27,3,0
BRDA:257,28,0,0
BRDA:257,28,1,0
BRDA:257,28,2,0
BRDA:258,29,0,0
BRDA:258,29,1,0
BRDA:258,29,2,0
BRDA:290,30,0,13
BRDA:290,30,1,1
BRDA:296,31,0,0
BRDA:296,31,1,1
BRDA:301,32,0,1
BRDA:301,32,1,0
BRDA:302,33,0,1
BRDA:302,33,1,0
BRDA:303,34,0,1
BRDA:303,34,1,0
BRDA:364,35,0,6
BRDA:364,35,1,0
BRDA:396,36,0,4
BRDA:396,36,1,2
BRDA:396,37,0,6
BRDA:396,37,1,4
BRDA:396,37,2,4
BRDA:396,37,3,4
BRDA:398,38,0,1
BRDA:398,38,1,3
BRDA:398,39,0,4
BRDA:398,39,1,1
BRDA:398,39,2,1
BRDA:398,39,3,1
BRDA:400,40,0,3
BRDA:400,40,1,0
BRDA:400,41,0,3
BRDA:400,41,1,3
BRDA:400,41,2,3
BRDA:400,41,3,3
BRDA:402,42,0,0
BRDA:402,42,1,0
BRDA:402,43,0,0
BRDA:402,43,1,0
BRDA:402,43,2,0
BRDA:402,43,3,0
BRDA:408,44,0,0
BRDA:408,44,1,2
BRDA:408,45,0,2
BRDA:408,45,1,0
BRDA:408,45,2,0
BRDA:408,45,3,0
BRDA:413,46,0,0
BRDA:413,46,1,2
BRDA:413,47,0,2
BRDA:413,47,1,1
BRDA:413,47,2,1
BRDA:413,47,3,0
BRDA:418,48,0,1
BRDA:418,48,1,1
BRDA:418,49,0,2
BRDA:418,49,1,2
BRDA:418,49,2,1
BRDA:418,49,3,1
BRDA:423,50,0,0
BRDA:423,50,1,1
BRDA:423,51,0,1
BRDA:423,51,1,1
BRDA:423,51,2,1
BRDA:423,51,3,1
BRDA:428,52,0,1
BRDA:428,52,1,0
BRDA:428,53,0,1
BRDA:428,53,1,1
BRDA:428,53,2,1
BRDA:428,53,3,1
BRDA:446,54,0,3
BRDA:446,54,1,1
BRDA:447,55,0,3
BRDA:447,55,1,1
BRDA:448,56,0,3
BRDA:448,56,1,2
BRDA:460,57,0,3
BRDA:478,58,0,0
BRDA:478,58,1,0
BRDA:494,59,0,0
BRDA:494,59,1,2
BRDA:515,60,0,32
BRDA:515,60,1,29
BRDA:515,60,2,28
BRDA:515,60,3,26
BRDA:515,60,4,25
BRDA:515,60,5,24
BRDA:515,60,6,22
BRDA:515,60,7,21
BRDA:530,61,0,2
BRF:151
BRH:92
end_of_record
TN:
SF:utils/geographicApiConfig.ts
FN:184,(anonymous_0)
FN:193,(anonymous_1)
FN:202,(anonymous_2)
FN:220,(anonymous_3)
FN:228,(anonymous_4)
FN:235,(anonymous_5)
FN:244,(anonymous_6)
FN:279,(anonymous_7)
FN:306,(anonymous_8)
FN:349,(anonymous_9)
FN:352,(anonymous_10)
FN:364,(anonymous_11)
FNF:12
FNH:0
FNDA:0,(anonymous_0)
FNDA:0,(anonymous_1)
FNDA:0,(anonymous_2)
FNDA:0,(anonymous_3)
FNDA:0,(anonymous_4)
FNDA:0,(anonymous_5)
FNDA:0,(anonymous_6)
FNDA:0,(anonymous_7)
FNDA:0,(anonymous_8)
FNDA:0,(anonymous_9)
FNDA:0,(anonymous_10)
FNDA:0,(anonymous_11)
DA:40,0
DA:122,0
DA:135,0
DA:150,0
DA:182,0
DA:184,0
DA:193,0
DA:203,0
DA:204,0
DA:205,0
DA:206,0
DA:207,0
DA:210,0
DA:220,0
DA:228,0
DA:235,0
DA:244,0
DA:256,0
DA:266,0
DA:279,0
DA:280,0
DA:282,0
DA:283,0
DA:291,0
DA:292,0
DA:300,0
DA:306,0
DA:307,0
DA:309,0
DA:311,0
DA:312,0
DA:314,0
DA:315,0
DA:316,0
DA:319,0
DA:320,0
DA:321,0
DA:324,0
DA:325,0
DA:326,0
DA:331,0
DA:335,0
DA:336,0
DA:339,0
DA:341,0
DA:342,0
DA:349,0
DA:350,0
DA:352,0
DA:353,0
DA:354,0
DA:358,0
DA:364,0
DA:365,0
LF:54
LH:0
BRDA:191,0,0,0
BRDA:191,0,1,0
BRDA:194,1,0,0
BRDA:194,1,1,0
BRDA:200,2,0,0
BRDA:200,2,1,0
BRDA:204,3,0,0
BRDA:204,3,1,0
BRDA:204,4,0,0
BRDA:204,4,1,0
BRDA:206,5,0,0
BRDA:206,5,1,0
BRDA:217,6,0,0
BRDA:217,6,1,0
BRDA:238,7,0,0
BRDA:238,7,1,0
BRDA:248,8,0,0
BRDA:248,8,1,0
BRDA:279,9,0,0
BRDA:282,10,0,0
BRDA:282,10,1,0
BRDA:291,11,0,0
BRDA:291,11,1,0
BRDA:314,12,0,0
BRDA:314,12,1,0
BRDA:314,13,0,0
BRDA:314,13,1,0
BRDA:319,14,0,0
BRDA:319,14,1,0
BRDA:324,15,0,0
BRDA:324,15,1,0
BRDA:331,16,0,0
BRDA:331,16,1,0
BRDA:331,17,0,0
BRDA:331,17,1,0
BRDA:331,17,2,0
BRDA:331,17,3,0
BRDA:353,18,0,0
BRDA:353,18,1,0
BRDA:353,19,0,0
BRDA:353,19,1,0
BRDA:364,20,0,0
BRDA:364,21,0,0
BRF:43
BRH:0
end_of_record
TN:
SF:utils/geographicApiService.ts
FN:84,(anonymous_0)
FN:95,(anonymous_1)
FN:108,(anonymous_2)
FN:109,(anonymous_3)
FN:110,(anonymous_4)
FN:139,(anonymous_5)
FN:168,(anonymous_6)
FN:197,(anonymous_7)
FN:302,(anonymous_8)
FN:326,(anonymous_9)
FN:359,(anonymous_10)
FN:425,(anonymous_11)
FN:456,(anonymous_12)
FN:473,(anonymous_13)
FN:489,(anonymous_14)
FN:504,(anonymous_15)
FN:516,(anonymous_16)
FN:534,(anonymous_17)
FN:557,(anonymous_18)
FN:578,(anonymous_19)
FN:594,(anonymous_20)
FN:598,(anonymous_21)
FN:599,(anonymous_22)
FN:614,(anonymous_23)
FN:626,(anonymous_24)
FNF:25
FNH:23
FNDA:15,(anonymous_0)
FNDA:10,(anonymous_1)
FNDA:9,(anonymous_2)
FNDA:5,(anonymous_3)
FNDA:3,(anonymous_4)
FNDA:1,(anonymous_5)
FNDA:1,(anonymous_6)
FNDA:11,(anonymous_7)
FNDA:5,(anonymous_8)
FNDA:2,(anonymous_9)
FNDA:3,(anonymous_10)
FNDA:12,(anonymous_11)
FNDA:9,(anonymous_12)
FNDA:19,(anonymous_13)
FNDA:10,(anonymous_14)
FNDA:6,(anonymous_15)
FNDA:2,(anonymous_16)
FNDA:0,(anonymous_17)
FNDA:1,(anonymous_18)
FNDA:7,(anonymous_19)
FNDA:2,(anonymous_20)
FNDA:2,(anonymous_21)
FNDA:2,(anonymous_22)
FNDA:0,(anonymous_23)
FNDA:2,(anonymous_24)
DA:54,2
DA:71,2
DA:82,15
DA:85,15
DA:96,10
DA:98,10
DA:100,10
DA:101,10
DA:102,1
DA:103,1
DA:107,9
DA:108,9
DA:109,5
DA:110,3
DA:113,9
DA:114,17
DA:115,17
DA:116,7
DA:118,7
DA:119,7
DA:122,10
DA:123,10
DA:127,2
DA:128,2
DA:131,0
DA:132,0
DA:140,1
DA:142,1
DA:144,1
DA:145,1
DA:146,0
DA:150,1
DA:151,1
DA:152,1
DA:153,1
DA:156,0
DA:157,0
DA:160,0
DA:161,0
DA:169,1
DA:171,1
DA:173,1
DA:174,1
DA:175,0
DA:179,1
DA:180,1
DA:181,1
DA:182,1
DA:185,0
DA:186,0
DA:189,0
DA:190,0
DA:203,11
DA:205,11
DA:207,11
DA:208,11
DA:217,11
DA:218,5
DA:222,11
DA:224,9
DA:225,9
DA:227,1
DA:228,1
DA:229,1
DA:230,1
DA:232,1
DA:234,1
DA:235,1
DA:236,1
DA:237,1
DA:238,0
DA:239,0
DA:240,0
DA:242,1
DA:245,11
DA:247,11
DA:249,11
DA:256,6
DA:257,0
DA:260,6
DA:262,6
DA:263,0
DA:266,6
DA:269,6
DA:270,0
DA:271,0
DA:274,6
DA:290,5
DA:291,0
DA:293,5
DA:295,5
DA:303,5
DA:305,5
DA:307,5
DA:309,5
DA:311,5
DA:315,2
DA:316,0
DA:319,2
DA:321,2
DA:322,0
DA:326,2
DA:327,2
DA:328,2
DA:336,2
DA:337,0
DA:340,2
DA:351,3
DA:352,3
DA:360,3
DA:362,3
DA:365,3
DA:366,3
DA:367,3
DA:369,3
DA:371,3
DA:375,1
DA:376,0
DA:379,1
DA:380,1
DA:382,1
DA:383,0
DA:388,1
DA:389,1
DA:390,0
DA:394,1
DA:405,1
DA:417,2
DA:418,2
DA:426,12
DA:427,12
DA:428,12
DA:429,10
DA:433,2
DA:434,2
DA:435,1
DA:438,1
DA:448,0
DA:449,0
DA:457,9
DA:458,9
DA:464,9
DA:466,0
DA:474,19
DA:475,19
DA:476,19
DA:479,19
DA:480,7
DA:481,7
DA:485,19
DA:486,10
DA:487,10
DA:488,10
DA:489,10
DA:492,10
DA:493,10
DA:497,19
DA:498,19
DA:505,6
DA:506,4
DA:507,2
DA:508,1
DA:510,1
DA:517,2
DA:519,2
DA:523,1
DA:524,1
DA:526,1
DA:527,1
DA:539,0
DA:548,2
DA:557,2
DA:560,1
DA:578,2
DA:579,7
DA:580,7
DA:581,3
DA:584,4
DA:585,1
DA:588,3
DA:589,0
DA:593,3
DA:594,2
DA:595,2
DA:597,1
DA:598,1
DA:599,2
DA:600,2
DA:605,0
DA:607,0
DA:614,2
DA:620,0
DA:626,2
DA:631,2
DA:633,2
DA:634,2
DA:636,1
DA:637,1
DA:639,1
DA:640,1
DA:645,0
DA:652,0
DA:654,0
DA:656,1
DA:659,1
LF:205
LH:168
BRDA:84,0,0,15
BRDA:101,1,0,1
BRDA:101,1,1,9
BRDA:116,2,0,7
BRDA:116,2,1,0
BRDA:145,3,0,0
BRDA:145,3,1,1
BRDA:151,4,0,1
BRDA:151,4,1,0
BRDA:174,5,0,0
BRDA:174,5,1,1
BRDA:180,6,0,1
BRDA:180,6,1,0
BRDA:217,7,0,5
BRDA:217,7,1,6
BRDA:222,8,0,9
BRDA:222,8,1,1
BRDA:222,8,2,1
BRDA:228,9,0,1
BRDA:228,9,1,0
BRDA:235,10,0,1
BRDA:235,10,1,0
BRDA:235,11,0,1
BRDA:235,11,1,1
BRDA:238,12,0,0
BRDA:238,12,1,0
BRDA:256,13,0,0
BRDA:256,13,1,6
BRDA:262,14,0,0
BRDA:262,14,1,6
BRDA:262,15,0,6
BRDA:262,15,1,6
BRDA:269,16,0,0
BRDA:269,16,1,6
BRDA:269,17,0,6
BRDA:269,17,1,6
BRDA:280,18,0,1
BRDA:280,18,1,5
BRDA:290,19,0,0
BRDA:290,19,1,5
BRDA:290,20,0,5
BRDA:290,20,1,5
BRDA:315,21,0,0
BRDA:315,21,1,2
BRDA:321,22,0,0
BRDA:321,22,1,2
BRDA:329,23,0,2
BRDA:329,23,1,0
BRDA:329,23,2,0
BRDA:329,23,3,0
BRDA:336,24,0,0
BRDA:336,24,1,2
BRDA:342,25,0,2
BRDA:342,25,1,0
BRDA:342,25,2,0
BRDA:343,26,0,2
BRDA:343,26,1,2
BRDA:343,26,2,0
BRDA:344,27,0,2
BRDA:344,27,1,0
BRDA:365,28,0,3
BRDA:365,28,1,2
BRDA:366,29,0,1
BRDA:366,29,1,2
BRDA:375,30,0,0
BRDA:375,30,1,1
BRDA:380,31,0,0
BRDA:380,31,1,1
BRDA:382,32,0,0
BRDA:382,32,1,1
BRDA:389,33,0,0
BRDA:389,33,1,1
BRDA:389,34,0,1
BRDA:389,34,1,1
BRDA:428,35,0,10
BRDA:428,35,1,2
BRDA:434,36,0,1
BRDA:434,36,1,1
BRDA:479,37,0,7
BRDA:479,37,1,12
BRDA:485,38,0,10
BRDA:485,38,1,9
BRDA:487,39,0,10
BRDA:487,39,1,0
BRDA:505,40,0,4
BRDA:505,40,1,2
BRDA:507,41,0,1
BRDA:507,41,1,1
BRDA:508,42,0,1
BRDA:508,42,1,0
BRDA:580,43,0,3
BRDA:580,43,1,4
BRDA:580,44,0,7
BRDA:580,44,1,5
BRDA:584,45,0,1
BRDA:584,45,1,3
BRDA:584,46,0,4
BRDA:584,46,1,2
BRDA:588,47,0,0
BRDA:588,47,1,3
BRDA:588,48,0,3
BRDA:588,48,1,3
BRDA:593,49,0,2
BRDA:593,49,1,1
BRDA:595,50,0,2
BRDA:595,50,1,2
BRDA:597,51,0,1
BRDA:597,51,1,0
BRDA:599,52,0,2
BRDA:599,52,1,2
BRDA:600,53,0,2
BRDA:600,53,1,2
BRDA:616,54,0,0
BRDA:636,55,0,1
BRDA:636,55,1,0
BRDA:639,56,0,1
BRDA:639,56,1,0
BRF:117
BRH:83
end_of_record
TN:
SF:utils/geographicHierarchy.ts
FN:43,(anonymous_0)
FN:155,(anonymous_1)
FN:182,(anonymous_2)
FN:187,(anonymous_3)
FN:209,(anonymous_4)
FN:218,(anonymous_5)
FN:253,(anonymous_6)
FN:261,(anonymous_7)
FN:270,(anonymous_8)
FN:292,(anonymous_9)
FN:296,(anonymous_10)
FN:297,(anonymous_11)
FN:322,(anonymous_12)
FN:327,(anonymous_13)
FN:350,(anonymous_14)
FN:353,(anonymous_15)
FN:370,(anonymous_16)
FN:392,(anonymous_17)
FN:399,(anonymous_18)
FN:427,(anonymous_19)
FN:431,(anonymous_20)
FNF:21
FNH:18
FNDA:11,(anonymous_0)
FNDA:45,(anonymous_1)
FNDA:45,(anonymous_2)
FNDA:63,(anonymous_3)
FNDA:6,(anonymous_4)
FNDA:0,(anonymous_5)
FNDA:0,(anonymous_6)
FNDA:0,(anonymous_7)
FNDA:13,(anonymous_8)
FNDA:3,(anonymous_9)
FNDA:6,(anonymous_10)
FNDA:5,(anonymous_11)
FNDA:7,(anonymous_12)
FNDA:7,(anonymous_13)
FNDA:4,(anonymous_14)
FNDA:3,(anonymous_15)
FNDA:10,(anonymous_16)
FNDA:3,(anonymous_17)
FNDA:8,(anonymous_18)
FNDA:4,(anonymous_19)
FNDA:3,(anonymous_20)
DA:43,3
DA:47,11
DA:57,11
DA:59,11
DA:61,11
DA:72,11
DA:73,25028
DA:75,25026
DA:78,25026
DA:79,19
DA:86,25026
DA:87,25026
DA:90,25026
DA:91,45
DA:98,25026
DA:99,25026
DA:102,25026
DA:103,151
DA:107,25026
DA:111,11
DA:113,11
DA:114,19
DA:116,19
DA:117,45
DA:119,45
DA:120,151
DA:121,22
DA:129,22
DA:133,45
DA:134,42
DA:144,42
DA:148,19
DA:149,19
DA:155,45
DA:161,19
DA:165,11
DA:167,11
DA:172,11
DA:174,0
DA:175,0
DA:182,3
DA:187,45
DA:188,63
DA:190,63
DA:192,60
DA:193,60
DA:195,0
DA:196,0
DA:198,3
DA:199,3
DA:202,63
DA:209,3
DA:213,6
DA:215,6
DA:216,6
DA:218,0
DA:219,0
DA:220,0
DA:221,0
DA:223,0
DA:225,0
DA:227,0
DA:229,0
DA:230,0
DA:231,0
DA:232,0
DA:233,0
DA:235,0
DA:238,0
DA:240,0
DA:243,0
DA:251,0
DA:252,0
DA:253,0
DA:257,0
DA:260,0
DA:261,0
DA:264,0
DA:265,0
DA:267,6
DA:270,6
DA:271,13
DA:273,13
DA:278,13
DA:279,8
DA:282,13
DA:285,6
DA:292,3
DA:296,3
DA:297,6
DA:298,5
DA:299,2
DA:305,3
DA:306,3
DA:312,0
DA:316,3
DA:322,3
DA:327,7
DA:328,7
DA:330,7
DA:335,7
DA:336,4
DA:343,7
DA:350,3
DA:353,4
DA:354,3
DA:359,3
DA:360,2
DA:363,3
DA:370,3
DA:375,10
DA:376,10
DA:377,2
DA:380,8
DA:381,6
DA:382,6
DA:386,6
DA:392,3
DA:395,3
DA:396,3
DA:397,3
DA:399,3
DA:400,8
DA:401,10
DA:403,3
DA:404,3
DA:406,3
DA:407,3
DA:409,4
DA:410,4
DA:413,10
DA:414,5
DA:419,3
DA:421,3
DA:427,3
DA:428,4
DA:429,4
DA:431,3
DA:444,1
DA:445,1
LF:140
LH:111
BRDA:45,0,0,8
BRDA:53,1,0,11
BRDA:54,2,0,9
BRDA:55,3,0,9
BRDA:56,4,0,9
BRDA:73,5,0,2
BRDA:73,5,1,25026
BRDA:78,6,0,19
BRDA:78,6,1,25007
BRDA:87,7,0,25026
BRDA:87,7,1,1
BRDA:90,8,0,45
BRDA:90,8,1,24981
BRDA:92,9,0,45
BRDA:92,9,1,1
BRDA:99,10,0,25026
BRDA:99,10,1,1
BRDA:102,11,0,151
BRDA:102,11,1,24875
BRDA:120,12,0,22
BRDA:120,12,1,129
BRDA:123,13,0,1
BRDA:123,13,1,21
BRDA:133,14,0,42
BRDA:133,14,1,3
BRDA:140,15,0,17
BRDA:140,15,1,25
BRDA:148,16,0,19
BRDA:148,16,1,0
BRDA:157,17,0,17
BRDA:157,17,1,2
BRDA:190,18,0,60
BRDA:190,18,1,0
BRDA:190,18,2,3
BRDA:195,19,0,0
BRDA:195,19,1,0
BRDA:195,20,0,0
BRDA:195,20,1,0
BRDA:198,21,0,3
BRDA:198,21,1,0
BRDA:198,22,0,3
BRDA:198,22,1,0
BRDA:202,23,0,3
BRDA:202,23,1,60
BRDA:211,24,0,0
BRDA:227,25,0,0
BRDA:227,25,1,0
BRDA:227,26,0,0
BRDA:227,26,1,0
BRDA:233,27,0,0
BRDA:233,27,1,0
BRDA:233,28,0,0
BRDA:233,28,1,0
BRDA:235,29,0,0
BRDA:235,29,1,0
BRDA:240,30,0,0
BRDA:240,30,1,0
BRDA:246,31,0,0
BRDA:246,31,1,0
BRDA:247,32,0,0
BRDA:247,32,1,0
BRDA:251,33,0,0
BRDA:251,33,1,0
BRDA:271,34,0,13
BRDA:271,34,1,0
BRDA:278,35,0,8
BRDA:278,35,1,5
BRDA:298,36,0,2
BRDA:298,36,1,3
BRDA:305,37,0,3
BRDA:305,37,1,0
BRDA:325,38,0,3
BRDA:335,39,0,4
BRDA:335,39,1,3
BRDA:335,40,0,7
BRDA:335,40,1,5
BRDA:359,41,0,2
BRDA:359,41,1,1
BRDA:376,42,0,2
BRDA:376,42,1,8
BRDA:376,43,0,10
BRDA:376,43,1,3
BRDA:380,44,0,6
BRDA:380,44,1,2
BRDA:382,45,0,2
BRDA:382,45,1,4
BRDA:401,46,0,3
BRDA:401,46,1,3
BRDA:401,46,2,4
BRDA:413,47,0,5
BRDA:413,47,1,5
BRDA:441,48,0,3
BRDA:441,48,1,1
BRDA:441,48,2,1
BRF:94
BRH:65
end_of_record
TN:
SF:utils/geometryOperations.ts
FN:17,(anonymous_0)
FN:53,(anonymous_1)
FN:65,(anonymous_2)
FN:67,(anonymous_3)
FN:84,(anonymous_4)
FN:85,(anonymous_5)
FN:87,(anonymous_6)
FN:88,(anonymous_7)
FN:128,(anonymous_8)
FN:161,(anonymous_9)
FN:231,(anonymous_10)
FN:270,(anonymous_11)
FN:274,(anonymous_12)
FN:298,(anonymous_13)
FN:342,(anonymous_14)
FN:343,(anonymous_15)
FN:403,(anonymous_16)
FN:421,(anonymous_17)
FN:477,(anonymous_18)
FN:572,(anonymous_19)
FN:574,(anonymous_20)
FN:619,(anonymous_21)
FNF:22
FNH:14
FNDA:2,(anonymous_0)
FNDA:392,(anonymous_1)
FNDA:388,(anonymous_2)
FNDA:388,(anonymous_3)
FNDA:2,(anonymous_4)
FNDA:2,(anonymous_5)
FNDA:2,(anonymous_6)
FNDA:2,(anonymous_7)
FNDA:390,(anonymous_8)
FNDA:41,(anonymous_9)
FNDA:0,(anonymous_10)
FNDA:0,(anonymous_11)
FNDA:0,(anonymous_12)
FNDA:35,(anonymous_13)
FNDA:0,(anonymous_14)
FNDA:0,(anonymous_15)
FNDA:2,(anonymous_16)
FNDA:0,(anonymous_17)
FNDA:45,(anonymous_18)
FNDA:0,(anonymous_19)
FNDA:0,(anonymous_20)
FNDA:1,(anonymous_21)
DA:23,2
DA:24,2
DA:53,7
DA:54,392
DA:56,392
DA:57,392
DA:58,2
DA:59,2
DA:64,389
DA:65,388
DA:66,388
DA:67,388
DA:70,388
DA:71,0
DA:72,0
DA:75,388
DA:83,1
DA:84,1
DA:85,2
DA:86,2
DA:87,2
DA:88,2
DA:91,1
DA:92,0
DA:93,0
DA:96,1
DA:105,0
DA:106,0
DA:110,389
DA:111,0
DA:112,0
DA:115,389
DA:116,389
DA:117,389
DA:119,1
DA:120,1
DA:121,0
DA:128,7
DA:130,390
DA:131,390
DA:132,12909
DA:133,12909
DA:136,12909
DA:139,12907
DA:147,390
DA:148,390
DA:149,390
DA:150,390
DA:151,0
DA:155,390
DA:161,7
DA:162,41
DA:163,41
DA:164,41
DA:165,41
DA:167,41
DA:168,2
DA:182,39
DA:184,7
DA:185,7
DA:187,7
DA:202,32
DA:203,30
DA:204,30
DA:207,30
DA:208,30
DA:209,30
DA:211,0
DA:212,0
DA:213,0
DA:216,30
DA:217,283
DA:218,283
DA:221,283
DA:224,283
DA:225,283
DA:226,2
DA:227,2
DA:228,2
DA:231,281
DA:234,281
DA:235,281
DA:236,0
DA:237,0
DA:238,0
DA:242,281
DA:247,281
DA:248,280
DA:249,279
DA:250,279
DA:252,1
DA:253,1
DA:254,1
DA:257,1
DA:258,1
DA:259,1
DA:260,1
DA:261,1
DA:267,30
DA:268,30
DA:269,0
DA:270,0
DA:271,0
DA:273,30
DA:274,30
DA:277,30
DA:278,30
DA:280,30
DA:298,7
DA:302,35
DA:303,35
DA:304,35
DA:305,35
DA:307,35
DA:308,35
DA:311,34
DA:312,34
DA:314,34
DA:315,1
DA:316,1
DA:317,1
DA:320,34
DA:321,1
DA:322,1
DA:323,1
DA:326,34
DA:327,2
DA:342,32
DA:343,32
DA:346,32
DA:347,32
DA:349,32
DA:350,0
DA:351,0
DA:352,0
DA:355,32
DA:356,0
DA:357,0
DA:358,0
DA:361,32
DA:362,0
DA:378,32
DA:379,32
DA:381,3
DA:382,1
DA:383,1
DA:385,1
DA:400,2
DA:401,2
DA:402,1
DA:403,2
DA:404,1
DA:406,1
DA:421,1
DA:423,1
DA:424,1
DA:426,1
DA:441,30
DA:442,30
DA:444,30
DA:445,29
DA:448,29
DA:449,29
DA:455,29
DA:456,29
DA:458,29
DA:477,7
DA:482,45
DA:483,45
DA:484,45
DA:486,45
DA:488,45
DA:489,4
DA:490,4
DA:505,41
DA:506,41
DA:509,3
DA:510,3
DA:525,38
DA:526,2
DA:530,38
DA:531,1
DA:534,38
DA:535,3
DA:550,35
DA:551,35
DA:553,34
DA:554,1
DA:555,1
DA:570,33
DA:571,33
DA:572,0
DA:574,33
DA:577,33
DA:578,33
DA:580,33
DA:595,1
DA:596,1
DA:598,1
DA:599,1
DA:601,1
DA:619,7
DA:623,1
DA:626,1
DA:628,1
LF:205
LH:178
BRDA:57,0,0,2
BRDA:57,0,1,389
BRDA:64,1,0,388
BRDA:64,1,1,1
BRDA:70,2,0,0
BRDA:70,2,1,388
BRDA:77,3,0,388
BRDA:77,3,1,0
BRDA:83,4,0,1
BRDA:83,4,1,0
BRDA:91,5,0,0
BRDA:91,5,1,1
BRDA:98,6,0,1
BRDA:98,6,1,0
BRDA:110,7,0,0
BRDA:110,7,1,389
BRDA:136,8,0,12907
BRDA:136,8,1,2
BRDA:136,9,0,12909
BRDA:136,9,1,12519
BRDA:136,9,2,951
BRDA:147,10,0,390
BRDA:147,10,1,0
BRDA:150,11,0,0
BRDA:150,11,1,390
BRDA:150,12,0,390
BRDA:150,12,1,390
BRDA:167,13,0,2
BRDA:167,13,1,39
BRDA:182,14,0,7
BRDA:182,14,1,32
BRDA:188,15,0,7
BRDA:188,15,1,0
BRDA:193,16,0,7
BRDA:193,16,1,0
BRDA:197,17,0,7
BRDA:197,17,1,0
BRDA:198,18,0,7
BRDA:198,18,1,0
BRDA:208,19,0,30
BRDA:208,19,1,0
BRDA:225,20,0,2
BRDA:225,20,1,281
BRDA:235,21,0,0
BRDA:235,21,1,281
BRDA:248,22,0,279
BRDA:248,22,1,1
BRDA:248,23,0,280
BRDA:248,23,1,279
BRDA:257,24,0,1
BRDA:257,24,1,0
BRDA:268,25,0,0
BRDA:268,25,1,30
BRDA:278,26,0,30
BRDA:278,26,1,0
BRDA:314,27,0,1
BRDA:314,27,1,33
BRDA:320,28,0,1
BRDA:320,28,1,33
BRDA:326,29,0,2
BRDA:326,29,1,32
BRDA:326,30,0,34
BRDA:326,30,1,33
BRDA:349,31,0,0
BRDA:349,31,1,32
BRDA:355,32,0,0
BRDA:355,32,1,32
BRDA:361,33,0,0
BRDA:361,33,1,32
BRDA:361,34,0,32
BRDA:361,34,1,32
BRDA:381,35,0,1
BRDA:381,35,1,2
BRDA:401,36,0,1
BRDA:401,36,1,1
BRDA:442,37,0,30
BRDA:442,37,1,0
BRDA:448,38,0,29
BRDA:448,38,1,0
BRDA:480,39,0,6
BRDA:488,40,0,4
BRDA:488,40,1,41
BRDA:488,41,0,45
BRDA:488,41,1,43
BRDA:488,41,2,42
BRDA:488,41,3,41
BRDA:506,42,0,3
BRDA:506,42,1,38
BRDA:506,43,0,41
BRDA:506,43,1,40
BRDA:506,43,2,40
BRDA:506,43,3,39
BRDA:506,43,4,39
BRDA:506,43,5,38
BRDA:525,44,0,2
BRDA:525,44,1,36
BRDA:525,45,0,38
BRDA:525,45,1,38
BRDA:525,45,2,36
BRDA:525,45,3,36
BRDA:530,46,0,1
BRDA:530,46,1,37
BRDA:530,47,0,38
BRDA:530,47,1,38
BRDA:530,47,2,38
BRDA:534,48,0,3
BRDA:534,48,1,35
BRDA:553,49,0,1
BRDA:553,49,1,33
BRDA:571,50,0,0
BRDA:571,50,1,33
BRDA:586,51,0,33
BRDA:586,51,1,0
BRDA:596,52,0,1
BRDA:596,52,1,0
BRF:115
BRH:90
end_of_record
TN:
SF:utils/geometryValidation.ts
FN:25,(anonymous_0)
FN:92,(anonymous_1)
FN:148,(anonymous_2)
FN:165,(anonymous_3)
FN:172,(anonymous_4)
FN:173,(anonymous_5)
FN:199,(anonymous_6)
FN:291,(anonymous_7)
FN:354,(anonymous_8)
FN:400,(anonymous_9)
FNF:10
FNH:10
FNDA:1615,(anonymous_0)
FNDA:1602,(anonymous_1)
FNDA:1325,(anonymous_2)
FNDA:1319,(anonymous_3)
FNDA:12,(anonymous_4)
FNDA:12,(anonymous_5)
FNDA:531,(anonymous_6)
FNDA:525,(anonymous_7)
FNDA:407,(anonymous_8)
FNDA:2,(anonymous_9)
DA:25,9
DA:26,1615
DA:27,9
DA:28,8
DA:31,1606
DA:32,10
DA:33,10
DA:36,1596
DA:37,1
DA:38,1
DA:41,1595
DA:42,1
DA:45,1
DA:48,1594
DA:49,1
DA:50,1
DA:53,1593
DA:54,1
DA:55,1
DA:59,1592
DA:61,1589
DA:62,1589
DA:63,1590
DA:64,6
DA:67,3
DA:69,3
DA:70,3
DA:71,6
DA:72,6
DA:73,0
DA:76,0
DA:78,6
DA:79,6
DA:80,0
DA:86,1586
DA:92,9
DA:93,1602
DA:94,3
DA:99,3
DA:103,1599
DA:104,44733
DA:105,44733
DA:108,3
DA:114,3
DA:118,44730
DA:119,3
DA:125,3
DA:130,1593
DA:131,1593
DA:132,1593
DA:133,2
DA:139,2
DA:142,1591
DA:148,9
DA:149,1325
DA:150,1325
DA:151,1325
DA:154,1325
DA:155,2
DA:164,1323
DA:165,1318
DA:166,1319
DA:167,1319
DA:168,1319
DA:169,1319
DA:171,5
DA:172,5
DA:173,12
DA:174,12
DA:175,12
DA:176,12
DA:177,12
DA:182,1323
DA:184,1323
DA:187,1323
DA:199,9
DA:200,531
DA:201,531
DA:204,531
DA:205,3
DA:206,3
DA:209,528
DA:210,5
DA:213,528
DA:214,4
DA:215,4
DA:218,524
DA:219,1
DA:220,1
DA:223,523
DA:224,0
DA:225,0
DA:228,523
DA:229,1
DA:230,1
DA:234,522
DA:235,522
DA:237,522
DA:238,520
DA:239,520
DA:240,520
DA:241,520
DA:242,520
DA:243,520
DA:244,520
DA:246,2
DA:247,2
DA:248,2
DA:249,5
DA:250,5
DA:251,0
DA:252,0
DA:254,5
DA:255,5
DA:256,5
DA:257,5
DA:258,5
DA:259,5
DA:264,522
DA:267,522
DA:268,521
DA:271,521
DA:272,2
DA:275,521
DA:276,2
DA:280,522
DA:291,9
DA:292,525
DA:293,525
DA:294,525
DA:296,525
DA:297,0
DA:298,0
DA:301,525
DA:302,1
DA:303,1
DA:307,524
DA:308,15644
DA:309,15644
DA:310,0
DA:311,0
DA:314,15644
DA:315,0
DA:316,0
DA:319,15644
DA:320,0
DA:321,0
DA:325,15644
DA:326,0
DA:329,15644
DA:330,0
DA:335,524
DA:336,524
DA:337,524
DA:338,524
DA:339,0
DA:344,524
DA:345,2
DA:348,524
DA:354,9
DA:355,407
DA:367,407
DA:368,401
DA:369,401
DA:380,6
DA:384,407
DA:385,401
DA:386,401
DA:400,9
DA:401,2
LF:170
LH:152
BRDA:26,0,0,9
BRDA:26,0,1,1606
BRDA:31,1,0,10
BRDA:31,1,1,1596
BRDA:36,2,0,1
BRDA:36,2,1,1595
BRDA:41,3,0,1
BRDA:41,3,1,1594
BRDA:41,4,0,1595
BRDA:41,4,1,4
BRDA:48,5,0,1
BRDA:48,5,1,1593
BRDA:48,6,0,1594
BRDA:48,6,1,1593
BRDA:53,7,0,1
BRDA:53,7,1,1592
BRDA:59,8,0,1589
BRDA:59,8,1,3
BRDA:63,9,0,6
BRDA:63,9,1,1584
BRDA:67,10,0,3
BRDA:67,10,1,0
BRDA:72,11,0,0
BRDA:72,11,1,6
BRDA:72,12,0,6
BRDA:72,12,1,6
BRDA:79,13,0,0
BRDA:79,13,1,6
BRDA:93,14,0,3
BRDA:93,14,1,1599
BRDA:93,15,0,1602
BRDA:93,15,1,1601
BRDA:105,16,0,3
BRDA:105,16,1,44730
BRDA:105,17,0,44733
BRDA:105,17,1,44733
BRDA:105,17,2,44732
BRDA:105,17,3,44731
BRDA:105,17,4,44731
BRDA:105,17,5,44730
BRDA:118,18,0,3
BRDA:118,18,1,44727
BRDA:118,19,0,44730
BRDA:118,19,1,44729
BRDA:118,19,2,44728
BRDA:118,19,3,44728
BRDA:132,20,0,2
BRDA:132,20,1,1591
BRDA:132,21,0,1593
BRDA:132,21,1,1593
BRDA:154,22,0,2
BRDA:154,22,1,1323
BRDA:154,23,0,1325
BRDA:154,23,1,1325
BRDA:154,23,2,1323
BRDA:164,24,0,1318
BRDA:164,24,1,5
BRDA:171,25,0,5
BRDA:171,25,1,0
BRDA:182,26,0,1323
BRDA:182,26,1,0
BRDA:184,27,0,8
BRDA:184,27,1,1315
BRDA:185,28,0,30
BRDA:185,28,1,1285
BRDA:204,29,0,3
BRDA:204,29,1,528
BRDA:209,30,0,5
BRDA:209,30,1,523
BRDA:213,31,0,4
BRDA:213,31,1,524
BRDA:218,32,0,1
BRDA:218,32,1,523
BRDA:218,33,0,524
BRDA:218,33,1,3
BRDA:223,34,0,0
BRDA:223,34,1,523
BRDA:223,35,0,523
BRDA:223,35,1,523
BRDA:228,36,0,1
BRDA:228,36,1,522
BRDA:237,37,0,520
BRDA:237,37,1,2
BRDA:243,38,0,520
BRDA:243,38,1,0
BRDA:246,39,0,2
BRDA:246,39,1,0
BRDA:250,40,0,0
BRDA:250,40,1,5
BRDA:250,41,0,5
BRDA:250,41,1,5
BRDA:258,42,0,5
BRDA:258,42,1,0
BRDA:267,43,0,521
BRDA:267,43,1,1
BRDA:271,44,0,2
BRDA:271,44,1,519
BRDA:275,45,0,2
BRDA:275,45,1,519
BRDA:294,46,0,5
BRDA:294,46,1,520
BRDA:296,47,0,0
BRDA:296,47,1,525
BRDA:301,48,0,1
BRDA:301,48,1,524
BRDA:309,49,0,0
BRDA:309,49,1,15644
BRDA:309,50,0,15644
BRDA:309,50,1,15644
BRDA:314,51,0,0
BRDA:314,51,1,15644
BRDA:314,52,0,15644
BRDA:314,52,1,15644
BRDA:319,53,0,0
BRDA:319,53,1,15644
BRDA:319,54,0,15644
BRDA:319,54,1,15644
BRDA:325,55,0,0
BRDA:325,55,1,15644
BRDA:325,56,0,15644
BRDA:325,56,1,15644
BRDA:329,57,0,0
BRDA:329,57,1,15644
BRDA:329,58,0,15644
BRDA:329,58,1,15644
BRDA:335,59,0,524
BRDA:335,59,1,0
BRDA:338,60,0,0
BRDA:338,60,1,524
BRDA:338,61,0,524
BRDA:338,61,1,524
BRDA:344,62,0,2
BRDA:344,62,1,522
BRDA:367,63,0,401
BRDA:367,63,1,6
BRDA:384,64,0,401
BRDA:384,64,1,6
BRDA:388,65,0,401
BRDA:388,65,1,401
BRDA:388,65,2,401
BRF:140
BRH:122
end_of_record
TN:
SF:utils/logger.ts
FN:8,(anonymous_0)
FN:14,(anonymous_1)
FN:18,(anonymous_2)
FN:24,(anonymous_3)
FN:30,(anonymous_4)
FNF:5
FNH:4
FNDA:0,(anonymous_0)
FNDA:221,(anonymous_1)
FNDA:76,(anonymous_2)
FNDA:23478,(anonymous_3)
FNDA:497,(anonymous_4)
DA:5,19
DA:7,19
DA:9,0
DA:10,0
DA:15,221
DA:19,76
DA:20,76
DA:25,23478
DA:26,23478
DA:31,497
DA:32,497
LF:11
LH:9
BRDA:9,0,0,0
BRDA:9,0,1,0
BRDA:19,1,0,76
BRDA:19,1,1,0
BRDA:25,2,0,23478
BRDA:25,2,1,0
BRDA:31,3,0,497
BRDA:31,3,1,0
BRF:8
BRH:3
end_of_record
TN:
SF:utils/mapStyling.ts
FN:79,(anonymous_0)
FN:84,(anonymous_1)
FN:124,(anonymous_2)
FN:154,(anonymous_3)
FN:155,(anonymous_4)
FN:162,(anonymous_5)
FN:163,(anonymous_6)
FN:175,(anonymous_7)
FN:176,(anonymous_8)
FN:183,(anonymous_9)
FN:190,(anonymous_10)
FN:195,(anonymous_11)
FNF:12
FNH:12
FNDA:13,(anonymous_0)
FNDA:32,(anonymous_1)
FNDA:7,(anonymous_2)
FNDA:9,(anonymous_3)
FNDA:35,(anonymous_4)
FNDA:7,(anonymous_5)
FNDA:25,(anonymous_6)
FNDA:6,(anonymous_7)
FNDA:20,(anonymous_8)
FNDA:4,(anonymous_9)
FNDA:9,(anonymous_10)
FNDA:16,(anonymous_11)
DA:48,2
DA:79,2
DA:83,13
DA:84,32
DA:85,13
DA:93,13
DA:95,10
DA:96,10
DA:97,10
DA:98,10
DA:101,3
DA:102,3
DA:103,3
DA:104,3
DA:107,13
DA:124,2
DA:127,7
DA:129,7
DA:130,7
DA:132,7
DA:154,2
DA:155,35
DA:156,9
DA:162,2
DA:163,25
DA:165,7
DA:166,2
DA:168,5
DA:169,5
DA:175,2
DA:176,20
DA:177,6
DA:183,2
DA:184,4
DA:190,2
DA:191,9
DA:192,3
DA:195,6
DA:196,16
LF:39
LH:39
BRDA:85,0,0,13
BRDA:85,0,1,3
BRDA:93,1,0,10
BRDA:93,1,1,3
BRDA:95,2,0,6
BRDA:95,2,1,4
BRDA:97,3,0,6
BRDA:97,3,1,4
BRDA:101,4,0,1
BRDA:101,4,1,2
BRDA:103,5,0,1
BRDA:103,5,1,2
BRDA:129,6,0,3
BRDA:129,6,1,4
BRDA:130,7,0,3
BRDA:130,7,1,4
BRDA:156,8,0,9
BRDA:156,8,1,4
BRDA:165,9,0,2
BRDA:165,9,1,5
BRDA:177,10,0,6
BRDA:177,10,1,1
BRDA:191,11,0,3
BRDA:191,11,1,6
BRDA:191,12,0,9
BRDA:191,12,1,6
BRF:26
BRH:26
end_of_record
TN:
SF:utils/networkUtils.ts
FN:34,(anonymous_0)
FN:41,(anonymous_1)
FN:51,(anonymous_2)
FN:52,(anonymous_3)
FN:70,(anonymous_4)
FN:87,(anonymous_5)
FN:122,(anonymous_6)
FN:130,(anonymous_7)
FN:148,(anonymous_8)
FN:156,(anonymous_9)
FN:182,(anonymous_10)
FN:194,(anonymous_11)
FN:198,(anonymous_12)
FN:209,(anonymous_13)
FN:210,(anonymous_14)
FN:222,(anonymous_15)
FN:223,(anonymous_16)
FN:224,(anonymous_17)
FN:229,(anonymous_18)
FN:238,(anonymous_19)
FN:251,(anonymous_20)
FN:259,(anonymous_21)
FN:267,(anonymous_22)
FN:285,(anonymous_23)
FN:324,(anonymous_24)
FN:328,(anonymous_25)
FN:332,(anonymous_26)
FN:340,(anonymous_27)
FN:346,(anonymous_28)
FN:368,(anonymous_29)
FN:387,(anonymous_30)
FN:388,(anonymous_31)
FN:405,(anonymous_32)
FN:420,(anonymous_33)
FN:438,(anonymous_34)
FNF:35
FNH:22
FNDA:2,(anonymous_0)
FNDA:2,(anonymous_1)
FNDA:2,(anonymous_2)
FNDA:0,(anonymous_3)
FNDA:13,(anonymous_4)
FNDA:9,(anonymous_5)
FNDA:4,(anonymous_6)
FNDA:1,(anonymous_7)
FNDA:4,(anonymous_8)
FNDA:2,(anonymous_9)
FNDA:4,(anonymous_10)
FNDA:0,(anonymous_11)
FNDA:0,(anonymous_12)
FNDA:0,(anonymous_13)
FNDA:0,(anonymous_14)
FNDA:2,(anonymous_15)
FNDA:2,(anonymous_16)
FNDA:1,(anonymous_17)
FNDA:1,(anonymous_18)
FNDA:2,(anonymous_19)
FNDA:0,(anonymous_20)
FNDA:0,(anonymous_21)
FNDA:0,(anonymous_22)
FNDA:3,(anonymous_23)
FNDA:0,(anonymous_24)
FNDA:0,(anonymous_25)
FNDA:0,(anonymous_26)
FNDA:0,(anonymous_27)
FNDA:0,(anonymous_28)
FNDA:5,(anonymous_29)
FNDA:4,(anonymous_30)
FNDA:1,(anonymous_31)
FNDA:6,(anonymous_32)
FNDA:7,(anonymous_33)
FNDA:7,(anonymous_34)
DA:19,2
DA:31,2
DA:32,2
DA:35,2
DA:42,2
DA:43,2
DA:45,2
DA:52,2
DA:53,0
DA:60,0
DA:61,0
DA:63,0
DA:71,13
DA:88,9
DA:89,0
DA:92,9
DA:93,9
DA:94,8
DA:101,8
DA:102,8
DA:104,1
DA:107,1
DA:114,1
DA:115,1
DA:123,4
DA:124,4
DA:131,1
DA:149,4
DA:151,4
DA:152,8
DA:153,8
DA:155,8
DA:156,8
DA:158,8
DA:164,2
DA:166,2
DA:167,2
DA:168,2
DA:171,0
DA:175,6
DA:176,1
DA:178,5
DA:181,6
DA:182,4
DA:187,2
DA:188,2
DA:195,0
DA:198,0
DA:199,0
DA:200,0
DA:201,0
DA:210,0
DA:211,0
DA:212,0
DA:214,0
DA:223,2
DA:224,2
DA:225,1
DA:226,1
DA:229,2
DA:230,1
DA:231,1
DA:232,1
DA:233,1
DA:238,2
DA:239,2
DA:240,0
DA:241,0
DA:242,0
DA:252,0
DA:253,0
DA:260,0
DA:261,0
DA:268,0
DA:269,0
DA:286,3
DA:288,3
DA:289,1
DA:293,2
DA:294,1
DA:295,1
DA:297,0
DA:299,0
DA:301,1
DA:303,0
DA:305,0
DA:310,1
DA:311,1
DA:314,0
DA:319,2
DA:324,2
DA:325,0
DA:326,0
DA:328,0
DA:329,0
DA:332,0
DA:333,0
DA:334,0
DA:335,0
DA:340,0
DA:341,0
DA:342,0
DA:346,0
DA:347,0
DA:348,0
DA:352,0
DA:368,2
DA:373,5
DA:375,5
DA:377,5
DA:378,4
DA:379,4
DA:380,1
DA:381,1
DA:382,1
DA:387,4
DA:388,4
DA:391,4
DA:392,2
DA:393,2
DA:396,2
DA:397,2
DA:398,2
DA:405,2
DA:420,7
DA:421,6
DA:424,6
DA:426,6
DA:427,13
DA:428,13
DA:430,9
DA:432,9
DA:433,2
DA:436,7
DA:438,7
DA:439,7
DA:443,0
LF:137
LH:92
BRDA:42,0,0,2
BRDA:42,0,1,0
BRDA:54,1,0,0
BRDA:54,1,1,0
BRDA:55,2,0,0
BRDA:55,2,1,0
BRDA:88,3,0,0
BRDA:88,3,1,9
BRDA:95,4,0,8
BRDA:95,4,1,0
BRDA:96,5,0,8
BRDA:96,5,1,3
BRDA:124,6,0,4
BRDA:124,6,1,1
BRDA:148,7,0,2
BRDA:166,8,0,2
BRDA:166,8,1,0
BRDA:175,9,0,1
BRDA:175,9,1,5
BRDA:175,10,0,6
BRDA:175,10,1,6
BRDA:181,11,0,4
BRDA:181,11,1,2
BRDA:200,12,0,0
BRDA:200,12,1,0
BRDA:222,13,0,0
BRDA:230,14,0,1
BRDA:230,14,1,0
BRDA:230,15,0,1
BRDA:230,15,1,1
BRDA:239,16,0,0
BRDA:239,16,1,2
BRDA:288,17,0,1
BRDA:288,17,1,2
BRDA:293,18,0,1
BRDA:293,18,1,1
BRDA:293,19,0,2
BRDA:293,19,1,1
BRDA:295,20,0,0
BRDA:295,20,1,0
BRDA:295,20,2,1
BRDA:295,20,3,0
BRDA:295,20,4,0
BRDA:310,21,0,1
BRDA:310,21,1,0
BRDA:333,22,0,0
BRDA:333,22,1,0
BRDA:341,23,0,0
BRDA:341,23,1,0
BRDA:355,24,0,0
BRDA:355,24,1,0
BRDA:356,25,0,0
BRDA:356,25,1,0
BRDA:357,26,0,0
BRDA:357,26,1,0
BRDA:371,27,0,3
BRDA:373,28,0,4
BRDA:373,29,0,4
BRDA:377,30,0,4
BRDA:377,30,1,1
BRDA:379,31,0,1
BRDA:379,31,1,3
BRDA:407,32,0,1
BRDA:416,33,0,1
BRDA:417,34,0,2
BRDA:418,35,0,5
BRDA:419,36,0,4
BRDA:420,37,0,5
BRDA:432,38,0,2
BRDA:432,38,1,7
BRDA:432,39,0,9
BRDA:432,39,1,8
BRF:72
BRH:44
end_of_record
TN:
SF:utils/regionBoundaryService.ts
FN:79,(anonymous_0)
FN:172,(anonymous_1)
FN:231,(anonymous_2)
FN:253,(anonymous_3)
FN:269,(anonymous_4)
FN:284,(anonymous_5)
FN:288,(anonymous_6)
FN:299,(anonymous_7)
FN:316,(anonymous_8)
[...]
FNDA:0,(anonymous_18)
FNDA:1,(anonymous_19)
FNDA:0,(anonymous_20)
FNDA:0,(anonymous_21)
FNDA:3,(anonymous_22)
FNDA:1,(anonymous_23)
FNDA:44,(anonymous_24)
FNDA:212,(anonymous_25)
FNDA:0,(anonymous_26)
FNDA:0,(anonymous_27)
FNDA:0,(anonymous_28)
FNDA:0,(anonymous_29)
FNDA:0,(anonymous_30)
FNDA:0,(anonymous_31)
FNDA:2,(anonymous_32)
FNDA:0,(anonymous_33)
FNDA:2,(anonymous_34)
FNDA:0,(anonymous_35)
FNDA:0,(anonymous_36)
FNDA:0,(anonymous_37)
FNDA:1,(anonymous_38)
FNDA:3,(anonymous_39)
FNDA:3,(anonymous_40)
FNDA:0,(anonymous_41)
FNDA:0,(anonymous_42)
FNDA:0,(anonymous_43)
FNDA:0,(anonymous_44)
FNDA:0,(anonymous_45)
FNDA:0,(anonymous_46)
FNDA:2,(anonymous_47)
FNDA:2,(anonymous_48)
DA:35,2
DA:46,2
DA:61,2
DA:83,2
DA:84,2
DA:90,2
DA:93,2
DA:96,2
DA:97,2
DA:99,0
DA:119,217
DA:120,217
DA:122,217
DA:123,9
DA:124,9
DA:125,9
DA:128,208
DA:129,208
DA:133,208
DA:134,208
DA:137,208
DA:139,0
DA:150,0
DA:151,0
DA:162,208
DA:164,208
DA:165,0
DA:166,0
DA:167,0
DA:168,0
DA:169,0
DA:173,208
DA:174,208
DA:175,208
DA:176,208
DA:177,208
DA:179,0
DA:184,208
DA:185,208
DA:187,208
DA:194,208
DA:196,0
DA:197,0
DA:198,0
DA:199,0
DA:212,212
DA:213,212
DA:214,212
DA:215,212
DA:226,212
DA:227,212
DA:229,212
DA:237,212
DA:238,0
DA:241,0
DA:252,8
DA:253,8
DA:254,8
DA:256,0
DA:266,2
DA:267,2
DA:270,2
DA:271,10
DA:272,6
DA:277,2
DA:280,2
DA:283,8
DA:286,8
DA:287,8
DA:289,2
DA:291,2
DA:292,0
DA:299,2
DA:305,0
DA:311,2
DA:317,216
DA:320,216
DA:321,216
DA:322,0
DA:324,0
DA:325,0
DA:328,0
DA:331,0
DA:336,216
DA:337,216
DA:338,216
DA:340,0
DA:341,0
DA:346,216
DA:348,216
DA:349,216
DA:350,216
DA:353,216
DA:378,4
DA:379,4
DA:381,4
DA:382,4
DA:383,2
DA:387,2
DA:389,0
DA:390,0
DA:391,0
DA:392,0
DA:397,2
DA:399,2
DA:401,2
DA:402,2
DA:403,0
DA:407,2
DA:408,2
DA:411,2
DA:412,2
DA:414,0
DA:420,2
DA:423,2
DA:426,0
DA:429,0
DA:430,0
DA:431,0
DA:432,0
DA:433,0
DA:434,0
DA:437,0
DA:441,0
DA:450,1
DA:451,0
DA:454,1
DA:455,1
DA:458,1
DA:459,1
DA:460,0
DA:463,0
DA:467,1
DA:468,1
DA:471,0
DA:477,0
DA:478,0
DA:481,0
DA:487,0
DA:488,0
DA:491,0
DA:493,0
DA:498,0
DA:503,1
DA:506,0
DA:515,3
DA:516,3
DA:518,3
DA:532,1
DA:533,1
DA:534,1
DA:535,1
DA:537,1
DA:543,0
DA:544,0
DA:556,44
DA:557,44
DA:558,44
DA:559,44
DA:560,44
DA:561,44
DA:563,0
DA:565,0
DA:566,0
DA:567,0
DA:576,212
DA:578,212
DA:581,212
DA:583,105
DA:584,105
DA:588,0
DA:590,0
DA:591,0
DA:592,0
DA:593,0
DA:594,0
DA:595,0
DA:599,0
DA:600,0
DA:601,0
DA:604,0
DA:606,0
DA:616,0
DA:628,0
DA:629,0
DA:632,0
DA:636,0
DA:637,0
DA:640,0
DA:641,0
DA:643,0
DA:650,107
DA:659,0
DA:666,0
DA:673,2
DA:674,0
DA:676,0
DA:679,0
DA:681,0
DA:683,0
DA:692,2
DA:693,2
DA:694,2
DA:702,0
DA:703,0
DA:704,0
DA:705,0
DA:706,0
DA:708,0
DA:715,0
DA:716,0
DA:717,0
DA:718,0
DA:720,0
DA:721,0
DA:722,0
DA:725,0
DA:727,0
DA:729,0
DA:743,1
DA:745,1
DA:746,1
DA:748,1
DA:749,1
DA:752,1
DA:753,1
DA:756,1
DA:757,1
DA:759,3
DA:764,1
DA:765,3
DA:766,3
DA:768,0
DA:773,1
DA:774,0
DA:778,1
DA:785,1
DA:786,0
DA:792,0
DA:808,0
DA:811,0
DA:812,0
DA:814,0
DA:816,0
DA:817,0
DA:818,0
DA:820,0
DA:826,0
DA:827,0
DA:828,0
DA:830,0
DA:838,0
DA:839,0
DA:843,0
DA:857,0
DA:858,0
DA:859,0
DA:862,0
DA:863,0
DA:866,0
DA:867,0
DA:870,0
DA:871,0
DA:874,0
DA:875,0
DA:878,0
DA:892,2
DA:893,2
DA:894,2
DA:899,2
DA:904,2
DA:905,2
LF:272
LH:137
BRDA:92,0,0,2
BRDA:122,1,0,9
BRDA:122,1,1,208
BRDA:137,2,0,0
BRDA:137,2,1,208
BRDA:137,3,0,208
BRDA:137,3,1,208
BRDA:137,3,2,208
BRDA:162,4,0,208
BRDA:162,4,1,0
BRDA:164,5,0,0
BRDA:164,5,1,208
BRDA:175,6,0,208
BRDA:175,6,1,208
BRDA:219,7,0,212
BRDA:219,7,1,212
BRDA:222,8,0,212
BRDA:222,8,1,212
BRDA:232,9,0,212
BRDA:232,9,1,210
BRDA:271,10,0,6
BRDA:271,10,1,4
BRDA:291,11,0,0
BRDA:291,11,1,2
BRDA:321,12,0,0
BRDA:321,12,1,216
BRDA:382,13,0,2
BRDA:382,13,1,2
BRDA:387,14,0,0
BRDA:387,14,1,2
BRDA:391,15,0,0
BRDA:391,15,1,0
BRDA:402,16,0,0
BRDA:402,16,1,2
BRDA:431,17,0,0
BRDA:431,17,1,0
BRDA:434,18,0,0
BRDA:434,18,1,0
BRDA:450,19,0,0
BRDA:450,19,1,1
BRDA:459,20,0,0
BRDA:459,20,1,1
BRDA:516,21,0,3
BRDA:516,21,1,0
BRDA:583,22,0,105
BRDA:583,22,1,0
BRDA:594,23,0,0
BRDA:594,23,1,0
BRDA:595,24,0,0
BRDA:595,24,1,0
BRDA:601,25,0,0
BRDA:601,25,1,0
BRDA:608,26,0,0
BRDA:608,26,1,0
BRDA:628,27,0,0
BRDA:628,27,1,0
BRDA:628,28,0,0
BRDA:628,28,1,0
BRDA:629,29,0,0
BRDA:629,29,1,0
BRDA:629,30,0,0
BRDA:629,30,1,0
BRDA:692,31,0,2
BRDA:692,31,1,0
BRDA:720,32,0,0
BRDA:720,32,1,0
BRDA:765,33,0,3
BRDA:765,33,1,0
BRDA:773,34,0,0
BRDA:773,34,1,1
BRDA:785,35,0,0
BRDA:785,35,1,1
BRDA:806,36,0,0
BRDA:827,37,0,0
BRDA:827,37,1,0
BRDA:838,38,0,0
BRDA:838,38,1,0
BRDA:862,39,0,0
BRDA:862,39,1,0
BRDA:866,40,0,0
BRDA:866,40,1,0
BRDA:870,41,0,0
BRDA:870,41,1,0
BRDA:874,42,0,0
BRDA:874,42,1,0
BRF:85
BRH:33
end_of_record
TN:
SF:utils/statisticsErrorHandler.ts
FN:50,(anonymous_0)
FN:52,(anonymous_1)
FN:59,(anonymous_2)
FN:66,(anonymous_3)
FN:149,(anonymous_4)
FN:160,(anonymous_5)
FN:163,(anonymous_6)
FN:165,(anonymous_7)
FN:168,(anonymous_8)
FN:170,(anonymous_9)
FN:176,(anonymous_10)
FN:178,(anonymous_11)
FN:181,(anonymous_12)
FN:207,(anonymous_13)
FN:214,(anonymous_14)
FN:218,(anonymous_15)
FN:226,(anonymous_16)
FNF:17
FNH:17
FNDA:1,(anonymous_0)
FNDA:20,(anonymous_1)
FNDA:178,(anonymous_2)
FNDA:178,(anonymous_3)
FNDA:170,(anonymous_4)
FNDA:1322,(anonymous_5)
FNDA:176,(anonymous_6)
FNDA:1212,(anonymous_7)
FNDA:163,(anonymous_8)
FNDA:972,(anonymous_9)
FNDA:178,(anonymous_10)
FNDA:706,(anonymous_11)
FNDA:178,(anonymous_12)
FNDA:178,(anonymous_13)
FNDA:5,(anonymous_14)
FNDA:23,(anonymous_15)
FNDA:7,(anonymous_16)
DA:47,1
DA:48,1
DA:53,20
DA:54,1
DA:56,20
DA:60,178
DA:61,178
DA:62,178
DA:63,178
DA:67,178
DA:70,178
DA:71,175
DA:73,3
DA:76,178
DA:77,178
DA:80,178
DA:81,2
DA:94,176
DA:95,6
DA:108,170
DA:109,7
DA:122,163
DA:123,2
DA:136,161
DA:150,170
DA:160,1322
DA:164,176
DA:165,1212
DA:169,163
DA:170,972
DA:177,178
DA:178,706
DA:182,178
DA:191,178
DA:193,2
DA:194,2
DA:196,6
DA:197,6
DA:199,170
DA:200,170
DA:202,0
DA:203,0
DA:208,178
DA:209,178
DA:210,50
DA:215,5
DA:219,23
DA:220,23
DA:224,1
DA:226,1
DA:230,7
DA:231,7
DA:232,2
DA:234,5
DA:235,5
LF:55
LH:53
BRDA:53,0,0,1
BRDA:53,0,1,19
BRDA:70,1,0,175
BRDA:70,1,1,3
BRDA:77,2,0,178
BRDA:77,2,1,0
BRDA:80,3,0,2
BRDA:80,3,1,176
BRDA:94,4,0,6
BRDA:94,4,1,170
BRDA:108,5,0,7
BRDA:108,5,1,163
BRDA:122,6,0,2
BRDA:122,6,1,161
BRDA:160,7,0,1322
BRDA:160,7,1,1315
BRDA:165,8,0,1212
BRDA:165,8,1,1206
BRDA:170,9,0,163
BRDA:170,9,1,161
BRDA:170,9,2,161
BRDA:170,9,3,161
BRDA:178,10,0,706
BRDA:178,10,1,704
BRDA:191,11,0,2
BRDA:191,11,1,6
BRDA:191,11,2,170
BRDA:191,11,3,0
BRDA:209,12,0,50
BRDA:209,12,1,128
BRF:30
BRH:28
end_of_record
TN:
SF:utils/statisticsFormatters.ts
FN:8,(anonymous_0)
FN:28,(anonymous_1)
FN:58,(anonymous_2)
FN:71,(anonymous_3)
FN:81,(anonymous_4)
FN:98,(anonymous_5)
FN:133,(anonymous_6)
FN:151,(anonymous_7)
FN:161,(anonymous_8)
FNF:9
FNH:0
FNDA:0,(anonymous_0)
FNDA:0,(anonymous_1)
FNDA:0,(anonymous_2)
FNDA:0,(anonymous_3)
FNDA:0,(anonymous_4)
FNDA:0,(anonymous_5)
FNDA:0,(anonymous_6)
FNDA:0,(anonymous_7)
FNDA:0,(anonymous_8)
DA:8,0
DA:15,0
DA:16,0
DA:18,0
DA:28,0
DA:35,0
DA:36,0
DA:37,0
DA:38,0
DA:39,0
DA:40,0
DA:41,0
DA:42,0
DA:43,0
DA:44,0
DA:45,0
DA:46,0
DA:48,0
DA:49,0
DA:52,0
DA:58,0
DA:59,0
DA:60,0
DA:61,0
DA:62,0
DA:64,0
DA:71,0
DA:72,0
DA:73,0
DA:74,0
DA:75,0
DA:81,0
DA:82,0
DA:83,0
DA:85,0
DA:86,0
DA:87,0
DA:88,0
DA:89,0
DA:91,0
DA:98,0
DA:103,0
DA:104,0
DA:105,0
DA:106,0
DA:107,0
DA:108,0
DA:111,0
DA:112,0
DA:113,0
DA:114,0
DA:115,0
DA:116,0
DA:117,0
DA:118,0
DA:120,0
DA:123,0
DA:133,0
DA:134,0
DA:145,0
DA:151,0
DA:152,0
DA:153,0
DA:155,0
DA:161,0
DA:166,0
DA:199,0
LF:67
LH:0
BRDA:15,0,0,0
BRDA:15,0,1,0
BRDA:16,1,0,0
BRDA:16,1,1,0
BRDA:35,2,0,0
BRDA:35,2,1,0
BRDA:38,3,0,0
BRDA:38,3,1,0
BRDA:41,4,0,0
BRDA:41,4,1,0
BRDA:44,5,0,0
BRDA:44,5,1,0
BRDA:59,6,0,0
BRDA:59,6,1,0
BRDA:61,7,0,0
BRDA:61,7,1,0
BRDA:72,8,0,0
BRDA:72,8,1,0
BRDA:73,9,0,0
BRDA:73,9,1,0
BRDA:74,10,0,0
BRDA:74,10,1,0
BRDA:82,11,0,0
BRDA:82,11,1,0
BRDA:83,12,0,0
BRDA:83,12,1,0
BRDA:86,13,0,0
BRDA:86,13,1,0
BRDA:88,14,0,0
BRDA:88,14,1,0
BRDA:111,15,0,0
BRDA:111,15,1,0
BRDA:113,16,0,0
BRDA:113,16,1,0
BRDA:115,17,0,0
BRDA:115,17,1,0
BRDA:117,18,0,0
BRDA:117,18,1,0
BRDA:145,19,0,0
BRDA:145,19,1,0
BRDA:152,20,0,0
BRDA:152,20,1,0
BRDA:152,21,0,0
BRDA:152,21,1,0
BRDA:199,22,0,0
BRDA:199,22,1,0
BRF:46
BRH:0
end_of_record
TN:
SF:utils/statisticsPerformanceOptimizer.ts
FN:38,(anonymous_0)
FN:45,(anonymous_1)
FN:52,(anonymous_2)
FN:60,(anonymous_3)
FN:72,(anonymous_4)
FN:83,(anonymous_5)
FN:93,(anonymous_6)
FN:114,(anonymous_7)
FN:132,(anonymous_8)
FN:137,(anonymous_9)
FN:160,(anonymous_10)
FN:167,(anonymous_11)
FN:204,(anonymous_12)
FN:212,(anonymous_13)
FN:227,(anonymous_14)
FN:242,(anonymous_15)
FN:250,(anonymous_16)
FN:263,(anonymous_17)
FN:271,(anonymous_18)
FN:297,(anonymous_19)
FN:298,(anonymous_20)
FN:306,(anonymous_21)
FN:325,(anonymous_22)
FN:329,(anonymous_23)
FN:352,(anonymous_24)
FN:359,(anonymous_25)
FN:366,(anonymous_26)
FN:374,(anonymous_27)
FN:381,(anonymous_28)
FN:388,(anonymous_29)
FN:397,(anonymous_30)
FN:410,(anonymous_31)
FN:423,(anonymous_32)
FN:432,(anonymous_33)
FN:437,(anonymous_34)
FN:439,(anonymous_35)
FN:445,(anonymous_36)
FN:469,(anonymous_37)
FNF:38
FNH:36
FNDA:3,(anonymous_0)
FNDA:61,(anonymous_1)
FNDA:58,(anonymous_2)
FNDA:23,(anonymous_3)
FNDA:105,(anonymous_4)
FNDA:2,(anonymous_5)
FNDA:0,(anonymous_6)
FNDA:3,(anonymous_7)
FNDA:115,(anonymous_8)
FNDA:115,(anonymous_9)
FNDA:115,(anonymous_10)
FNDA:122,(anonymous_11)
FNDA:7,(anonymous_12)
FNDA:1,(anonymous_13)
FNDA:2,(anonymous_14)
FNDA:3,(anonymous_15)
FNDA:5,(anonymous_16)
FNDA:3,(anonymous_17)
FNDA:2,(anonymous_18)
FNDA:3,(anonymous_19)
FNDA:0,(anonymous_20)
FNDA:2,(anonymous_21)
FNDA:3,(anonymous_22)
FNDA:2,(anonymous_23)
FNDA:213,(anonymous_24)
FNDA:11,(anonymous_25)
FNDA:5,(anonymous_26)
FNDA:2,(anonymous_27)
FNDA:1,(anonymous_28)
FNDA:47,(anonymous_29)
FNDA:5,(anonymous_30)
FNDA:3,(anonymous_31)
FNDA:20,(anonymous_32)
FNDA:2,(anonymous_33)
FNDA:6,(anonymous_34)
FNDA:2,(anonymous_35)
FNDA:4,(anonymous_36)
FNDA:2,(anonymous_37)
DA:23,3
DA:35,3
DA:39,3
DA:50,61
DA:52,61
DA:54,58
DA:55,58
DA:56,32
DA:60,58
DA:61,23
DA:62,23
DA:65,58
DA:73,105
DA:74,105
DA:75,2
DA:76,2
DA:84,2
DA:85,1
DA:87,2
DA:94,0
DA:108,3
DA:110,3
DA:111,3
DA:115,3
DA:137,115
DA:139,115
DA:148,115
DA:149,115
DA:150,1735
DA:151,64
DA:152,64
DA:154,1671
DA:157,115
DA:160,115
DA:168,122
DA:169,3
DA:172,119
DA:173,4
DA:176,115
DA:177,115
DA:180,115
DA:182,115
DA:183,115
DA:184,115
DA:186,115
DA:188,114
DA:189,114
DA:194,114
DA:196,1
DA:197,1
DA:199,115
DA:200,115
DA:203,115
DA:204,105
DA:217,1
DA:228,2
DA:229,0
DA:231,2
DA:240,3
DA:243,3
DA:244,3
DA:251,5
DA:252,0
DA:256,5
DA:257,5
DA:264,3
DA:265,3
DA:272,2
DA:273,0
DA:276,2
DA:278,2
DA:280,2
DA:281,0
DA:284,0
DA:285,0
DA:288,0
DA:290,2
DA:298,3
DA:299,0
DA:307,2
DA:308,2
DA:309,2
DA:318,3
DA:319,3
DA:320,3
DA:326,3
DA:327,3
DA:329,3
DA:330,2
DA:331,2
DA:333,2
DA:340,2
DA:342,2
DA:353,213
DA:360,11
DA:367,5
DA:368,5
DA:375,2
DA:382,1
DA:389,47
DA:390,47
DA:391,47
DA:398,5
DA:399,5
DA:415,3
DA:417,3
DA:418,20
DA:419,20
DA:420,20
DA:423,20
DA:426,3
DA:437,2
DA:438,6
DA:439,2
DA:443,4
DA:445,4
DA:446,4
DA:447,4
DA:452,0
DA:456,2
DA:461,3
DA:462,3
DA:463,3
DA:464,3
DA:469,3
DA:470,2
DA:471,2
DA:472,2
DA:473,2
LF:129
LH:119
BRDA:38,0,0,3
BRDA:50,1,0,61
BRDA:50,1,1,0
BRDA:55,2,0,32
BRDA:55,2,1,26
BRDA:74,3,0,2
BRDA:74,3,1,103
BRDA:114,4,0,3
BRDA:135,5,0,0
BRDA:150,6,0,64
BRDA:150,6,1,1671
BRDA:168,7,0,3
BRDA:168,7,1,119
BRDA:168,8,0,122
BRDA:168,8,1,119
BRDA:172,9,0,4
BRDA:172,9,1,115
BRDA:203,10,0,105
BRDA:203,10,1,10
BRDA:242,11,0,3
BRDA:251,12,0,0
BRDA:251,12,1,5
BRDA:251,13,0,5
BRDA:251,13,1,5
BRDA:256,14,0,5
BRDA:256,14,1,0
BRDA:272,15,0,0
BRDA:272,15,1,2
BRDA:284,16,0,0
BRDA:284,16,1,0
BRDA:284,17,0,0
BRDA:284,17,1,0
BRDA:307,18,0,2
BRDA:307,18,1,0
BRDA:368,19,0,2
BRDA:368,19,1,3
BRDA:375,20,0,2
BRDA:375,20,1,0
BRDA:398,21,0,5
BRDA:398,21,1,0
BRDA:413,22,0,0
BRDA:435,23,0,0
BRDA:438,24,0,2
BRDA:438,24,1,4
BRDA:446,25,0,4
BRDA:446,25,1,0
BRDA:446,26,0,4
BRDA:446,26,1,4
BRF:48
BRH:33
end_of_record
TN:
SF:utils/statisticsPerformanceReporter.ts
FN:56,(anonymous_0)
FN:63,(anonymous_1)
FN:80,(anonymous_2)
FN:87,(anonymous_3)
FN:95,(anonymous_4)
FN:148,(anonymous_5)
FN:220,(anonymous_6)
FN:252,(anonymous_7)
FN:278,(anonymous_8)
FN:308,(anonymous_9)
FN:317,(anonymous_10)
FN:332,(anonymous_11)
FN:344,(anonymous_12)
FN:348,(anonymous_13)
FN:358,(anonymous_14)
FN:362,(anonymous_15)
FN:378,(anonymous_16)
FNF:17
FNH:0
FNDA:0,(anonymous_0)
FNDA:0,(anonymous_1)
FNDA:0,(anonymous_2)
FNDA:0,(anonymous_3)
FNDA:0,(anonymous_4)
FNDA:0,(anonymous_5)
FNDA:0,(anonymous_6)
FNDA:0,(anonymous_7)
FNDA:0,(anonymous_8)
FNDA:0,(anonymous_9)
FNDA:0,(anonymous_10)
FNDA:0,(anonymous_11)
FNDA:0,(anonymous_12)
FNDA:0,(anonymous_13)
FNDA:0,(anonymous_14)
FNDA:0,(anonymous_15)
FNDA:0,(anonymous_16)
DA:43,0
DA:53,0
DA:54,0
DA:57,0
DA:64,0
DA:65,0
DA:68,0
DA:69,0
DA:72,0
DA:73,0
DA:81,0
DA:88,0
DA:91,0
DA:92,0
DA:93,0
DA:94,0
DA:95,0
DA:104,0
DA:105,0
DA:114,0
DA:121,0
DA:127,0
DA:135,0
DA:142,0
DA:153,0
DA:156,0
DA:157,0
DA:158,0
DA:164,0
DA:165,0
DA:173,0
DA:174,0
DA:180,0
DA:181,0
DA:188,0
DA:189,0
DA:195,0
DA:196,0
DA:202,0
DA:203,0
DA:210,0
DA:211,0
DA:214,0
DA:221,0
DA:223,0
DA:231,0
DA:232,0
DA:233,0
DA:242,0
DA:243,0
DA:253,0
DA:256,0
DA:257,0
DA:258,0
DA:263,0
DA:264,0
DA:268,0
DA:269,0
DA:272,0
DA:279,0
DA:280,0
DA:283,0
DA:284,0
DA:285,0
DA:286,0
DA:291,0
DA:292,0
DA:293,0
DA:297,0
DA:298,0
DA:299,0
DA:302,0
DA:309,0
DA:310,0
DA:311,0
DA:322,0
DA:333,0
DA:334,0
DA:339,0
DA:344,0
DA:345,0
DA:346,0
DA:348,0
DA:349,0
DA:350,0
DA:351,0
DA:358,0
DA:362,0
DA:363,0
DA:364,0
DA:365,0
DA:366,0
DA:367,0
DA:369,0
DA:370,0
DA:378,0
DA:379,0
LF:97
LH:0
BRDA:56,0,0,0
BRDA:64,1,0,0
BRDA:64,1,1,0
BRDA:72,2,0,0
BRDA:72,2,1,0
BRDA:93,3,0,0
BRDA:93,3,1,0
BRDA:157,4,0,0
BRDA:157,4,1,0
BRDA:164,5,0,0
BRDA:164,5,1,0
BRDA:173,6,0,0
BRDA:173,6,1,0
BRDA:180,7,0,0
BRDA:180,7,1,0
BRDA:188,8,0,0
BRDA:188,8,1,0
BRDA:195,9,0,0
BRDA:195,9,1,0
BRDA:202,10,0,0
BRDA:202,10,1,0
BRDA:210,11,0,0
BRDA:210,11,1,0
BRDA:232,12,0,0
BRDA:232,12,1,0
BRDA:242,13,0,0
BRDA:242,13,1,0
BRDA:257,14,0,0
BRDA:257,14,1,0
BRDA:263,15,0,0
BRDA:263,15,1,0
BRDA:268,16,0,0
BRDA:268,16,1,0
BRDA:284,17,0,0
BRDA:284,17,1,0
BRDA:291,18,0,0
BRDA:291,18,1,0
BRDA:297,19,0,0
BRDA:297,19,1,0
BRF:39
BRH:0
end_of_record
TN:
SF:utils/statisticsRecovery.ts
FN:22,(anonymous_0)
FN:24,(anonymous_1)
FN:34,(anonymous_2)
FN:159,(anonymous_3)
FN:182,(anonymous_4)
FN:204,(anonymous_5)
FN:207,(anonymous_6)
FN:216,(anonymous_7)
FN:224,(anonymous_8)
FN:231,(anonymous_9)
FN:263,(anonymous_10)
FN:269,(anonymous_11)
FN:279,(anonymous_12)
FN:289,(anonymous_13)
FNF:14
FNH:0
FNDA:0,(anonymous_0)
FNDA:0,(anonymous_1)
FNDA:0,(anonymous_2)
FNDA:0,(anonymous_3)
FNDA:0,(anonymous_4)
FNDA:0,(anonymous_5)
FNDA:0,(anonymous_6)
FNDA:0,(anonymous_7)
FNDA:0,(anonymous_8)
FNDA:0,(anonymous_9)
FNDA:0,(anonymous_10)
FNDA:0,(anonymous_11)
FNDA:0,(anonymous_12)
FNDA:0,(anonymous_13)
DA:25,0
DA:26,0
DA:28,0
DA:43,0
DA:44,0
DA:45,0
DA:46,0
DA:48,0
DA:53,0
DA:54,0
DA:55,0
DA:56,0
DA:57,0
DA:59,0
DA:60,0
DA:62,0
DA:67,0
DA:68,0
DA:69,0
DA:70,0
DA:71,0
DA:73,0
DA:77,0
DA:79,0
DA:83,0
DA:87,0
DA:88,0
DA:89,0
DA:98,0
DA:100,0
DA:101,0
DA:102,0
DA:114,0
DA:115,0
DA:117,0
DA:118,0
DA:119,0
DA:122,0
DA:128,0
DA:137,0
DA:141,0
DA:143,0
DA:147,0
DA:166,0
DA:186,0
DA:188,0
DA:206,0
DA:207,0
DA:210,0
DA:211,0
DA:215,0
DA:216,0
DA:219,0
DA:220,0
DA:224,0
DA:225,0
DA:236,0
DA:237,0
DA:244,0
DA:245,0
DA:246,0
DA:253,0
DA:264,0
DA:266,0
DA:268,0
DA:269,0
DA:272,0
DA:273,0
DA:274,0
DA:278,0
DA:279,0
DA:282,0
DA:283,0
DA:284,0
DA:288,0
DA:289,0
DA:292,0
DA:293,0
DA:294,0
DA:298,0
DA:299,0
DA:300,0
DA:304,0
DA:309,0
LF:84
LH:0
BRDA:25,0,0,0
BRDA:25,0,1,0
BRDA:53,1,0,0
BRDA:67,2,0,0
BRDA:67,2,1,0
BRDA:87,3,0,0
BRDA:87,3,1,0
BRDA:100,4,0,0
BRDA:100,4,1,0
BRDA:118,5,0,0
BRDA:118,5,1,0
BRDA:130,6,0,0
BRDA:130,6,1,0
BRDA:131,7,0,0
BRDA:131,7,1,0
BRDA:189,8,0,0
BRDA:189,8,1,0
BRDA:190,9,0,0
BRDA:190,9,1,0
BRDA:191,10,0,0
BRDA:191,10,1,0
BRDA:192,11,0,0
BRDA:192,11,1,0
BRDA:193,12,0,0
BRDA:193,12,1,0
BRDA:210,13,0,0
BRDA:210,13,1,0
BRDA:219,14,0,0
BRDA:219,14,1,0
BRDA:236,15,0,0
BRDA:236,15,1,0
BRDA:244,16,0,0
BRDA:244,16,1,0
BRDA:244,17,0,0
BRDA:244,17,1,0
BRDA:248,18,0,0
BRDA:248,18,1,0
BRDA:266,19,0,0
BRDA:266,19,1,0
BRDA:272,20,0,0
BRDA:272,20,1,0
BRDA:282,21,0,0
BRDA:282,21,1,0
BRDA:292,22,0,0
BRDA:292,22,1,0
BRDA:298,23,0,0
BRDA:298,23,1,0
BRF:47
BRH:0
end_of_record
TN:
SF:utils/worldExplorationCalculator.ts
FN:24,(anonymous_0)
FN:117,(anonymous_1)
FN:160,(anonymous_2)
FN:216,(anonymous_3)
FN:230,(anonymous_4)
FN:250,(anonymous_5)
FN:270,(anonymous_6)
FN:321,(anonymous_7)
FN:367,(anonymous_8)
FN:394,(anonymous_9)
FNF:10
FNH:10
FNDA:180,(anonymous_0)
FNDA:11,(anonymous_1)
FNDA:31,(anonymous_2)
FNDA:121,(anonymous_3)
FNDA:27,(anonymous_4)
FNDA:26,(anonymous_5)
FNDA:3,(anonymous_6)
FNDA:33,(anonymous_7)
FNDA:15,(anonymous_8)
FNDA:1,(anonymous_9)
DA:17,4
DA:24,4
DA:25,180
DA:26,180
DA:27,4
DA:28,4
DA:31,176
DA:35,176
DA:36,176
DA:39,176
DA:40,20201
DA:41,20201
DA:46,20194
DA:47,6
DA:48,6
DA:54,20188
DA:55,10002
DA:56,10186
DA:57,10183
DA:59,3
DA:63,3
DA:67,20185
DA:69,0
DA:73,0
DA:76,20185
DA:79,20185
DA:80,20185
DA:81,20185
DA:83,20185
DA:90,7
DA:94,7
DA:98,176
DA:104,176
DA:107,0
DA:108,0
DA:117,4
DA:120,11
DA:121,11
DA:123,11
DA:124,11
DA:126,11
DA:132,11
DA:134,11
DA:137,0
DA:138,0
DA:160,4
DA:165,31
DA:166,1
DA:168,30
DA:169,1
DA:171,29
DA:172,1
DA:176,28
DA:177,4
DA:183,24
DA:185,11
DA:186,11
DA:188,6
DA:189,6
DA:192,5
DA:193,5
DA:195,2
DA:201,24
DA:202,24
DA:204,24
DA:205,1
DA:208,23
DA:216,4
DA:217,121
DA:230,4
DA:231,27
DA:232,2
DA:236,25
DA:237,121
DA:238,1
DA:242,24
DA:250,4
DA:251,26
DA:252,2
DA:256,24
DA:257,27
DA:258,3
DA:262,21
DA:270,4
DA:271,3
DA:272,0
DA:276,3
DA:278,6
DA:281,6
DA:283,6
DA:284,6
DA:287,6
DA:288,4
DA:291,2
DA:296,6
DA:297,0
DA:301,3
DA:321,4
DA:322,33
DA:323,33
DA:324,3
DA:328,30
DA:330,30
DA:331,2
DA:335,28
DA:336,4
DA:340,24
DA:341,1
DA:345,23
DA:346,20
DA:350,3
DA:351,3
DA:354,0
DA:357,0
DA:358,0
DA:367,4
DA:368,15
DA:369,15
DA:370,3
DA:375,12
DA:376,2
DA:378,10
DA:381,12
DA:382,12
DA:385,0
DA:386,0
DA:394,4
DA:395,1
LF:128
LH:115
BRDA:26,0,0,4
BRDA:26,0,1,176
BRDA:26,1,0,180
BRDA:26,1,1,178
BRDA:26,1,2,178
BRDA:41,2,0,20195
BRDA:41,2,1,6
BRDA:46,3,0,6
BRDA:46,3,1,20188
BRDA:46,4,0,20194
BRDA:46,4,1,20190
BRDA:54,5,0,10002
BRDA:54,5,1,10186
BRDA:56,6,0,10183
BRDA:56,6,1,3
BRDA:56,7,0,10186
BRDA:56,7,1,5
BRDA:67,8,0,0
BRDA:67,8,1,20185
BRDA:67,9,0,20185
BRDA:67,9,1,20185
BRDA:67,9,2,2
BRDA:92,10,0,7
BRDA:92,10,1,0
BRDA:108,11,0,0
BRDA:108,11,1,0
BRDA:138,12,0,0
BRDA:138,12,1,0
BRDA:162,13,0,2
BRDA:165,14,0,1
BRDA:165,14,1,30
BRDA:168,15,0,1
BRDA:168,15,1,29
BRDA:171,16,0,1
BRDA:171,16,1,28
BRDA:176,17,0,4
BRDA:176,17,1,24
BRDA:177,18,0,1
BRDA:177,18,1,3
BRDA:183,19,0,11
BRDA:183,19,1,6
BRDA:183,19,2,3
BRDA:183,19,3,5
BRDA:183,19,4,2
BRDA:204,20,0,1
BRDA:204,20,1,23
BRDA:204,21,0,24
BRDA:204,21,1,1
BRDA:217,22,0,121
BRDA:217,22,1,120
BRDA:217,22,2,120
BRDA:217,22,3,120
BRDA:217,22,4,120
BRDA:217,22,5,120
BRDA:231,23,0,2
BRDA:231,23,1,25
BRDA:231,24,0,27
BRDA:231,24,1,27
BRDA:237,25,0,1
BRDA:237,25,1,120
BRDA:251,26,0,2
BRDA:251,26,1,24
BRDA:251,27,0,26
BRDA:251,27,1,26
BRDA:257,28,0,3
BRDA:257,28,1,24
BRDA:271,29,0,0
BRDA:271,29,1,3
BRDA:271,30,0,3
BRDA:271,30,1,3
BRDA:281,31,0,6
BRDA:281,31,1,0
BRDA:281,32,0,6
BRDA:281,32,1,6
BRDA:281,32,2,6
BRDA:284,33,0,6
BRDA:284,33,1,0
BRDA:284,34,0,6
BRDA:284,34,1,6
BRDA:284,34,2,6
BRDA:287,35,0,4
BRDA:287,35,1,2
BRDA:287,36,0,6
BRDA:287,36,1,6
BRDA:287,36,2,6
BRDA:296,37,0,0
BRDA:296,37,1,6
BRDA:323,38,0,3
BRDA:323,38,1,30
BRDA:323,39,0,33
BRDA:323,39,1,30
BRDA:328,40,0,4
BRDA:328,40,1,26
BRDA:330,41,0,2
BRDA:330,41,1,28
BRDA:330,42,0,30
BRDA:330,42,1,30
BRDA:335,43,0,4
BRDA:335,43,1,24
BRDA:335,44,0,28
BRDA:335,44,1,7
BRDA:340,45,0,1
BRDA:340,45,1,23
BRDA:340,46,0,24
BRDA:340,46,1,23
BRDA:345,47,0,20
BRDA:345,47,1,3
BRDA:350,48,0,3
BRDA:350,48,1,0
BRDA:369,49,0,3
BRDA:369,49,1,12
BRDA:375,50,0,2
BRDA:375,50,1,10
BRF:113
BRH:102
end_of_record
